[2023-05-22 16:59:10,285] 14 root - INFO - >>>>>>>>>>>>>>>>>>>> Data Ingestion <<<<<<<<<<<<<<<<<<<<
[2023-05-22 16:59:10,285] 20 root - INFO - Exporting collection data as pandas dataframe
[2023-05-22 16:59:10,285] 20 root - INFO - Reading data from database : aps and collection : sensor
[2023-05-22 16:59:13,634] 22 root - INFO - Found Columns :Index(['_id', 'class', 'aa_000', 'ab_000', 'ac_000', 'ad_000', 'ae_000',
       'af_000', 'ag_000', 'ag_001',
       ...
       'ee_002', 'ee_003', 'ee_004', 'ee_005', 'ee_006', 'ee_007', 'ee_008',
       'ee_009', 'ef_000', 'eg_000'],
      dtype='object', length=172)
[2023-05-22 16:59:13,635] 24 root - INFO - dropping column _id
[2023-05-22 16:59:13,842] 26 root - INFO - row and column in df : (36188, 172)
[2023-05-22 16:59:13,842] 26 root - INFO - Save data in feature store
[2023-05-22 16:59:15,233] 30 root - INFO - Create feature store folder if not available
[2023-05-22 16:59:15,233] 35 root - INFO - Save df to feature store folder
[2023-05-22 16:59:17,112] 39 root - INFO - Split dataset into train and test set
[2023-05-22 16:59:17,425] 43 root - INFO - Create dataset directory if not available
[2023-05-22 16:59:17,426] 48 root - INFO - Save df to feature store folder
[2023-05-22 16:59:19,272] 60 root - INFO - Data ingestion artifact: DataIngestionArtifact(feature_store_file_path='/config/workspace/artifact/052223___165910/data_ingestion/feature_store/sensor.csv', train_file_path='/config/workspace/artifact/052223___165910/data_ingestion/dataset/train.csv', test_file_path='/config/workspace/artifact/052223___165910/data_ingestion/dataset/test.csv')
[2023-05-22 16:59:19,681] 22 root - INFO - >>>>>>>>>>>>>>>>>>>>>>>>>>>>>>>>>>>>>>>> Data Validation <<<<<<<<<<<<<<<<<<<<<<<<<<<<<<<<<<<<<<<<
[2023-05-22 16:59:19,681] 111 root - INFO - Reading base dataframe
[2023-05-22 16:59:21,908] 114 root - INFO - Replace na value in base df
[2023-05-22 16:59:21,909] 116 root - INFO - Drop null values colums from base df
[2023-05-22 16:59:22,139] 45 root - INFO - selecting column name which contains null above to 0.7
[2023-05-22 16:59:22,140] 48 root - INFO - Columns to drop: ['ab_000', 'bn_000', 'bo_000', 'bp_000', 'bq_000', 'br_000', 'cr_000']
[2023-05-22 16:59:22,221] 119 root - INFO - Reading train dataframe
[2023-05-22 16:59:22,618] 121 root - INFO - Reading test dataframe
[2023-05-22 16:59:22,721] 124 root - INFO - Drop null values colums from train df
[2023-05-22 16:59:22,730] 45 root - INFO - selecting column name which contains null above to 0.7
[2023-05-22 16:59:22,730] 48 root - INFO - Columns to drop: ['ab_000', 'bn_000', 'bo_000', 'bp_000', 'bq_000', 'br_000', 'cr_000']
[2023-05-22 16:59:22,740] 126 root - INFO - Drop null values colums from test df
[2023-05-22 16:59:22,744] 45 root - INFO - selecting column name which contains null above to 0.7
[2023-05-22 16:59:22,744] 48 root - INFO - Columns to drop: ['ab_000', 'bn_000', 'bo_000', 'bp_000', 'bq_000', 'br_000', 'cr_000']
[2023-05-22 16:59:22,748] 130 root - INFO - Is all required columns present in train df
[2023-05-22 16:59:22,748] 132 root - INFO - Is all required columns present in test df
[2023-05-22 16:59:22,749] 136 root - INFO - As all column are available in train df hence detecting data drift
[2023-05-22 16:59:22,749] 89 root - INFO - Hypothesis class: object, object 
[2023-05-22 16:59:22,883] 89 root - INFO - Hypothesis aa_000: int64, int64 
[2023-05-22 16:59:22,893] 89 root - INFO - Hypothesis ac_000: object, float64 
