[2023-05-22 16:40:22,553] 14 root - INFO - >>>>>>>>>>>>>>>>>>>> Data Ingestion <<<<<<<<<<<<<<<<<<<<
[2023-05-22 16:40:22,554] 20 root - INFO - Exporting collection data as pandas dataframe
[2023-05-22 16:40:22,554] 20 root - INFO - Reading data from database : aps and collection : sensor
[2023-05-22 16:40:26,761] 22 root - INFO - Found Columns :Index(['_id', 'class', 'aa_000', 'ab_000', 'ac_000', 'ad_000', 'ae_000',
       'af_000', 'ag_000', 'ag_001',
       ...
       'ee_002', 'ee_003', 'ee_004', 'ee_005', 'ee_006', 'ee_007', 'ee_008',
       'ee_009', 'ef_000', 'eg_000'],
      dtype='object', length=172)
[2023-05-22 16:40:26,762] 24 root - INFO - dropping column _id
[2023-05-22 16:40:26,973] 26 root - INFO - row and column in df : (36188, 172)
[2023-05-22 16:40:26,973] 26 root - INFO - Save data in feature store
[2023-05-22 16:40:28,731] 30 root - INFO - Create feature store folder if not available
[2023-05-22 16:40:28,732] 35 root - INFO - Save df to feature store folder
[2023-05-22 16:40:30,760] 39 root - INFO - Split dataset into train and test set
[2023-05-22 16:40:31,171] 43 root - INFO - Create dataset directory if not available
[2023-05-22 16:40:31,172] 48 root - INFO - Save df to feature store folder
[2023-05-22 16:40:33,147] 60 root - INFO - Data ingestion artifact: DataIngestionArtifact(feature_store_file_path='/config/workspace/artifact/052223___164022/data_ingestion/feature_store/sensor.csv', train_file_path='/config/workspace/artifact/052223___164022/data_ingestion/dataset/train.csv', test_file_path='/config/workspace/artifact/052223___164022/data_ingestion/dataset/test.csv')
[2023-05-22 16:40:33,615] 17 root - INFO - >>>>>>>>>>>>>>>>>>>> Data Validation <<<<<<<<<<<<<<<<<<<<
[2023-05-22 16:40:33,615] 115 root - INFO - Reading the base dataframe
[2023-05-22 16:40:35,974] 118 root - INFO - Replace na value in base df
[2023-05-22 16:40:35,975] 120 root - INFO - Drop null values column from base df
[2023-05-22 16:40:36,193] 44 root - INFO - selecting columns name which contains null values above to 0.7
[2023-05-22 16:40:36,194] 47 root - INFO - Columns to drop : Index(['ab_000', 'bk_000', 'bl_000', 'bm_000', 'bn_000', 'bo_000', 'bp_000',
       'bq_000', 'br_000', 'cr_000'],
      dtype='object')
