[2023-05-22 17:35:33,607] 14 root - INFO - >>>>>>>>>>>>>>>>>>>> Data Ingestion <<<<<<<<<<<<<<<<<<<<
[2023-05-22 17:35:33,607] 20 root - INFO - Exporting collection data as pandas dataframe
[2023-05-22 17:35:33,607] 20 root - INFO - Reading data from database : aps and collection : sensor
[2023-05-22 17:35:37,255] 22 root - INFO - Found Columns :Index(['_id', 'class', 'aa_000', 'ab_000', 'ac_000', 'ad_000', 'ae_000',
       'af_000', 'ag_000', 'ag_001',
       ...
       'ee_002', 'ee_003', 'ee_004', 'ee_005', 'ee_006', 'ee_007', 'ee_008',
       'ee_009', 'ef_000', 'eg_000'],
      dtype='object', length=172)
[2023-05-22 17:35:37,256] 24 root - INFO - dropping column _id
[2023-05-22 17:35:37,470] 26 root - INFO - row and column in df : (36188, 172)
[2023-05-22 17:35:37,471] 26 root - INFO - Save data in feature store
[2023-05-22 17:35:39,202] 30 root - INFO - Create feature store folder if not available
[2023-05-22 17:35:39,202] 35 root - INFO - Save df to feature store folder
[2023-05-22 17:35:41,199] 39 root - INFO - Split dataset into train and test set
[2023-05-22 17:35:41,602] 43 root - INFO - Create dataset directory if not available
[2023-05-22 17:35:41,603] 48 root - INFO - Save df to feature store folder
[2023-05-22 17:35:43,656] 60 root - INFO - Data ingestion artifact: DataIngestionArtifact(feature_store_file_path='/config/workspace/artifact/052223___173533/data_ingestion/feature_store/sensor.csv', train_file_path='/config/workspace/artifact/052223___173533/data_ingestion/dataset/train.csv', test_file_path='/config/workspace/artifact/052223___173533/data_ingestion/dataset/test.csv')
[2023-05-22 17:35:44,095] 17 root - INFO - >>>>>>>>>>>>>>>>>>>> Data Validation <<<<<<<<<<<<<<<<<<<<
[2023-05-22 17:35:44,095] 115 root - INFO - Reading the base dataframe
[2023-05-22 17:35:46,453] 118 root - INFO - Replace na value in base df
[2023-05-22 17:35:46,453] 120 root - INFO - Drop null values column from base df
[2023-05-22 17:35:46,688] 44 root - INFO - selecting columns name which contains null values above to 0.7
[2023-05-22 17:35:46,689] 47 root - INFO - Columns to drop : Index(['ab_000', 'bk_000', 'bl_000', 'bm_000', 'bn_000', 'bo_000', 'bp_000',
       'bq_000', 'br_000', 'cr_000'],
      dtype='object')
[2023-05-22 17:35:46,781] 123 root - INFO - Reading train dataframe
[2023-05-22 17:35:47,182] 125 root - INFO - reading test dataframe
[2023-05-22 17:35:47,286] 128 root - INFO - Drop null values columns from train df
[2023-05-22 17:35:47,295] 44 root - INFO - selecting columns name which contains null values above to 0.7
[2023-05-22 17:35:47,296] 47 root - INFO - Columns to drop : Index(['ab_000', 'bk_000', 'bl_000', 'bm_000', 'bn_000', 'bo_000', 'bp_000',
       'bq_000', 'br_000', 'cr_000'],
      dtype='object')
[2023-05-22 17:35:47,307] 130 root - INFO - Drop null values columns from test df
[2023-05-22 17:35:47,310] 44 root - INFO - selecting columns name which contains null values above to 0.7
[2023-05-22 17:35:47,311] 47 root - INFO - Columns to drop : Index(['ab_000', 'bk_000', 'bl_000', 'bm_000', 'bn_000', 'bo_000', 'bp_000',
       'bq_000', 'br_000', 'cr_000'],
      dtype='object')
[2023-05-22 17:35:47,313] 133 root - INFO - Is all required columns present in train df
[2023-05-22 17:35:47,314] 135 root - INFO - Is all required columns present in test df
[2023-05-22 17:35:47,314] 139 root - INFO - As all columns are available in train df hence detecting data drift
