[2023-05-22 22:10:25,728] 14 root - INFO - >>>>>>>>>>>>>>>>>>>> Data Ingestion <<<<<<<<<<<<<<<<<<<<
[2023-05-22 22:10:25,728] 20 root - INFO - Exporting collection data as pandas dataframe
[2023-05-22 22:10:25,728] 20 root - INFO - Reading data from database : aps and collection : sensor
[2023-05-22 22:10:29,115] 22 root - INFO - Found Columns :Index(['_id', 'class', 'aa_000', 'ab_000', 'ac_000', 'ad_000', 'ae_000',
       'af_000', 'ag_000', 'ag_001',
       ...
       'ee_002', 'ee_003', 'ee_004', 'ee_005', 'ee_006', 'ee_007', 'ee_008',
       'ee_009', 'ef_000', 'eg_000'],
      dtype='object', length=172)
[2023-05-22 22:10:29,116] 24 root - INFO - dropping column _id
[2023-05-22 22:10:29,338] 26 root - INFO - row and column in df : (36188, 172)
[2023-05-22 22:10:29,338] 26 root - INFO - Save data in feature store
[2023-05-22 22:10:30,727] 30 root - INFO - Create feature store folder if not available
[2023-05-22 22:10:30,727] 35 root - INFO - Save df to feature store folder
[2023-05-22 22:10:32,596] 39 root - INFO - Split dataset into train and test set
[2023-05-22 22:10:32,918] 43 root - INFO - Create dataset directory if not available
[2023-05-22 22:10:32,919] 48 root - INFO - Save df to feature store folder
[2023-05-22 22:10:34,815] 60 root - INFO - Data ingestion artifact: DataIngestionArtifact(feature_store_file_path='/config/workspace/artifact/052223___221025/data_ingestion/feature_store/sensor.csv', train_file_path='/config/workspace/artifact/052223___221025/data_ingestion/dataset/train.csv', test_file_path='/config/workspace/artifact/052223___221025/data_ingestion/dataset/test.csv')
[2023-05-22 22:10:35,242] 21 root - INFO - >>>>>>>>>>>>>>>>>>>>>>>>>>>>>>>>>>>>>>>> Data Validation <<<<<<<<<<<<<<<<<<<<<<<<<<<<<<<<<<<<<<<<
[2023-05-22 22:10:35,243] 110 root - INFO - Reading base dataframe
[2023-05-22 22:10:37,571] 113 root - INFO - Replace na value in base df
[2023-05-22 22:10:37,571] 115 root - INFO - Drop null values colums from base df
[2023-05-22 22:10:37,795] 44 root - INFO - selecting column name which contains null above to 0.7
[2023-05-22 22:10:37,796] 47 root - INFO - Columns to drop: ['ab_000', 'bn_000', 'bo_000', 'bp_000', 'bq_000', 'br_000', 'cr_000']
[2023-05-22 22:10:37,888] 118 root - INFO - Reading train dataframe
[2023-05-22 22:10:38,279] 120 root - INFO - Reading test dataframe
[2023-05-22 22:10:38,380] 123 root - INFO - Drop null values colums from train df
[2023-05-22 22:10:38,389] 44 root - INFO - selecting column name which contains null above to 0.7
[2023-05-22 22:10:38,389] 47 root - INFO - Columns to drop: ['ab_000', 'bn_000', 'bo_000', 'bp_000', 'bq_000', 'br_000', 'cr_000']
[2023-05-22 22:10:38,403] 125 root - INFO - Drop null values colums from test df
[2023-05-22 22:10:38,406] 44 root - INFO - selecting column name which contains null above to 0.7
[2023-05-22 22:10:38,407] 47 root - INFO - Columns to drop: ['ab_000', 'bn_000', 'bo_000', 'bp_000', 'bq_000', 'br_000', 'cr_000']
