[2023-05-23 13:55:31,030] 22 root - INFO - Exporting collection data as pandas dataframe
[2023-05-23 13:55:31,030] 20 root - INFO - Reading data from database : aps and collection : sensor
[2023-05-23 13:55:35,084] 22 root - INFO - Found Columns :Index(['_id', 'class', 'aa_000', 'ab_000', 'ac_000', 'ad_000', 'ae_000',
       'af_000', 'ag_000', 'ag_001',
       ...
       'ee_002', 'ee_003', 'ee_004', 'ee_005', 'ee_006', 'ee_007', 'ee_008',
       'ee_009', 'ef_000', 'eg_000'],
      dtype='object', length=172)
[2023-05-23 13:55:35,085] 24 root - INFO - dropping column _id
[2023-05-23 13:55:35,281] 26 root - INFO - row and column in df : (36188, 172)
[2023-05-23 13:55:35,281] 28 root - INFO - Save data in feature store
[2023-05-23 13:55:36,726] 34 root - INFO - Create feature store folder if not available
[2023-05-23 13:55:36,726] 38 root - INFO - Save df to feature store folder
[2023-05-23 13:55:38,599] 43 root - INFO - split dataset into train and test set
[2023-05-23 13:55:38,926] 47 root - INFO - create dataset directory folder if not available
[2023-05-23 13:55:38,926] 52 root - INFO - Save df to feature store folder
[2023-05-23 13:55:40,839] 64 root - INFO - Data ingestion artifact: DataIngestionArtifact(feature_store_file_path='/config/workspace/artifact/052323___135531/data_ingestion/feature_store/sensor.csv', train_file_path='/config/workspace/artifact/052323___135531/data_ingestion/dataset/train.csv', test_file_path='/config/workspace/artifact/052323___135531/data_ingestion/dataset/test.csv')
[2023-05-23 13:55:41,294] 21 root - INFO - >>>>>>>>>>>>>>>>>>>>>>>>>>>>>>>>>>>>>>>> Data Validation <<<<<<<<<<<<<<<<<<<<<<<<<<<<<<<<<<<<<<<<
[2023-05-23 13:55:41,294] 110 root - INFO - Reading base dataframe
[2023-05-23 13:55:43,543] 113 root - INFO - Replace na value in base df
[2023-05-23 13:55:43,543] 115 root - INFO - Drop null values colums from base df
[2023-05-23 13:55:43,762] 44 root - INFO - selecting column name which contains null above to 0.7
[2023-05-23 13:55:43,762] 47 root - INFO - Columns to drop: ['ab_000', 'bn_000', 'bo_000', 'bp_000', 'bq_000', 'br_000', 'cr_000']
[2023-05-23 13:55:43,853] 118 root - INFO - Reading train dataframe
[2023-05-23 13:55:44,237] 120 root - INFO - Reading test dataframe
[2023-05-23 13:55:44,340] 123 root - INFO - Drop null values colums from train df
[2023-05-23 13:55:44,349] 44 root - INFO - selecting column name which contains null above to 0.7
[2023-05-23 13:55:44,349] 47 root - INFO - Columns to drop: ['ab_000', 'bn_000', 'bo_000', 'bp_000', 'bq_000', 'br_000', 'cr_000']
[2023-05-23 13:55:44,363] 125 root - INFO - Drop null values colums from test df
[2023-05-23 13:55:44,366] 44 root - INFO - selecting column name which contains null above to 0.7
[2023-05-23 13:55:44,367] 47 root - INFO - Columns to drop: ['ab_000', 'bn_000', 'bo_000', 'bp_000', 'bq_000', 'br_000', 'cr_000']
