[2023-05-23 14:22:18,649] 22 root - INFO - Exporting collection data as pandas dataframe
[2023-05-23 14:22:18,650] 20 root - INFO - Reading data from database : aps and collection : sensor
[2023-05-23 14:22:24,144] 22 root - INFO - Found Columns :Index(['_id', 'class', 'aa_000', 'ab_000', 'ac_000', 'ad_000', 'ae_000',
       'af_000', 'ag_000', 'ag_001',
       ...
       'ee_002', 'ee_003', 'ee_004', 'ee_005', 'ee_006', 'ee_007', 'ee_008',
       'ee_009', 'ef_000', 'eg_000'],
      dtype='object', length=172)
[2023-05-23 14:22:24,146] 24 root - INFO - dropping column _id
[2023-05-23 14:22:24,500] 26 root - INFO - row and column in df : (36188, 172)
[2023-05-23 14:22:24,500] 28 root - INFO - Save data in feature store
[2023-05-23 14:22:26,743] 34 root - INFO - Create feature store folder if not available
[2023-05-23 14:22:26,744] 38 root - INFO - Save df to feature store folder
[2023-05-23 14:22:29,726] 43 root - INFO - split dataset into train and test set
[2023-05-23 14:22:30,280] 47 root - INFO - create dataset directory folder if not available
[2023-05-23 14:22:30,280] 52 root - INFO - Save df to feature store folder
[2023-05-23 14:22:33,081] 64 root - INFO - Data ingestion artifact: DataIngestionArtifact(feature_store_file_path='/config/workspace/artifact/052323___142218/data_ingestion/feature_store/sensor.csv', train_file_path='/config/workspace/artifact/052323___142218/data_ingestion/dataset/train.csv', test_file_path='/config/workspace/artifact/052323___142218/data_ingestion/dataset/test.csv')
[2023-05-23 14:22:33,690] 21 root - INFO - >>>>>>>>>>>>>>>>>>>>>>>>>>>>>>>>>>>>>>>> Data Validation <<<<<<<<<<<<<<<<<<<<<<<<<<<<<<<<<<<<<<<<
[2023-05-23 14:22:33,691] 110 root - INFO - Reading base dataframe
[2023-05-23 14:22:36,915] 113 root - INFO - Replace na value in base df
[2023-05-23 14:22:36,916] 115 root - INFO - Drop null values colums from base df
[2023-05-23 14:22:37,261] 44 root - INFO - selecting column name which contains null above to 0.7
[2023-05-23 14:22:37,261] 47 root - INFO - Columns to drop: ['ab_000', 'bn_000', 'bo_000', 'bp_000', 'bq_000', 'br_000', 'cr_000']
[2023-05-23 14:22:37,372] 118 root - INFO - Reading train dataframe
[2023-05-23 14:22:37,961] 120 root - INFO - Reading test dataframe
[2023-05-23 14:22:38,122] 123 root - INFO - Drop null values colums from train df
[2023-05-23 14:22:38,137] 44 root - INFO - selecting column name which contains null above to 0.7
[2023-05-23 14:22:38,138] 47 root - INFO - Columns to drop: ['ab_000', 'bn_000', 'bo_000', 'bp_000', 'bq_000', 'br_000', 'cr_000']
[2023-05-23 14:22:38,152] 125 root - INFO - Drop null values colums from test df
[2023-05-23 14:22:38,157] 44 root - INFO - selecting column name which contains null above to 0.7
[2023-05-23 14:22:38,158] 47 root - INFO - Columns to drop: ['ab_000', 'bn_000', 'bo_000', 'bp_000', 'bq_000', 'br_000', 'cr_000']
