[2023-05-23 16:05:34,342] 22 root - INFO - Exporting collection data as pandas dataframe
[2023-05-23 16:05:34,342] 20 root - INFO - Reading data from database : aps and collection : sensor
[2023-05-23 16:05:39,581] 22 root - INFO - Found Columns :Index(['_id', 'class', 'aa_000', 'ab_000', 'ac_000', 'ad_000', 'ae_000',
       'af_000', 'ag_000', 'ag_001',
       ...
       'ee_002', 'ee_003', 'ee_004', 'ee_005', 'ee_006', 'ee_007', 'ee_008',
       'ee_009', 'ef_000', 'eg_000'],
      dtype='object', length=172)
[2023-05-23 16:05:39,581] 24 root - INFO - dropping column _id
[2023-05-23 16:05:39,939] 26 root - INFO - row and column in df : (36188, 172)
[2023-05-23 16:05:39,939] 28 root - INFO - Save data in feature store
[2023-05-23 16:05:42,135] 34 root - INFO - Create feature store folder if not available
[2023-05-23 16:05:42,135] 38 root - INFO - Save df to feature store folder
[2023-05-23 16:05:44,990] 43 root - INFO - split dataset into train and test set
[2023-05-23 16:05:45,480] 47 root - INFO - create dataset directory folder if not available
[2023-05-23 16:05:45,481] 52 root - INFO - Save df to feature store folder
[2023-05-23 16:05:48,367] 64 root - INFO - Data ingestion artifact: DataIngestionArtifact(feature_store_file_path='/config/workspace/artifact/052323___160534/data_ingestion/feature_store/sensor.csv', train_file_path='/config/workspace/artifact/052323___160534/data_ingestion/dataset/train.csv', test_file_path='/config/workspace/artifact/052323___160534/data_ingestion/dataset/test.csv')
[2023-05-23 16:05:49,001] 21 root - INFO - >>>>>>>>>>>>>>>>>>>>>>>>>>>>>>>>>>>>>>>> Data Validation <<<<<<<<<<<<<<<<<<<<<<<<<<<<<<<<<<<<<<<<
[2023-05-23 16:05:49,002] 110 root - INFO - Reading base dataframe
[2023-05-23 16:05:52,255] 113 root - INFO - Replace na value in base df
[2023-05-23 16:05:52,255] 115 root - INFO - Drop null values colums from base df
[2023-05-23 16:05:52,592] 44 root - INFO - selecting column name which contains null above to 0.7
[2023-05-23 16:05:52,593] 47 root - INFO - Columns to drop: ['ab_000', 'bn_000', 'bo_000', 'bp_000', 'bq_000', 'br_000', 'cr_000']
[2023-05-23 16:05:52,709] 118 root - INFO - Reading train dataframe
[2023-05-23 16:05:53,268] 120 root - INFO - Reading test dataframe
[2023-05-23 16:05:53,417] 123 root - INFO - Drop null values colums from train df
[2023-05-23 16:05:53,430] 44 root - INFO - selecting column name which contains null above to 0.7
[2023-05-23 16:05:53,431] 47 root - INFO - Columns to drop: ['ab_000', 'bn_000', 'bo_000', 'bp_000', 'bq_000', 'br_000', 'cr_000']
[2023-05-23 16:05:53,449] 125 root - INFO - Drop null values colums from test df
[2023-05-23 16:05:53,454] 44 root - INFO - selecting column name which contains null above to 0.7
[2023-05-23 16:05:53,454] 47 root - INFO - Columns to drop: ['ab_000', 'bn_000', 'bo_000', 'bp_000', 'bq_000', 'br_000', 'cr_000']
