[2023-05-23 18:39:53,214] 22 root - INFO - Exporting collection data as pandas dataframe
[2023-05-23 18:39:53,214] 20 root - INFO - Reading data from database : aps and collection : sensor
[2023-05-23 18:39:59,086] 22 root - INFO - Found Columns :Index(['_id', 'class', 'aa_000', 'ab_000', 'ac_000', 'ad_000', 'ae_000',
       'af_000', 'ag_000', 'ag_001',
       ...
       'ee_002', 'ee_003', 'ee_004', 'ee_005', 'ee_006', 'ee_007', 'ee_008',
       'ee_009', 'ef_000', 'eg_000'],
      dtype='object', length=172)
[2023-05-23 18:39:59,087] 24 root - INFO - dropping column _id
[2023-05-23 18:39:59,439] 26 root - INFO - row and column in df : (36188, 172)
[2023-05-23 18:39:59,439] 28 root - INFO - Save data in feature store
[2023-05-23 18:40:01,979] 34 root - INFO - Create feature store folder if not available
[2023-05-23 18:40:01,980] 38 root - INFO - Save df to feature store folder
[2023-05-23 18:40:04,958] 43 root - INFO - split dataset into train and test set
[2023-05-23 18:40:05,563] 47 root - INFO - create dataset directory folder if not available
[2023-05-23 18:40:05,563] 52 root - INFO - Save df to feature store folder
[2023-05-23 18:40:08,584] 64 root - INFO - Data ingestion artifact: DataIngestionArtifact(feature_store_file_path='/config/workspace/artifact/052323___183953/data_ingestion/feature_store/sensor.csv', train_file_path='/config/workspace/artifact/052323___183953/data_ingestion/dataset/train.csv', test_file_path='/config/workspace/artifact/052323___183953/data_ingestion/dataset/test.csv')
[2023-05-23 18:40:09,425] 21 root - INFO - >>>>>>>>>>>>>>>>>>>>>>>>>>>>>>>>>>>>>>>> Data Validation <<<<<<<<<<<<<<<<<<<<<<<<<<<<<<<<<<<<<<<<
[2023-05-23 18:40:09,426] 110 root - INFO - Reading base dataframe
[2023-05-23 18:40:12,868] 113 root - INFO - Replace na value in base df
[2023-05-23 18:40:12,868] 115 root - INFO - Drop null values colums from base df
[2023-05-23 18:40:13,216] 44 root - INFO - selecting column name which contains null above to 0.7
[2023-05-23 18:40:13,216] 47 root - INFO - Columns to drop: ['ab_000', 'bn_000', 'bo_000', 'bp_000', 'bq_000', 'br_000', 'cr_000']
[2023-05-23 18:40:13,334] 118 root - INFO - Reading train dataframe
[2023-05-23 18:40:13,924] 120 root - INFO - Reading test dataframe
[2023-05-23 18:40:14,077] 123 root - INFO - Drop null values colums from train df
[2023-05-23 18:40:14,091] 44 root - INFO - selecting column name which contains null above to 0.7
[2023-05-23 18:40:14,092] 47 root - INFO - Columns to drop: ['ab_000', 'bn_000', 'bo_000', 'bp_000', 'bq_000', 'br_000', 'cr_000']
[2023-05-23 18:40:14,110] 125 root - INFO - Drop null values colums from test df
[2023-05-23 18:40:14,115] 44 root - INFO - selecting column name which contains null above to 0.7
[2023-05-23 18:40:14,116] 47 root - INFO - Columns to drop: ['ab_000', 'bn_000', 'bo_000', 'bp_000', 'bq_000', 'br_000', 'cr_000']
[2023-05-23 18:40:15,484] 134 root - INFO - Is all required columns present in train df
[2023-05-23 18:40:15,485] 136 root - INFO - Is all required columns present in test df
[2023-05-23 18:40:15,485] 140 root - INFO - As all column are available in train df hence detecting data drift
[2023-05-23 18:40:15,486] 88 root - INFO - Hypothesis class: object, object 
[2023-05-23 18:40:15,694] 88 root - INFO - Hypothesis aa_000: float64, float64 
[2023-05-23 18:40:15,753] 88 root - INFO - Hypothesis ac_000: float64, float64 
[2023-05-23 18:40:15,764] 88 root - INFO - Hypothesis ad_000: float64, float64 
[2023-05-23 18:40:15,817] 88 root - INFO - Hypothesis ae_000: float64, float64 
[2023-05-23 18:40:15,869] 88 root - INFO - Hypothesis af_000: float64, float64 
[2023-05-23 18:40:15,917] 88 root - INFO - Hypothesis ag_000: float64, float64 
[2023-05-23 18:40:15,965] 88 root - INFO - Hypothesis ag_001: float64, float64 
[2023-05-23 18:40:16,012] 88 root - INFO - Hypothesis ag_002: float64, float64 
[2023-05-23 18:40:16,062] 88 root - INFO - Hypothesis ag_003: float64, float64 
[2023-05-23 18:40:16,071] 88 root - INFO - Hypothesis ag_004: float64, float64 
[2023-05-23 18:40:16,130] 88 root - INFO - Hypothesis ag_005: float64, float64 
[2023-05-23 18:40:16,144] 88 root - INFO - Hypothesis ag_006: float64, float64 
[2023-05-23 18:40:16,157] 88 root - INFO - Hypothesis ag_007: float64, float64 
[2023-05-23 18:40:16,169] 88 root - INFO - Hypothesis ag_008: float64, float64 
[2023-05-23 18:40:16,181] 88 root - INFO - Hypothesis ag_009: float64, float64 
[2023-05-23 18:40:16,231] 88 root - INFO - Hypothesis ah_000: float64, float64 
[2023-05-23 18:40:16,286] 88 root - INFO - Hypothesis ai_000: float64, float64 
[2023-05-23 18:40:16,335] 88 root - INFO - Hypothesis aj_000: float64, float64 
[2023-05-23 18:40:16,391] 88 root - INFO - Hypothesis ak_000: float64, float64 
[2023-05-23 18:40:16,440] 88 root - INFO - Hypothesis al_000: float64, float64 
[2023-05-23 18:40:16,492] 88 root - INFO - Hypothesis am_0: float64, float64 
[2023-05-23 18:40:16,544] 88 root - INFO - Hypothesis an_000: float64, float64 
[2023-05-23 18:40:16,600] 88 root - INFO - Hypothesis ao_000: float64, float64 
[2023-05-23 18:40:16,655] 88 root - INFO - Hypothesis ap_000: float64, float64 
[2023-05-23 18:40:16,673] 88 root - INFO - Hypothesis aq_000: float64, float64 
[2023-05-23 18:40:16,687] 88 root - INFO - Hypothesis ar_000: float64, float64 
[2023-05-23 18:40:16,735] 88 root - INFO - Hypothesis as_000: float64, float64 
[2023-05-23 18:40:16,783] 88 root - INFO - Hypothesis at_000: float64, float64 
[2023-05-23 18:40:16,838] 88 root - INFO - Hypothesis au_000: float64, float64 
[2023-05-23 18:40:16,892] 88 root - INFO - Hypothesis av_000: float64, float64 
[2023-05-23 18:40:16,951] 88 root - INFO - Hypothesis ax_000: float64, float64 
[2023-05-23 18:40:16,962] 88 root - INFO - Hypothesis ay_000: float64, float64 
[2023-05-23 18:40:17,009] 88 root - INFO - Hypothesis ay_001: float64, float64 
[2023-05-23 18:40:17,057] 88 root - INFO - Hypothesis ay_002: float64, float64 
[2023-05-23 18:40:17,105] 88 root - INFO - Hypothesis ay_003: float64, float64 
[2023-05-23 18:40:17,153] 88 root - INFO - Hypothesis ay_004: float64, float64 
[2023-05-23 18:40:17,205] 88 root - INFO - Hypothesis ay_005: float64, float64 
[2023-05-23 18:40:17,216] 88 root - INFO - Hypothesis ay_006: float64, float64 
[2023-05-23 18:40:17,228] 88 root - INFO - Hypothesis ay_007: float64, float64 
[2023-05-23 18:40:17,241] 88 root - INFO - Hypothesis ay_008: float64, float64 
[2023-05-23 18:40:17,257] 88 root - INFO - Hypothesis ay_009: float64, float64 
[2023-05-23 18:40:17,308] 88 root - INFO - Hypothesis az_000: float64, float64 
[2023-05-23 18:40:17,322] 88 root - INFO - Hypothesis az_001: float64, float64 
[2023-05-23 18:40:17,334] 88 root - INFO - Hypothesis az_002: float64, float64 
[2023-05-23 18:40:17,346] 88 root - INFO - Hypothesis az_003: float64, float64 
[2023-05-23 18:40:17,359] 88 root - INFO - Hypothesis az_004: float64, float64 
[2023-05-23 18:40:17,373] 88 root - INFO - Hypothesis az_005: float64, float64 
[2023-05-23 18:40:17,387] 88 root - INFO - Hypothesis az_006: float64, float64 
[2023-05-23 18:40:17,399] 88 root - INFO - Hypothesis az_007: float64, float64 
[2023-05-23 18:40:17,449] 88 root - INFO - Hypothesis az_008: float64, float64 
[2023-05-23 18:40:17,499] 88 root - INFO - Hypothesis az_009: float64, float64 
[2023-05-23 18:40:17,550] 88 root - INFO - Hypothesis ba_000: float64, float64 
[2023-05-23 18:40:17,564] 88 root - INFO - Hypothesis ba_001: float64, float64 
[2023-05-23 18:40:17,577] 88 root - INFO - Hypothesis ba_002: float64, float64 
[2023-05-23 18:40:17,591] 88 root - INFO - Hypothesis ba_003: float64, float64 
[2023-05-23 18:40:17,646] 88 root - INFO - Hypothesis ba_004: float64, float64 
[2023-05-23 18:40:17,701] 88 root - INFO - Hypothesis ba_005: float64, float64 
[2023-05-23 18:40:17,757] 88 root - INFO - Hypothesis ba_006: float64, float64 
[2023-05-23 18:40:17,774] 88 root - INFO - Hypothesis ba_007: float64, float64 
[2023-05-23 18:40:17,786] 88 root - INFO - Hypothesis ba_008: float64, float64 
[2023-05-23 18:40:17,797] 88 root - INFO - Hypothesis ba_009: float64, float64 
[2023-05-23 18:40:17,848] 88 root - INFO - Hypothesis bb_000: float64, float64 
[2023-05-23 18:40:17,911] 88 root - INFO - Hypothesis bc_000: float64, float64 
[2023-05-23 18:40:17,963] 88 root - INFO - Hypothesis bd_000: float64, float64 
[2023-05-23 18:40:17,975] 88 root - INFO - Hypothesis be_000: float64, float64 
[2023-05-23 18:40:17,986] 88 root - INFO - Hypothesis bf_000: float64, float64 
[2023-05-23 18:40:18,041] 88 root - INFO - Hypothesis bg_000: float64, float64 
[2023-05-23 18:40:18,099] 88 root - INFO - Hypothesis bh_000: float64, float64 
[2023-05-23 18:40:18,113] 88 root - INFO - Hypothesis bi_000: float64, float64 
[2023-05-23 18:40:18,172] 88 root - INFO - Hypothesis bj_000: float64, float64 
[2023-05-23 18:40:18,186] 88 root - INFO - Hypothesis bk_000: float64, float64 
[2023-05-23 18:40:18,244] 88 root - INFO - Hypothesis bl_000: float64, float64 
[2023-05-23 18:40:18,254] 88 root - INFO - Hypothesis bm_000: float64, float64 
[2023-05-23 18:40:18,307] 88 root - INFO - Hypothesis bs_000: float64, float64 
[2023-05-23 18:40:18,377] 88 root - INFO - Hypothesis bt_000: float64, float64 
[2023-05-23 18:40:18,390] 88 root - INFO - Hypothesis bu_000: float64, float64 
[2023-05-23 18:40:18,446] 88 root - INFO - Hypothesis bv_000: float64, float64 
[2023-05-23 18:40:18,505] 88 root - INFO - Hypothesis bx_000: float64, float64 
[2023-05-23 18:40:18,518] 88 root - INFO - Hypothesis by_000: float64, float64 
[2023-05-23 18:40:18,531] 88 root - INFO - Hypothesis bz_000: float64, float64 
[2023-05-23 18:40:18,543] 88 root - INFO - Hypothesis ca_000: float64, float64 
[2023-05-23 18:40:18,598] 88 root - INFO - Hypothesis cb_000: float64, float64 
[2023-05-23 18:40:18,657] 88 root - INFO - Hypothesis cc_000: float64, float64 
[2023-05-23 18:40:18,670] 88 root - INFO - Hypothesis cd_000: float64, float64 
[2023-05-23 18:40:18,678] 88 root - INFO - Hypothesis ce_000: float64, float64 
[2023-05-23 18:40:18,732] 88 root - INFO - Hypothesis cf_000: float64, float64 
[2023-05-23 18:40:18,781] 88 root - INFO - Hypothesis cg_000: float64, float64 
[2023-05-23 18:40:18,791] 88 root - INFO - Hypothesis ch_000: float64, float64 
[2023-05-23 18:40:18,844] 88 root - INFO - Hypothesis ci_000: float64, float64 
[2023-05-23 18:40:18,858] 88 root - INFO - Hypothesis cj_000: float64, float64 
[2023-05-23 18:40:18,911] 88 root - INFO - Hypothesis ck_000: float64, float64 
[2023-05-23 18:40:18,925] 88 root - INFO - Hypothesis cl_000: float64, float64 
[2023-05-23 18:40:18,975] 88 root - INFO - Hypothesis cm_000: float64, float64 
[2023-05-23 18:40:19,026] 88 root - INFO - Hypothesis cn_000: float64, float64 
[2023-05-23 18:40:19,074] 88 root - INFO - Hypothesis cn_001: float64, float64 
[2023-05-23 18:40:19,124] 88 root - INFO - Hypothesis cn_002: float64, float64 
[2023-05-23 18:40:19,181] 88 root - INFO - Hypothesis cn_003: float64, float64 
[2023-05-23 18:40:19,195] 88 root - INFO - Hypothesis cn_004: float64, float64 
[2023-05-23 18:40:19,208] 88 root - INFO - Hypothesis cn_005: float64, float64 
[2023-05-23 18:40:19,221] 88 root - INFO - Hypothesis cn_006: float64, float64 
[2023-05-23 18:40:19,234] 88 root - INFO - Hypothesis cn_007: float64, float64 
[2023-05-23 18:40:19,290] 88 root - INFO - Hypothesis cn_008: float64, float64 
[2023-05-23 18:40:19,302] 88 root - INFO - Hypothesis cn_009: float64, float64 
[2023-05-23 18:40:19,355] 88 root - INFO - Hypothesis co_000: float64, float64 
[2023-05-23 18:40:19,409] 88 root - INFO - Hypothesis cp_000: float64, float64 
[2023-05-23 18:40:19,420] 88 root - INFO - Hypothesis cq_000: float64, float64 
[2023-05-23 18:40:19,479] 88 root - INFO - Hypothesis cs_000: float64, float64 
[2023-05-23 18:40:19,492] 88 root - INFO - Hypothesis cs_001: float64, float64 
[2023-05-23 18:40:19,504] 88 root - INFO - Hypothesis cs_002: float64, float64 
[2023-05-23 18:40:19,517] 88 root - INFO - Hypothesis cs_003: float64, float64 
[2023-05-23 18:40:19,530] 88 root - INFO - Hypothesis cs_004: float64, float64 
[2023-05-23 18:40:19,543] 88 root - INFO - Hypothesis cs_005: float64, float64 
[2023-05-23 18:40:19,599] 88 root - INFO - Hypothesis cs_006: float64, float64 
[2023-05-23 18:40:19,612] 88 root - INFO - Hypothesis cs_007: float64, float64 
[2023-05-23 18:40:19,626] 88 root - INFO - Hypothesis cs_008: float64, float64 
[2023-05-23 18:40:19,678] 88 root - INFO - Hypothesis cs_009: float64, float64 
[2023-05-23 18:40:19,726] 88 root - INFO - Hypothesis ct_000: float64, float64 
[2023-05-23 18:40:19,740] 88 root - INFO - Hypothesis cu_000: float64, float64 
[2023-05-23 18:40:19,792] 88 root - INFO - Hypothesis cv_000: float64, float64 
[2023-05-23 18:40:19,846] 88 root - INFO - Hypothesis cx_000: float64, float64 
[2023-05-23 18:40:19,857] 88 root - INFO - Hypothesis cy_000: float64, float64 
[2023-05-23 18:40:19,907] 88 root - INFO - Hypothesis cz_000: float64, float64 
[2023-05-23 18:40:19,963] 88 root - INFO - Hypothesis da_000: float64, float64 
[2023-05-23 18:40:20,012] 88 root - INFO - Hypothesis db_000: float64, float64 
[2023-05-23 18:40:20,061] 88 root - INFO - Hypothesis dc_000: float64, float64 
[2023-05-23 18:40:20,114] 88 root - INFO - Hypothesis dd_000: float64, float64 
[2023-05-23 18:40:20,131] 88 root - INFO - Hypothesis de_000: float64, float64 
[2023-05-23 18:40:20,142] 88 root - INFO - Hypothesis df_000: float64, float64 
[2023-05-23 18:40:20,190] 88 root - INFO - Hypothesis dg_000: float64, float64 
[2023-05-23 18:40:20,238] 88 root - INFO - Hypothesis dh_000: float64, float64 
[2023-05-23 18:40:20,287] 88 root - INFO - Hypothesis di_000: float64, float64 
[2023-05-23 18:40:20,337] 88 root - INFO - Hypothesis dj_000: float64, float64 
[2023-05-23 18:40:20,389] 88 root - INFO - Hypothesis dk_000: float64, float64 
[2023-05-23 18:40:20,440] 88 root - INFO - Hypothesis dl_000: float64, float64 
[2023-05-23 18:40:20,489] 88 root - INFO - Hypothesis dm_000: float64, float64 
[2023-05-23 18:40:20,538] 88 root - INFO - Hypothesis dn_000: float64, float64 
[2023-05-23 18:40:20,551] 88 root - INFO - Hypothesis do_000: float64, float64 
[2023-05-23 18:40:20,609] 88 root - INFO - Hypothesis dp_000: float64, float64 
[2023-05-23 18:40:20,621] 88 root - INFO - Hypothesis dq_000: float64, float64 
[2023-05-23 18:40:20,671] 88 root - INFO - Hypothesis dr_000: float64, float64 
[2023-05-23 18:40:20,723] 88 root - INFO - Hypothesis ds_000: float64, float64 
[2023-05-23 18:40:20,778] 88 root - INFO - Hypothesis dt_000: float64, float64 
[2023-05-23 18:40:20,837] 88 root - INFO - Hypothesis du_000: float64, float64 
[2023-05-23 18:40:20,849] 88 root - INFO - Hypothesis dv_000: float64, float64 
[2023-05-23 18:40:20,862] 88 root - INFO - Hypothesis dx_000: float64, float64 
[2023-05-23 18:40:20,913] 88 root - INFO - Hypothesis dy_000: float64, float64 
[2023-05-23 18:40:20,968] 88 root - INFO - Hypothesis dz_000: float64, float64 
[2023-05-23 18:40:21,016] 88 root - INFO - Hypothesis ea_000: float64, float64 
[2023-05-23 18:40:21,064] 88 root - INFO - Hypothesis eb_000: float64, float64 
[2023-05-23 18:40:21,075] 88 root - INFO - Hypothesis ec_00: float64, float64 
[2023-05-23 18:40:21,088] 88 root - INFO - Hypothesis ed_000: float64, float64 
[2023-05-23 18:40:21,100] 88 root - INFO - Hypothesis ee_000: float64, float64 
[2023-05-23 18:40:21,113] 88 root - INFO - Hypothesis ee_001: float64, float64 
[2023-05-23 18:40:21,126] 88 root - INFO - Hypothesis ee_002: float64, float64 
[2023-05-23 18:40:21,140] 88 root - INFO - Hypothesis ee_003: float64, float64 
[2023-05-23 18:40:21,153] 88 root - INFO - Hypothesis ee_004: float64, float64 
[2023-05-23 18:40:21,166] 88 root - INFO - Hypothesis ee_005: float64, float64 
[2023-05-23 18:40:21,179] 88 root - INFO - Hypothesis ee_006: float64, float64 
[2023-05-23 18:40:21,192] 88 root - INFO - Hypothesis ee_007: float64, float64 
[2023-05-23 18:40:21,246] 88 root - INFO - Hypothesis ee_008: float64, float64 
[2023-05-23 18:40:21,304] 88 root - INFO - Hypothesis ee_009: float64, float64 
[2023-05-23 18:40:21,315] 88 root - INFO - Hypothesis ef_000: float64, float64 
[2023-05-23 18:40:21,363] 88 root - INFO - Hypothesis eg_000: float64, float64 
[2023-05-23 18:40:21,411] 143 root - INFO - As all column are available in test df hence detecting data drift
[2023-05-23 18:40:21,411] 88 root - INFO - Hypothesis class: object, object 
[2023-05-23 18:40:21,521] 88 root - INFO - Hypothesis aa_000: float64, float64 
[2023-05-23 18:40:21,530] 88 root - INFO - Hypothesis ac_000: float64, float64 
[2023-05-23 18:40:21,541] 88 root - INFO - Hypothesis ad_000: float64, float64 
[2023-05-23 18:40:21,548] 88 root - INFO - Hypothesis ae_000: float64, float64 
[2023-05-23 18:40:21,570] 88 root - INFO - Hypothesis af_000: float64, float64 
[2023-05-23 18:40:21,592] 88 root - INFO - Hypothesis ag_000: float64, float64 
[2023-05-23 18:40:21,612] 88 root - INFO - Hypothesis ag_001: float64, float64 
[2023-05-23 18:40:21,633] 88 root - INFO - Hypothesis ag_002: float64, float64 
[2023-05-23 18:40:21,638] 88 root - INFO - Hypothesis ag_003: float64, float64 
[2023-05-23 18:40:21,644] 88 root - INFO - Hypothesis ag_004: float64, float64 
[2023-05-23 18:40:21,653] 88 root - INFO - Hypothesis ag_005: float64, float64 
[2023-05-23 18:40:21,662] 88 root - INFO - Hypothesis ag_006: float64, float64 
[2023-05-23 18:40:21,671] 88 root - INFO - Hypothesis ag_007: float64, float64 
[2023-05-23 18:40:21,680] 88 root - INFO - Hypothesis ag_008: float64, float64 
[2023-05-23 18:40:21,688] 88 root - INFO - Hypothesis ag_009: float64, float64 
[2023-05-23 18:40:21,710] 88 root - INFO - Hypothesis ah_000: float64, float64 
[2023-05-23 18:40:21,719] 88 root - INFO - Hypothesis ai_000: float64, float64 
[2023-05-23 18:40:21,741] 88 root - INFO - Hypothesis aj_000: float64, float64 
[2023-05-23 18:40:21,763] 88 root - INFO - Hypothesis ak_000: float64, float64 
[2023-05-23 18:40:21,784] 88 root - INFO - Hypothesis al_000: float64, float64 
[2023-05-23 18:40:21,791] 88 root - INFO - Hypothesis am_0: float64, float64 
[2023-05-23 18:40:21,802] 88 root - INFO - Hypothesis an_000: float64, float64 
[2023-05-23 18:40:21,811] 88 root - INFO - Hypothesis ao_000: float64, float64 
[2023-05-23 18:40:21,820] 88 root - INFO - Hypothesis ap_000: float64, float64 
[2023-05-23 18:40:21,830] 88 root - INFO - Hypothesis aq_000: float64, float64 
[2023-05-23 18:40:21,839] 88 root - INFO - Hypothesis ar_000: float64, float64 
[2023-05-23 18:40:21,860] 88 root - INFO - Hypothesis as_000: float64, float64 
[2023-05-23 18:40:21,881] 88 root - INFO - Hypothesis at_000: float64, float64 
[2023-05-23 18:40:21,886] 88 root - INFO - Hypothesis au_000: float64, float64 
[2023-05-23 18:40:21,907] 88 root - INFO - Hypothesis av_000: float64, float64 
[2023-05-23 18:40:21,914] 88 root - INFO - Hypothesis ax_000: float64, float64 
[2023-05-23 18:40:21,926] 88 root - INFO - Hypothesis ay_000: float64, float64 
[2023-05-23 18:40:21,950] 88 root - INFO - Hypothesis ay_001: float64, float64 
[2023-05-23 18:40:21,971] 88 root - INFO - Hypothesis ay_002: float64, float64 
[2023-05-23 18:40:21,992] 88 root - INFO - Hypothesis ay_003: float64, float64 
[2023-05-23 18:40:22,013] 88 root - INFO - Hypothesis ay_004: float64, float64 
[2023-05-23 18:40:22,018] 88 root - INFO - Hypothesis ay_005: float64, float64 
[2023-05-23 18:40:22,026] 88 root - INFO - Hypothesis ay_006: float64, float64 
[2023-05-23 18:40:22,034] 88 root - INFO - Hypothesis ay_007: float64, float64 
[2023-05-23 18:40:22,043] 88 root - INFO - Hypothesis ay_008: float64, float64 
[2023-05-23 18:40:22,052] 88 root - INFO - Hypothesis ay_009: float64, float64 
[2023-05-23 18:40:22,072] 88 root - INFO - Hypothesis az_000: float64, float64 
[2023-05-23 18:40:22,081] 88 root - INFO - Hypothesis az_001: float64, float64 
[2023-05-23 18:40:22,089] 88 root - INFO - Hypothesis az_002: float64, float64 
[2023-05-23 18:40:22,098] 88 root - INFO - Hypothesis az_003: float64, float64 
[2023-05-23 18:40:22,107] 88 root - INFO - Hypothesis az_004: float64, float64 
[2023-05-23 18:40:22,116] 88 root - INFO - Hypothesis az_005: float64, float64 
[2023-05-23 18:40:22,125] 88 root - INFO - Hypothesis az_006: float64, float64 
[2023-05-23 18:40:22,133] 88 root - INFO - Hypothesis az_007: float64, float64 
[2023-05-23 18:40:22,139] 88 root - INFO - Hypothesis az_008: float64, float64 
[2023-05-23 18:40:22,144] 88 root - INFO - Hypothesis az_009: float64, float64 
[2023-05-23 18:40:22,169] 88 root - INFO - Hypothesis ba_000: float64, float64 
[2023-05-23 18:40:22,179] 88 root - INFO - Hypothesis ba_001: float64, float64 
[2023-05-23 18:40:22,188] 88 root - INFO - Hypothesis ba_002: float64, float64 
[2023-05-23 18:40:22,197] 88 root - INFO - Hypothesis ba_003: float64, float64 
[2023-05-23 18:40:22,206] 88 root - INFO - Hypothesis ba_004: float64, float64 
[2023-05-23 18:40:22,215] 88 root - INFO - Hypothesis ba_005: float64, float64 
[2023-05-23 18:40:22,224] 88 root - INFO - Hypothesis ba_006: float64, float64 
[2023-05-23 18:40:22,233] 88 root - INFO - Hypothesis ba_007: float64, float64 
[2023-05-23 18:40:22,241] 88 root - INFO - Hypothesis ba_008: float64, float64 
[2023-05-23 18:40:22,249] 88 root - INFO - Hypothesis ba_009: float64, float64 
[2023-05-23 18:40:22,255] 88 root - INFO - Hypothesis bb_000: float64, float64 
[2023-05-23 18:40:22,264] 88 root - INFO - Hypothesis bc_000: float64, float64 
[2023-05-23 18:40:22,272] 88 root - INFO - Hypothesis bd_000: float64, float64 
[2023-05-23 18:40:22,279] 88 root - INFO - Hypothesis be_000: float64, float64 
[2023-05-23 18:40:22,287] 88 root - INFO - Hypothesis bf_000: float64, float64 
[2023-05-23 18:40:22,294] 88 root - INFO - Hypothesis bg_000: float64, float64 
[2023-05-23 18:40:22,303] 88 root - INFO - Hypothesis bh_000: float64, float64 
[2023-05-23 18:40:22,312] 88 root - INFO - Hypothesis bi_000: float64, float64 
[2023-05-23 18:40:22,321] 88 root - INFO - Hypothesis bj_000: float64, float64 
[2023-05-23 18:40:22,330] 88 root - INFO - Hypothesis bk_000: float64, float64 
[2023-05-23 18:40:22,338] 88 root - INFO - Hypothesis bl_000: float64, float64 
[2023-05-23 18:40:22,345] 88 root - INFO - Hypothesis bm_000: float64, float64 
[2023-05-23 18:40:22,351] 88 root - INFO - Hypothesis bs_000: float64, float64 
[2023-05-23 18:40:22,360] 88 root - INFO - Hypothesis bt_000: float64, float64 
[2023-05-23 18:40:22,369] 88 root - INFO - Hypothesis bu_000: float64, float64 
[2023-05-23 18:40:22,379] 88 root - INFO - Hypothesis bv_000: float64, float64 
[2023-05-23 18:40:22,388] 88 root - INFO - Hypothesis bx_000: float64, float64 
[2023-05-23 18:40:22,397] 88 root - INFO - Hypothesis by_000: float64, float64 
[2023-05-23 18:40:22,406] 88 root - INFO - Hypothesis bz_000: float64, float64 
[2023-05-23 18:40:22,418] 88 root - INFO - Hypothesis ca_000: float64, float64 
[2023-05-23 18:40:22,427] 88 root - INFO - Hypothesis cb_000: float64, float64 
[2023-05-23 18:40:22,436] 88 root - INFO - Hypothesis cc_000: float64, float64 
[2023-05-23 18:40:22,445] 88 root - INFO - Hypothesis cd_000: float64, float64 
[2023-05-23 18:40:22,450] 88 root - INFO - Hypothesis ce_000: float64, float64 
[2023-05-23 18:40:22,458] 88 root - INFO - Hypothesis cf_000: float64, float64 
[2023-05-23 18:40:22,480] 88 root - INFO - Hypothesis cg_000: float64, float64 
[2023-05-23 18:40:22,487] 88 root - INFO - Hypothesis ch_000: float64, float64 
[2023-05-23 18:40:22,509] 88 root - INFO - Hypothesis ci_000: float64, float64 
[2023-05-23 18:40:22,518] 88 root - INFO - Hypothesis cj_000: float64, float64 
[2023-05-23 18:40:22,524] 88 root - INFO - Hypothesis ck_000: float64, float64 
[2023-05-23 18:40:22,534] 88 root - INFO - Hypothesis cl_000: float64, float64 
[2023-05-23 18:40:22,539] 88 root - INFO - Hypothesis cm_000: float64, float64 
[2023-05-23 18:40:22,546] 88 root - INFO - Hypothesis cn_000: float64, float64 
[2023-05-23 18:40:22,551] 88 root - INFO - Hypothesis cn_001: float64, float64 
[2023-05-23 18:40:22,557] 88 root - INFO - Hypothesis cn_002: float64, float64 
[2023-05-23 18:40:22,564] 88 root - INFO - Hypothesis cn_003: float64, float64 
[2023-05-23 18:40:22,573] 88 root - INFO - Hypothesis cn_004: float64, float64 
[2023-05-23 18:40:22,583] 88 root - INFO - Hypothesis cn_005: float64, float64 
[2023-05-23 18:40:22,592] 88 root - INFO - Hypothesis cn_006: float64, float64 
[2023-05-23 18:40:22,601] 88 root - INFO - Hypothesis cn_007: float64, float64 
[2023-05-23 18:40:22,609] 88 root - INFO - Hypothesis cn_008: float64, float64 
[2023-05-23 18:40:22,618] 88 root - INFO - Hypothesis cn_009: float64, float64 
[2023-05-23 18:40:22,625] 88 root - INFO - Hypothesis co_000: float64, float64 
[2023-05-23 18:40:22,632] 88 root - INFO - Hypothesis cp_000: float64, float64 
[2023-05-23 18:40:22,639] 88 root - INFO - Hypothesis cq_000: float64, float64 
[2023-05-23 18:40:22,648] 88 root - INFO - Hypothesis cs_000: float64, float64 
[2023-05-23 18:40:22,661] 88 root - INFO - Hypothesis cs_001: float64, float64 
[2023-05-23 18:40:22,669] 88 root - INFO - Hypothesis cs_002: float64, float64 
[2023-05-23 18:40:22,678] 88 root - INFO - Hypothesis cs_003: float64, float64 
[2023-05-23 18:40:22,687] 88 root - INFO - Hypothesis cs_004: float64, float64 
[2023-05-23 18:40:22,696] 88 root - INFO - Hypothesis cs_005: float64, float64 
[2023-05-23 18:40:22,705] 88 root - INFO - Hypothesis cs_006: float64, float64 
[2023-05-23 18:40:22,714] 88 root - INFO - Hypothesis cs_007: float64, float64 
[2023-05-23 18:40:22,723] 88 root - INFO - Hypothesis cs_008: float64, float64 
[2023-05-23 18:40:22,731] 88 root - INFO - Hypothesis cs_009: float64, float64 
[2023-05-23 18:40:22,751] 88 root - INFO - Hypothesis ct_000: float64, float64 
[2023-05-23 18:40:22,759] 88 root - INFO - Hypothesis cu_000: float64, float64 
[2023-05-23 18:40:22,766] 88 root - INFO - Hypothesis cv_000: float64, float64 
[2023-05-23 18:40:22,774] 88 root - INFO - Hypothesis cx_000: float64, float64 
[2023-05-23 18:40:22,782] 88 root - INFO - Hypothesis cy_000: float64, float64 
[2023-05-23 18:40:22,788] 88 root - INFO - Hypothesis cz_000: float64, float64 
[2023-05-23 18:40:22,795] 88 root - INFO - Hypothesis da_000: float64, float64 
[2023-05-23 18:40:22,817] 88 root - INFO - Hypothesis db_000: float64, float64 
[2023-05-23 18:40:22,822] 88 root - INFO - Hypothesis dc_000: float64, float64 
[2023-05-23 18:40:22,830] 88 root - INFO - Hypothesis dd_000: float64, float64 
[2023-05-23 18:40:22,839] 88 root - INFO - Hypothesis de_000: float64, float64 
[2023-05-23 18:40:22,847] 88 root - INFO - Hypothesis df_000: float64, float64 
[2023-05-23 18:40:22,868] 88 root - INFO - Hypothesis dg_000: float64, float64 
[2023-05-23 18:40:22,873] 88 root - INFO - Hypothesis dh_000: float64, float64 
[2023-05-23 18:40:22,879] 88 root - INFO - Hypothesis di_000: float64, float64 
[2023-05-23 18:40:22,885] 88 root - INFO - Hypothesis dj_000: float64, float64 
[2023-05-23 18:40:22,905] 88 root - INFO - Hypothesis dk_000: float64, float64 
[2023-05-23 18:40:22,930] 88 root - INFO - Hypothesis dl_000: float64, float64 
[2023-05-23 18:40:22,955] 88 root - INFO - Hypothesis dm_000: float64, float64 
[2023-05-23 18:40:22,976] 88 root - INFO - Hypothesis dn_000: float64, float64 
[2023-05-23 18:40:22,985] 88 root - INFO - Hypothesis do_000: float64, float64 
[2023-05-23 18:40:22,994] 88 root - INFO - Hypothesis dp_000: float64, float64 
[2023-05-23 18:40:23,002] 88 root - INFO - Hypothesis dq_000: float64, float64 
[2023-05-23 18:40:23,008] 88 root - INFO - Hypothesis dr_000: float64, float64 
[2023-05-23 18:40:23,015] 88 root - INFO - Hypothesis ds_000: float64, float64 
[2023-05-23 18:40:23,023] 88 root - INFO - Hypothesis dt_000: float64, float64 
[2023-05-23 18:40:23,032] 88 root - INFO - Hypothesis du_000: float64, float64 
[2023-05-23 18:40:23,041] 88 root - INFO - Hypothesis dv_000: float64, float64 
[2023-05-23 18:40:23,050] 88 root - INFO - Hypothesis dx_000: float64, float64 
[2023-05-23 18:40:23,057] 88 root - INFO - Hypothesis dy_000: float64, float64 
[2023-05-23 18:40:23,079] 88 root - INFO - Hypothesis dz_000: float64, float64 
[2023-05-23 18:40:23,100] 88 root - INFO - Hypothesis ea_000: float64, float64 
[2023-05-23 18:40:23,121] 88 root - INFO - Hypothesis eb_000: float64, float64 
[2023-05-23 18:40:23,129] 88 root - INFO - Hypothesis ec_00: float64, float64 
[2023-05-23 18:40:23,138] 88 root - INFO - Hypothesis ed_000: float64, float64 
[2023-05-23 18:40:23,146] 88 root - INFO - Hypothesis ee_000: float64, float64 
[2023-05-23 18:40:23,155] 88 root - INFO - Hypothesis ee_001: float64, float64 
[2023-05-23 18:40:23,164] 88 root - INFO - Hypothesis ee_002: float64, float64 
[2023-05-23 18:40:23,173] 88 root - INFO - Hypothesis ee_003: float64, float64 
[2023-05-23 18:40:23,182] 88 root - INFO - Hypothesis ee_004: float64, float64 
[2023-05-23 18:40:23,191] 88 root - INFO - Hypothesis ee_005: float64, float64 
[2023-05-23 18:40:23,200] 88 root - INFO - Hypothesis ee_006: float64, float64 
[2023-05-23 18:40:23,213] 88 root - INFO - Hypothesis ee_007: float64, float64 
[2023-05-23 18:40:23,221] 88 root - INFO - Hypothesis ee_008: float64, float64 
[2023-05-23 18:40:23,230] 88 root - INFO - Hypothesis ee_009: float64, float64 
[2023-05-23 18:40:23,237] 88 root - INFO - Hypothesis ef_000: float64, float64 
[2023-05-23 18:40:23,257] 88 root - INFO - Hypothesis eg_000: float64, float64 
[2023-05-23 18:40:23,278] 147 root - INFO - Write reprt in yaml file
[2023-05-23 18:40:23,466] 152 root - INFO - Data validation artifact: DataValidationArtifact(report_file_path='/config/workspace/artifact/052323___183953/data_validation/report.yaml')
