[2023-06-05 01:48:13,688] 22 root - INFO - Exporting collection data as pandas dataframe
[2023-06-05 01:48:13,688] 22 root - INFO - Reading data from database : aps and collection : sensor
[2023-06-05 01:48:17,169] 24 root - INFO - Found Columns :Index(['_id', 'class', 'aa_000', 'ab_000', 'ac_000', 'ad_000', 'ae_000',
       'af_000', 'ag_000', 'ag_001',
       ...
       'ee_002', 'ee_003', 'ee_004', 'ee_005', 'ee_006', 'ee_007', 'ee_008',
       'ee_009', 'ef_000', 'eg_000'],
      dtype='object', length=172)
[2023-06-05 01:48:17,169] 26 root - INFO - dropping column _id
[2023-06-05 01:48:17,366] 28 root - INFO - row and column in df : (36188, 172)
[2023-06-05 01:48:17,366] 28 root - INFO - Save data in feature store
[2023-06-05 01:48:18,737] 34 root - INFO - Create feature store folder if not available
[2023-06-05 01:48:18,738] 38 root - INFO - Save df to feature store folder
[2023-06-05 01:48:20,482] 43 root - INFO - split dataset into train and test set
[2023-06-05 01:48:20,786] 47 root - INFO - create dataset directory folder if not available
[2023-06-05 01:48:20,787] 52 root - INFO - Save df to feature store folder
[2023-06-05 01:48:22,673] 64 root - INFO - Data ingestion artifact: DataIngestionArtifact(feature_store_file_path='/config/workspace/artifact/060523___014813/data_ingestion/feature_store/sensor.csv', train_file_path='/config/workspace/artifact/060523___014813/data_ingestion/dataset/train.csv', test_file_path='/config/workspace/artifact/060523___014813/data_ingestion/dataset/test.csv')
[2023-06-05 01:48:23,059] 21 root - INFO - >>>>>>>>>>>>>>>>>>>>>>>>>>>>>>>>>>>>>>>> Data Validation <<<<<<<<<<<<<<<<<<<<<<<<<<<<<<<<<<<<<<<<
[2023-06-05 01:48:23,060] 110 root - INFO - Reading base dataframe
[2023-06-05 01:48:25,261] 113 root - INFO - Replace na value in base df
[2023-06-05 01:48:25,261] 115 root - INFO - Drop null values colums from base df
[2023-06-05 01:48:25,479] 44 root - INFO - selecting column name which contains null above to 0.7
[2023-06-05 01:48:25,480] 47 root - INFO - Columns to drop: ['ab_000', 'bn_000', 'bo_000', 'bp_000', 'bq_000', 'br_000', 'cr_000']
[2023-06-05 01:48:25,557] 118 root - INFO - Reading train dataframe
[2023-06-05 01:48:25,932] 120 root - INFO - Reading test dataframe
[2023-06-05 01:48:26,032] 123 root - INFO - Drop null values colums from train df
[2023-06-05 01:48:26,041] 44 root - INFO - selecting column name which contains null above to 0.7
[2023-06-05 01:48:26,041] 47 root - INFO - Columns to drop: ['ab_000', 'bn_000', 'bo_000', 'bp_000', 'bq_000', 'br_000', 'cr_000']
[2023-06-05 01:48:26,052] 125 root - INFO - Drop null values colums from test df
[2023-06-05 01:48:26,055] 44 root - INFO - selecting column name which contains null above to 0.7
[2023-06-05 01:48:26,056] 47 root - INFO - Columns to drop: ['ab_000', 'bn_000', 'bo_000', 'bp_000', 'bq_000', 'br_000', 'cr_000']
[2023-06-05 01:48:26,906] 134 root - INFO - Is all required columns present in train df
[2023-06-05 01:48:26,907] 136 root - INFO - Is all required columns present in test df
[2023-06-05 01:48:26,907] 140 root - INFO - As all column are available in train df hence detecting data drift
[2023-06-05 01:48:26,907] 88 root - INFO - Hypothesis class: object, object 
[2023-06-05 01:48:27,042] 88 root - INFO - Hypothesis aa_000: float64, float64 
[2023-06-05 01:48:27,052] 88 root - INFO - Hypothesis ac_000: float64, float64 
[2023-06-05 01:48:27,092] 88 root - INFO - Hypothesis ad_000: float64, float64 
[2023-06-05 01:48:27,100] 88 root - INFO - Hypothesis ae_000: float64, float64 
[2023-06-05 01:48:27,136] 88 root - INFO - Hypothesis af_000: float64, float64 
[2023-06-05 01:48:27,172] 88 root - INFO - Hypothesis ag_000: float64, float64 
[2023-06-05 01:48:27,208] 88 root - INFO - Hypothesis ag_001: float64, float64 
[2023-06-05 01:48:27,244] 88 root - INFO - Hypothesis ag_002: float64, float64 
[2023-06-05 01:48:27,280] 88 root - INFO - Hypothesis ag_003: float64, float64 
[2023-06-05 01:48:27,319] 88 root - INFO - Hypothesis ag_004: float64, float64 
[2023-06-05 01:48:27,361] 88 root - INFO - Hypothesis ag_005: float64, float64 
[2023-06-05 01:48:27,404] 88 root - INFO - Hypothesis ag_006: float64, float64 
[2023-06-05 01:48:27,415] 88 root - INFO - Hypothesis ag_007: float64, float64 
[2023-06-05 01:48:27,424] 88 root - INFO - Hypothesis ag_008: float64, float64 
[2023-06-05 01:48:27,432] 88 root - INFO - Hypothesis ag_009: float64, float64 
[2023-06-05 01:48:27,471] 88 root - INFO - Hypothesis ah_000: float64, float64 
[2023-06-05 01:48:27,482] 88 root - INFO - Hypothesis ai_000: float64, float64 
[2023-06-05 01:48:27,519] 88 root - INFO - Hypothesis aj_000: float64, float64 
[2023-06-05 01:48:27,525] 88 root - INFO - Hypothesis ak_000: float64, float64 
[2023-06-05 01:48:27,562] 88 root - INFO - Hypothesis al_000: float64, float64 
[2023-06-05 01:48:27,570] 88 root - INFO - Hypothesis am_0: float64, float64 
[2023-06-05 01:48:27,577] 88 root - INFO - Hypothesis an_000: float64, float64 
[2023-06-05 01:48:27,588] 88 root - INFO - Hypothesis ao_000: float64, float64 
[2023-06-05 01:48:27,599] 88 root - INFO - Hypothesis ap_000: float64, float64 
[2023-06-05 01:48:27,610] 88 root - INFO - Hypothesis aq_000: float64, float64 
[2023-06-05 01:48:27,654] 88 root - INFO - Hypothesis ar_000: float64, float64 
[2023-06-05 01:48:27,690] 88 root - INFO - Hypothesis as_000: float64, float64 
[2023-06-05 01:48:27,694] 88 root - INFO - Hypothesis at_000: float64, float64 
[2023-06-05 01:48:27,734] 88 root - INFO - Hypothesis au_000: float64, float64 
[2023-06-05 01:48:27,770] 88 root - INFO - Hypothesis av_000: float64, float64 
[2023-06-05 01:48:27,812] 88 root - INFO - Hypothesis ax_000: float64, float64 
[2023-06-05 01:48:27,852] 88 root - INFO - Hypothesis ay_000: float64, float64 
[2023-06-05 01:48:27,888] 88 root - INFO - Hypothesis ay_001: float64, float64 
[2023-06-05 01:48:27,924] 88 root - INFO - Hypothesis ay_002: float64, float64 
[2023-06-05 01:48:27,960] 88 root - INFO - Hypothesis ay_003: float64, float64 
[2023-06-05 01:48:27,997] 88 root - INFO - Hypothesis ay_004: float64, float64 
[2023-06-05 01:48:28,033] 88 root - INFO - Hypothesis ay_005: float64, float64 
[2023-06-05 01:48:28,073] 88 root - INFO - Hypothesis ay_006: float64, float64 
[2023-06-05 01:48:28,114] 88 root - INFO - Hypothesis ay_007: float64, float64 
[2023-06-05 01:48:28,124] 88 root - INFO - Hypothesis ay_008: float64, float64 
[2023-06-05 01:48:28,134] 88 root - INFO - Hypothesis ay_009: float64, float64 
[2023-06-05 01:48:28,170] 88 root - INFO - Hypothesis az_000: float64, float64 
[2023-06-05 01:48:28,180] 88 root - INFO - Hypothesis az_001: float64, float64 
[2023-06-05 01:48:28,189] 88 root - INFO - Hypothesis az_002: float64, float64 
[2023-06-05 01:48:28,199] 88 root - INFO - Hypothesis az_003: float64, float64 
[2023-06-05 01:48:28,241] 88 root - INFO - Hypothesis az_004: float64, float64 
[2023-06-05 01:48:28,283] 88 root - INFO - Hypothesis az_005: float64, float64 
[2023-06-05 01:48:28,294] 88 root - INFO - Hypothesis az_006: float64, float64 
[2023-06-05 01:48:28,303] 88 root - INFO - Hypothesis az_007: float64, float64 
[2023-06-05 01:48:28,341] 88 root - INFO - Hypothesis az_008: float64, float64 
[2023-06-05 01:48:28,377] 88 root - INFO - Hypothesis az_009: float64, float64 
[2023-06-05 01:48:28,414] 88 root - INFO - Hypothesis ba_000: float64, float64 
[2023-06-05 01:48:28,424] 88 root - INFO - Hypothesis ba_001: float64, float64 
[2023-06-05 01:48:28,467] 88 root - INFO - Hypothesis ba_002: float64, float64 
[2023-06-05 01:48:28,478] 88 root - INFO - Hypothesis ba_003: float64, float64 
[2023-06-05 01:48:28,488] 88 root - INFO - Hypothesis ba_004: float64, float64 
[2023-06-05 01:48:28,531] 88 root - INFO - Hypothesis ba_005: float64, float64 
[2023-06-05 01:48:28,542] 88 root - INFO - Hypothesis ba_006: float64, float64 
[2023-06-05 01:48:28,552] 88 root - INFO - Hypothesis ba_007: float64, float64 
[2023-06-05 01:48:28,561] 88 root - INFO - Hypothesis ba_008: float64, float64 
[2023-06-05 01:48:28,601] 88 root - INFO - Hypothesis ba_009: float64, float64 
[2023-06-05 01:48:28,607] 88 root - INFO - Hypothesis bb_000: float64, float64 
[2023-06-05 01:48:28,618] 88 root - INFO - Hypothesis bc_000: float64, float64 
[2023-06-05 01:48:28,658] 88 root - INFO - Hypothesis bd_000: float64, float64 
[2023-06-05 01:48:28,698] 88 root - INFO - Hypothesis be_000: float64, float64 
[2023-06-05 01:48:28,739] 88 root - INFO - Hypothesis bf_000: float64, float64 
[2023-06-05 01:48:28,779] 88 root - INFO - Hypothesis bg_000: float64, float64 
[2023-06-05 01:48:28,789] 88 root - INFO - Hypothesis bh_000: float64, float64 
[2023-06-05 01:48:28,832] 88 root - INFO - Hypothesis bi_000: float64, float64 
[2023-06-05 01:48:28,842] 88 root - INFO - Hypothesis bj_000: float64, float64 
[2023-06-05 01:48:28,853] 88 root - INFO - Hypothesis bk_000: float64, float64 
[2023-06-05 01:48:28,861] 88 root - INFO - Hypothesis bl_000: float64, float64 
[2023-06-05 01:48:28,869] 88 root - INFO - Hypothesis bm_000: float64, float64 
[2023-06-05 01:48:28,875] 88 root - INFO - Hypothesis bs_000: float64, float64 
[2023-06-05 01:48:28,885] 88 root - INFO - Hypothesis bt_000: float64, float64 
[2023-06-05 01:48:28,895] 88 root - INFO - Hypothesis bu_000: float64, float64 
[2023-06-05 01:48:28,906] 88 root - INFO - Hypothesis bv_000: float64, float64 
[2023-06-05 01:48:28,916] 88 root - INFO - Hypothesis bx_000: float64, float64 
[2023-06-05 01:48:28,927] 88 root - INFO - Hypothesis by_000: float64, float64 
[2023-06-05 01:48:28,937] 88 root - INFO - Hypothesis bz_000: float64, float64 
[2023-06-05 01:48:28,946] 88 root - INFO - Hypothesis ca_000: float64, float64 
[2023-06-05 01:48:28,956] 88 root - INFO - Hypothesis cb_000: float64, float64 
[2023-06-05 01:48:28,967] 88 root - INFO - Hypothesis cc_000: float64, float64 
[2023-06-05 01:48:28,977] 88 root - INFO - Hypothesis cd_000: float64, float64 
[2023-06-05 01:48:29,013] 88 root - INFO - Hypothesis ce_000: float64, float64 
[2023-06-05 01:48:29,023] 88 root - INFO - Hypothesis cf_000: float64, float64 
[2023-06-05 01:48:29,061] 88 root - INFO - Hypothesis cg_000: float64, float64 
[2023-06-05 01:48:29,068] 88 root - INFO - Hypothesis ch_000: float64, float64 
[2023-06-05 01:48:29,106] 88 root - INFO - Hypothesis ci_000: float64, float64 
[2023-06-05 01:48:29,117] 88 root - INFO - Hypothesis cj_000: float64, float64 
[2023-06-05 01:48:29,155] 88 root - INFO - Hypothesis ck_000: float64, float64 
[2023-06-05 01:48:29,165] 88 root - INFO - Hypothesis cl_000: float64, float64 
[2023-06-05 01:48:29,203] 88 root - INFO - Hypothesis cm_000: float64, float64 
[2023-06-05 01:48:29,210] 88 root - INFO - Hypothesis cn_000: float64, float64 
[2023-06-05 01:48:29,246] 88 root - INFO - Hypothesis cn_001: float64, float64 
[2023-06-05 01:48:29,284] 88 root - INFO - Hypothesis cn_002: float64, float64 
[2023-06-05 01:48:29,292] 88 root - INFO - Hypothesis cn_003: float64, float64 
[2023-06-05 01:48:29,334] 88 root - INFO - Hypothesis cn_004: float64, float64 
[2023-06-05 01:48:29,345] 88 root - INFO - Hypothesis cn_005: float64, float64 
[2023-06-05 01:48:29,387] 88 root - INFO - Hypothesis cn_006: float64, float64 
[2023-06-05 01:48:29,430] 88 root - INFO - Hypothesis cn_007: float64, float64 
[2023-06-05 01:48:29,471] 88 root - INFO - Hypothesis cn_008: float64, float64 
[2023-06-05 01:48:29,513] 88 root - INFO - Hypothesis cn_009: float64, float64 
[2023-06-05 01:48:29,553] 88 root - INFO - Hypothesis co_000: float64, float64 
[2023-06-05 01:48:29,560] 88 root - INFO - Hypothesis cp_000: float64, float64 
[2023-06-05 01:48:29,568] 88 root - INFO - Hypothesis cq_000: float64, float64 
[2023-06-05 01:48:29,578] 88 root - INFO - Hypothesis cs_000: float64, float64 
[2023-06-05 01:48:29,588] 88 root - INFO - Hypothesis cs_001: float64, float64 
[2023-06-05 01:48:29,629] 88 root - INFO - Hypothesis cs_002: float64, float64 
[2023-06-05 01:48:29,670] 88 root - INFO - Hypothesis cs_003: float64, float64 
[2023-06-05 01:48:29,681] 88 root - INFO - Hypothesis cs_004: float64, float64 
[2023-06-05 01:48:29,723] 88 root - INFO - Hypothesis cs_005: float64, float64 
[2023-06-05 01:48:29,733] 88 root - INFO - Hypothesis cs_006: float64, float64 
[2023-06-05 01:48:29,744] 88 root - INFO - Hypothesis cs_007: float64, float64 
[2023-06-05 01:48:29,786] 88 root - INFO - Hypothesis cs_008: float64, float64 
[2023-06-05 01:48:29,825] 88 root - INFO - Hypothesis cs_009: float64, float64 
[2023-06-05 01:48:29,862] 88 root - INFO - Hypothesis ct_000: float64, float64 
[2023-06-05 01:48:29,903] 88 root - INFO - Hypothesis cu_000: float64, float64 
[2023-06-05 01:48:29,911] 88 root - INFO - Hypothesis cv_000: float64, float64 
[2023-06-05 01:48:29,920] 88 root - INFO - Hypothesis cx_000: float64, float64 
[2023-06-05 01:48:29,963] 88 root - INFO - Hypothesis cy_000: float64, float64 
[2023-06-05 01:48:30,001] 88 root - INFO - Hypothesis cz_000: float64, float64 
[2023-06-05 01:48:30,010] 88 root - INFO - Hypothesis da_000: float64, float64 
[2023-06-05 01:48:30,047] 88 root - INFO - Hypothesis db_000: float64, float64 
[2023-06-05 01:48:30,086] 88 root - INFO - Hypothesis dc_000: float64, float64 
[2023-06-05 01:48:30,095] 88 root - INFO - Hypothesis dd_000: float64, float64 
[2023-06-05 01:48:30,137] 88 root - INFO - Hypothesis de_000: float64, float64 
[2023-06-05 01:48:30,177] 88 root - INFO - Hypothesis df_000: float64, float64 
[2023-06-05 01:48:30,214] 88 root - INFO - Hypothesis dg_000: float64, float64 
[2023-06-05 01:48:30,251] 88 root - INFO - Hypothesis dh_000: float64, float64 
[2023-06-05 01:48:30,289] 88 root - INFO - Hypothesis di_000: float64, float64 
[2023-06-05 01:48:30,294] 88 root - INFO - Hypothesis dj_000: float64, float64 
[2023-06-05 01:48:30,331] 88 root - INFO - Hypothesis dk_000: float64, float64 
[2023-06-05 01:48:30,367] 88 root - INFO - Hypothesis dl_000: float64, float64 
[2023-06-05 01:48:30,404] 88 root - INFO - Hypothesis dm_000: float64, float64 
[2023-06-05 01:48:30,441] 88 root - INFO - Hypothesis dn_000: float64, float64 
[2023-06-05 01:48:30,484] 88 root - INFO - Hypothesis do_000: float64, float64 
[2023-06-05 01:48:30,493] 88 root - INFO - Hypothesis dp_000: float64, float64 
[2023-06-05 01:48:30,503] 88 root - INFO - Hypothesis dq_000: float64, float64 
[2023-06-05 01:48:30,541] 88 root - INFO - Hypothesis dr_000: float64, float64 
[2023-06-05 01:48:30,580] 88 root - INFO - Hypothesis ds_000: float64, float64 
[2023-06-05 01:48:30,623] 88 root - INFO - Hypothesis dt_000: float64, float64 
[2023-06-05 01:48:30,633] 88 root - INFO - Hypothesis du_000: float64, float64 
[2023-06-05 01:48:30,643] 88 root - INFO - Hypothesis dv_000: float64, float64 
[2023-06-05 01:48:30,653] 88 root - INFO - Hypothesis dx_000: float64, float64 
[2023-06-05 01:48:30,660] 88 root - INFO - Hypothesis dy_000: float64, float64 
[2023-06-05 01:48:30,666] 88 root - INFO - Hypothesis dz_000: float64, float64 
[2023-06-05 01:48:30,703] 88 root - INFO - Hypothesis ea_000: float64, float64 
[2023-06-05 01:48:30,739] 88 root - INFO - Hypothesis eb_000: float64, float64 
[2023-06-05 01:48:30,780] 88 root - INFO - Hypothesis ec_00: float64, float64 
[2023-06-05 01:48:30,790] 88 root - INFO - Hypothesis ed_000: float64, float64 
[2023-06-05 01:48:30,799] 88 root - INFO - Hypothesis ee_000: float64, float64 
[2023-06-05 01:48:30,809] 88 root - INFO - Hypothesis ee_001: float64, float64 
[2023-06-05 01:48:30,820] 88 root - INFO - Hypothesis ee_002: float64, float64 
[2023-06-05 01:48:30,830] 88 root - INFO - Hypothesis ee_003: float64, float64 
[2023-06-05 01:48:30,873] 88 root - INFO - Hypothesis ee_004: float64, float64 
[2023-06-05 01:48:30,915] 88 root - INFO - Hypothesis ee_005: float64, float64 
[2023-06-05 01:48:30,958] 88 root - INFO - Hypothesis ee_006: float64, float64 
[2023-06-05 01:48:31,000] 88 root - INFO - Hypothesis ee_007: float64, float64 
[2023-06-05 01:48:31,042] 88 root - INFO - Hypothesis ee_008: float64, float64 
[2023-06-05 01:48:31,052] 88 root - INFO - Hypothesis ee_009: float64, float64 
[2023-06-05 01:48:31,092] 88 root - INFO - Hypothesis ef_000: float64, float64 
[2023-06-05 01:48:31,128] 88 root - INFO - Hypothesis eg_000: float64, float64 
[2023-06-05 01:48:31,166] 143 root - INFO - As all column are available in test df hence detecting data drift
[2023-06-05 01:48:31,167] 88 root - INFO - Hypothesis class: object, object 
[2023-06-05 01:48:31,242] 88 root - INFO - Hypothesis aa_000: float64, float64 
[2023-06-05 01:48:31,249] 88 root - INFO - Hypothesis ac_000: float64, float64 
[2023-06-05 01:48:31,255] 88 root - INFO - Hypothesis ad_000: float64, float64 
[2023-06-05 01:48:31,260] 88 root - INFO - Hypothesis ae_000: float64, float64 
[2023-06-05 01:48:31,275] 88 root - INFO - Hypothesis af_000: float64, float64 
[2023-06-05 01:48:31,291] 88 root - INFO - Hypothesis ag_000: float64, float64 
[2023-06-05 01:48:31,306] 88 root - INFO - Hypothesis ag_001: float64, float64 
[2023-06-05 01:48:31,321] 88 root - INFO - Hypothesis ag_002: float64, float64 
[2023-06-05 01:48:31,336] 88 root - INFO - Hypothesis ag_003: float64, float64 
[2023-06-05 01:48:31,340] 88 root - INFO - Hypothesis ag_004: float64, float64 
[2023-06-05 01:48:31,347] 88 root - INFO - Hypothesis ag_005: float64, float64 
[2023-06-05 01:48:31,354] 88 root - INFO - Hypothesis ag_006: float64, float64 
[2023-06-05 01:48:31,361] 88 root - INFO - Hypothesis ag_007: float64, float64 
[2023-06-05 01:48:31,368] 88 root - INFO - Hypothesis ag_008: float64, float64 
[2023-06-05 01:48:31,373] 88 root - INFO - Hypothesis ag_009: float64, float64 
[2023-06-05 01:48:31,378] 88 root - INFO - Hypothesis ah_000: float64, float64 
[2023-06-05 01:48:31,385] 88 root - INFO - Hypothesis ai_000: float64, float64 
[2023-06-05 01:48:31,388] 88 root - INFO - Hypothesis aj_000: float64, float64 
[2023-06-05 01:48:31,392] 88 root - INFO - Hypothesis ak_000: float64, float64 
[2023-06-05 01:48:31,408] 88 root - INFO - Hypothesis al_000: float64, float64 
[2023-06-05 01:48:31,413] 88 root - INFO - Hypothesis am_0: float64, float64 
[2023-06-05 01:48:31,418] 88 root - INFO - Hypothesis an_000: float64, float64 
[2023-06-05 01:48:31,425] 88 root - INFO - Hypothesis ao_000: float64, float64 
[2023-06-05 01:48:31,432] 88 root - INFO - Hypothesis ap_000: float64, float64 
[2023-06-05 01:48:31,439] 88 root - INFO - Hypothesis aq_000: float64, float64 
[2023-06-05 01:48:31,446] 88 root - INFO - Hypothesis ar_000: float64, float64 
[2023-06-05 01:48:31,462] 88 root - INFO - Hypothesis as_000: float64, float64 
[2023-06-05 01:48:31,465] 88 root - INFO - Hypothesis at_000: float64, float64 
[2023-06-05 01:48:31,468] 88 root - INFO - Hypothesis au_000: float64, float64 
[2023-06-05 01:48:31,483] 88 root - INFO - Hypothesis av_000: float64, float64 
[2023-06-05 01:48:31,489] 88 root - INFO - Hypothesis ax_000: float64, float64 
[2023-06-05 01:48:31,494] 88 root - INFO - Hypothesis ay_000: float64, float64 
[2023-06-05 01:48:31,509] 88 root - INFO - Hypothesis ay_001: float64, float64 
[2023-06-05 01:48:31,525] 88 root - INFO - Hypothesis ay_002: float64, float64 
[2023-06-05 01:48:31,540] 88 root - INFO - Hypothesis ay_003: float64, float64 
[2023-06-05 01:48:31,556] 88 root - INFO - Hypothesis ay_004: float64, float64 
[2023-06-05 01:48:31,559] 88 root - INFO - Hypothesis ay_005: float64, float64 
[2023-06-05 01:48:31,565] 88 root - INFO - Hypothesis ay_006: float64, float64 
[2023-06-05 01:48:31,571] 88 root - INFO - Hypothesis ay_007: float64, float64 
[2023-06-05 01:48:31,577] 88 root - INFO - Hypothesis ay_008: float64, float64 
[2023-06-05 01:48:31,584] 88 root - INFO - Hypothesis ay_009: float64, float64 
[2023-06-05 01:48:31,599] 88 root - INFO - Hypothesis az_000: float64, float64 
[2023-06-05 01:48:31,606] 88 root - INFO - Hypothesis az_001: float64, float64 
[2023-06-05 01:48:31,612] 88 root - INFO - Hypothesis az_002: float64, float64 
[2023-06-05 01:48:31,618] 88 root - INFO - Hypothesis az_003: float64, float64 
[2023-06-05 01:48:31,625] 88 root - INFO - Hypothesis az_004: float64, float64 
[2023-06-05 01:48:31,632] 88 root - INFO - Hypothesis az_005: float64, float64 
[2023-06-05 01:48:31,640] 88 root - INFO - Hypothesis az_006: float64, float64 
[2023-06-05 01:48:31,646] 88 root - INFO - Hypothesis az_007: float64, float64 
[2023-06-05 01:48:31,662] 88 root - INFO - Hypothesis az_008: float64, float64 
[2023-06-05 01:48:31,678] 88 root - INFO - Hypothesis az_009: float64, float64 
[2023-06-05 01:48:31,693] 88 root - INFO - Hypothesis ba_000: float64, float64 
[2023-06-05 01:48:31,700] 88 root - INFO - Hypothesis ba_001: float64, float64 
[2023-06-05 01:48:31,707] 88 root - INFO - Hypothesis ba_002: float64, float64 
[2023-06-05 01:48:31,714] 88 root - INFO - Hypothesis ba_003: float64, float64 
[2023-06-05 01:48:31,721] 88 root - INFO - Hypothesis ba_004: float64, float64 
[2023-06-05 01:48:31,728] 88 root - INFO - Hypothesis ba_005: float64, float64 
[2023-06-05 01:48:31,734] 88 root - INFO - Hypothesis ba_006: float64, float64 
[2023-06-05 01:48:31,741] 88 root - INFO - Hypothesis ba_007: float64, float64 
[2023-06-05 01:48:31,748] 88 root - INFO - Hypothesis ba_008: float64, float64 
[2023-06-05 01:48:31,753] 88 root - INFO - Hypothesis ba_009: float64, float64 
[2023-06-05 01:48:31,758] 88 root - INFO - Hypothesis bb_000: float64, float64 
[2023-06-05 01:48:31,765] 88 root - INFO - Hypothesis bc_000: float64, float64 
[2023-06-05 01:48:31,770] 88 root - INFO - Hypothesis bd_000: float64, float64 
[2023-06-05 01:48:31,775] 88 root - INFO - Hypothesis be_000: float64, float64 
[2023-06-05 01:48:31,781] 88 root - INFO - Hypothesis bf_000: float64, float64 
[2023-06-05 01:48:31,786] 88 root - INFO - Hypothesis bg_000: float64, float64 
[2023-06-05 01:48:31,794] 88 root - INFO - Hypothesis bh_000: float64, float64 
[2023-06-05 01:48:31,801] 88 root - INFO - Hypothesis bi_000: float64, float64 
[2023-06-05 01:48:31,808] 88 root - INFO - Hypothesis bj_000: float64, float64 
[2023-06-05 01:48:31,815] 88 root - INFO - Hypothesis bk_000: float64, float64 
[2023-06-05 01:48:31,821] 88 root - INFO - Hypothesis bl_000: float64, float64 
[2023-06-05 01:48:31,827] 88 root - INFO - Hypothesis bm_000: float64, float64 
[2023-06-05 01:48:31,831] 88 root - INFO - Hypothesis bs_000: float64, float64 
[2023-06-05 01:48:31,838] 88 root - INFO - Hypothesis bt_000: float64, float64 
[2023-06-05 01:48:31,845] 88 root - INFO - Hypothesis bu_000: float64, float64 
[2023-06-05 01:48:31,852] 88 root - INFO - Hypothesis bv_000: float64, float64 
[2023-06-05 01:48:31,859] 88 root - INFO - Hypothesis bx_000: float64, float64 
[2023-06-05 01:48:31,865] 88 root - INFO - Hypothesis by_000: float64, float64 
[2023-06-05 01:48:31,872] 88 root - INFO - Hypothesis bz_000: float64, float64 
[2023-06-05 01:48:31,879] 88 root - INFO - Hypothesis ca_000: float64, float64 
[2023-06-05 01:48:31,885] 88 root - INFO - Hypothesis cb_000: float64, float64 
[2023-06-05 01:48:31,892] 88 root - INFO - Hypothesis cc_000: float64, float64 
[2023-06-05 01:48:31,899] 88 root - INFO - Hypothesis cd_000: float64, float64 
[2023-06-05 01:48:31,915] 88 root - INFO - Hypothesis ce_000: float64, float64 
[2023-06-05 01:48:31,921] 88 root - INFO - Hypothesis cf_000: float64, float64 
[2023-06-05 01:48:31,925] 88 root - INFO - Hypothesis cg_000: float64, float64 
[2023-06-05 01:48:31,929] 88 root - INFO - Hypothesis ch_000: float64, float64 
[2023-06-05 01:48:31,933] 88 root - INFO - Hypothesis ci_000: float64, float64 
[2023-06-05 01:48:31,940] 88 root - INFO - Hypothesis cj_000: float64, float64 
[2023-06-05 01:48:31,945] 88 root - INFO - Hypothesis ck_000: float64, float64 
[2023-06-05 01:48:31,952] 88 root - INFO - Hypothesis cl_000: float64, float64 
[2023-06-05 01:48:31,956] 88 root - INFO - Hypothesis cm_000: float64, float64 
[2023-06-05 01:48:31,961] 88 root - INFO - Hypothesis cn_000: float64, float64 
[2023-06-05 01:48:31,976] 88 root - INFO - Hypothesis cn_001: float64, float64 
[2023-06-05 01:48:31,992] 88 root - INFO - Hypothesis cn_002: float64, float64 
[2023-06-05 01:48:31,997] 88 root - INFO - Hypothesis cn_003: float64, float64 
[2023-06-05 01:48:32,005] 88 root - INFO - Hypothesis cn_004: float64, float64 
[2023-06-05 01:48:32,012] 88 root - INFO - Hypothesis cn_005: float64, float64 
[2023-06-05 01:48:32,019] 88 root - INFO - Hypothesis cn_006: float64, float64 
[2023-06-05 01:48:32,026] 88 root - INFO - Hypothesis cn_007: float64, float64 
[2023-06-05 01:48:32,032] 88 root - INFO - Hypothesis cn_008: float64, float64 
[2023-06-05 01:48:32,038] 88 root - INFO - Hypothesis cn_009: float64, float64 
[2023-06-05 01:48:32,043] 88 root - INFO - Hypothesis co_000: float64, float64 
[2023-06-05 01:48:32,048] 88 root - INFO - Hypothesis cp_000: float64, float64 
[2023-06-05 01:48:32,053] 88 root - INFO - Hypothesis cq_000: float64, float64 
[2023-06-05 01:48:32,060] 88 root - INFO - Hypothesis cs_000: float64, float64 
[2023-06-05 01:48:32,067] 88 root - INFO - Hypothesis cs_001: float64, float64 
[2023-06-05 01:48:32,073] 88 root - INFO - Hypothesis cs_002: float64, float64 
[2023-06-05 01:48:32,079] 88 root - INFO - Hypothesis cs_003: float64, float64 
[2023-06-05 01:48:32,086] 88 root - INFO - Hypothesis cs_004: float64, float64 
[2023-06-05 01:48:32,093] 88 root - INFO - Hypothesis cs_005: float64, float64 
[2023-06-05 01:48:32,100] 88 root - INFO - Hypothesis cs_006: float64, float64 
[2023-06-05 01:48:32,107] 88 root - INFO - Hypothesis cs_007: float64, float64 
[2023-06-05 01:48:32,114] 88 root - INFO - Hypothesis cs_008: float64, float64 
[2023-06-05 01:48:32,119] 88 root - INFO - Hypothesis cs_009: float64, float64 
[2023-06-05 01:48:32,134] 88 root - INFO - Hypothesis ct_000: float64, float64 
[2023-06-05 01:48:32,140] 88 root - INFO - Hypothesis cu_000: float64, float64 
[2023-06-05 01:48:32,145] 88 root - INFO - Hypothesis cv_000: float64, float64 
[2023-06-05 01:48:32,151] 88 root - INFO - Hypothesis cx_000: float64, float64 
[2023-06-05 01:48:32,157] 88 root - INFO - Hypothesis cy_000: float64, float64 
[2023-06-05 01:48:32,161] 88 root - INFO - Hypothesis cz_000: float64, float64 
[2023-06-05 01:48:32,166] 88 root - INFO - Hypothesis da_000: float64, float64 
[2023-06-05 01:48:32,170] 88 root - INFO - Hypothesis db_000: float64, float64 
[2023-06-05 01:48:32,174] 88 root - INFO - Hypothesis dc_000: float64, float64 
[2023-06-05 01:48:32,180] 88 root - INFO - Hypothesis dd_000: float64, float64 
[2023-06-05 01:48:32,186] 88 root - INFO - Hypothesis de_000: float64, float64 
[2023-06-05 01:48:32,192] 88 root - INFO - Hypothesis df_000: float64, float64 
[2023-06-05 01:48:32,195] 88 root - INFO - Hypothesis dg_000: float64, float64 
[2023-06-05 01:48:32,199] 88 root - INFO - Hypothesis dh_000: float64, float64 
[2023-06-05 01:48:32,202] 88 root - INFO - Hypothesis di_000: float64, float64 
[2023-06-05 01:48:32,206] 88 root - INFO - Hypothesis dj_000: float64, float64 
[2023-06-05 01:48:32,209] 88 root - INFO - Hypothesis dk_000: float64, float64 
[2023-06-05 01:48:32,213] 88 root - INFO - Hypothesis dl_000: float64, float64 
[2023-06-05 01:48:32,216] 88 root - INFO - Hypothesis dm_000: float64, float64 
[2023-06-05 01:48:32,219] 88 root - INFO - Hypothesis dn_000: float64, float64 
[2023-06-05 01:48:32,226] 88 root - INFO - Hypothesis do_000: float64, float64 
[2023-06-05 01:48:32,232] 88 root - INFO - Hypothesis dp_000: float64, float64 
[2023-06-05 01:48:32,238] 88 root - INFO - Hypothesis dq_000: float64, float64 
[2023-06-05 01:48:32,255] 88 root - INFO - Hypothesis dr_000: float64, float64 
[2023-06-05 01:48:32,271] 88 root - INFO - Hypothesis ds_000: float64, float64 
[2023-06-05 01:48:32,278] 88 root - INFO - Hypothesis dt_000: float64, float64 
[2023-06-05 01:48:32,285] 88 root - INFO - Hypothesis du_000: float64, float64 
[2023-06-05 01:48:32,292] 88 root - INFO - Hypothesis dv_000: float64, float64 
[2023-06-05 01:48:32,299] 88 root - INFO - Hypothesis dx_000: float64, float64 
[2023-06-05 01:48:32,303] 88 root - INFO - Hypothesis dy_000: float64, float64 
[2023-06-05 01:48:32,308] 88 root - INFO - Hypothesis dz_000: float64, float64 
[2023-06-05 01:48:32,323] 88 root - INFO - Hypothesis ea_000: float64, float64 
[2023-06-05 01:48:32,339] 88 root - INFO - Hypothesis eb_000: float64, float64 
[2023-06-05 01:48:32,344] 88 root - INFO - Hypothesis ec_00: float64, float64 
[2023-06-05 01:48:32,351] 88 root - INFO - Hypothesis ed_000: float64, float64 
[2023-06-05 01:48:32,357] 88 root - INFO - Hypothesis ee_000: float64, float64 
[2023-06-05 01:48:32,364] 88 root - INFO - Hypothesis ee_001: float64, float64 
[2023-06-05 01:48:32,371] 88 root - INFO - Hypothesis ee_002: float64, float64 
[2023-06-05 01:48:32,378] 88 root - INFO - Hypothesis ee_003: float64, float64 
[2023-06-05 01:48:32,385] 88 root - INFO - Hypothesis ee_004: float64, float64 
[2023-06-05 01:48:32,392] 88 root - INFO - Hypothesis ee_005: float64, float64 
[2023-06-05 01:48:32,399] 88 root - INFO - Hypothesis ee_006: float64, float64 
[2023-06-05 01:48:32,405] 88 root - INFO - Hypothesis ee_007: float64, float64 
[2023-06-05 01:48:32,412] 88 root - INFO - Hypothesis ee_008: float64, float64 
[2023-06-05 01:48:32,418] 88 root - INFO - Hypothesis ee_009: float64, float64 
[2023-06-05 01:48:32,423] 88 root - INFO - Hypothesis ef_000: float64, float64 
[2023-06-05 01:48:32,439] 88 root - INFO - Hypothesis eg_000: float64, float64 
[2023-06-05 01:48:32,454] 147 root - INFO - Write reprt in yaml file
[2023-06-05 01:48:32,528] 152 root - INFO - Data validation artifact: DataValidationArtifact(report_file_path='/config/workspace/artifact/060523___014813/data_validation/report.yaml')
