[2023-06-05 01:38:01,526] 22 root - INFO - Exporting collection data as pandas dataframe
[2023-06-05 01:38:01,527] 22 root - INFO - Reading data from database : aps and collection : sensor
[2023-06-05 01:38:05,018] 24 root - INFO - Found Columns :Index(['_id', 'class', 'aa_000', 'ab_000', 'ac_000', 'ad_000', 'ae_000',
       'af_000', 'ag_000', 'ag_001',
       ...
       'ee_002', 'ee_003', 'ee_004', 'ee_005', 'ee_006', 'ee_007', 'ee_008',
       'ee_009', 'ef_000', 'eg_000'],
      dtype='object', length=172)
[2023-06-05 01:38:05,019] 26 root - INFO - dropping column _id
[2023-06-05 01:38:05,211] 28 root - INFO - row and column in df : (36188, 172)
[2023-06-05 01:38:05,211] 28 root - INFO - Save data in feature store
[2023-06-05 01:38:06,560] 34 root - INFO - Create feature store folder if not available
[2023-06-05 01:38:06,560] 38 root - INFO - Save df to feature store folder
[2023-06-05 01:38:08,287] 43 root - INFO - split dataset into train and test set
[2023-06-05 01:38:08,586] 47 root - INFO - create dataset directory folder if not available
[2023-06-05 01:38:08,586] 52 root - INFO - Save df to feature store folder
[2023-06-05 01:38:10,443] 64 root - INFO - Data ingestion artifact: DataIngestionArtifact(feature_store_file_path='/config/workspace/artifact/060523___013801/data_ingestion/feature_store/sensor.csv', train_file_path='/config/workspace/artifact/060523___013801/data_ingestion/dataset/train.csv', test_file_path='/config/workspace/artifact/060523___013801/data_ingestion/dataset/test.csv')
[2023-06-05 01:38:10,829] 21 root - INFO - >>>>>>>>>>>>>>>>>>>>>>>>>>>>>>>>>>>>>>>> Data Validation <<<<<<<<<<<<<<<<<<<<<<<<<<<<<<<<<<<<<<<<
[2023-06-05 01:38:10,829] 110 root - INFO - Reading base dataframe
[2023-06-05 01:38:13,043] 113 root - INFO - Replace na value in base df
[2023-06-05 01:38:13,043] 115 root - INFO - Drop null values colums from base df
[2023-06-05 01:38:13,261] 44 root - INFO - selecting column name which contains null above to 0.7
[2023-06-05 01:38:13,262] 47 root - INFO - Columns to drop: ['ab_000', 'bn_000', 'bo_000', 'bp_000', 'bq_000', 'br_000', 'cr_000']
[2023-06-05 01:38:13,343] 118 root - INFO - Reading train dataframe
[2023-06-05 01:38:13,729] 120 root - INFO - Reading test dataframe
[2023-06-05 01:38:13,834] 123 root - INFO - Drop null values colums from train df
[2023-06-05 01:38:13,843] 44 root - INFO - selecting column name which contains null above to 0.7
[2023-06-05 01:38:13,843] 47 root - INFO - Columns to drop: ['ab_000', 'bn_000', 'bo_000', 'bp_000', 'bq_000', 'br_000', 'cr_000']
[2023-06-05 01:38:13,854] 125 root - INFO - Drop null values colums from test df
[2023-06-05 01:38:13,857] 44 root - INFO - selecting column name which contains null above to 0.7
[2023-06-05 01:38:13,858] 47 root - INFO - Columns to drop: ['ab_000', 'bn_000', 'bo_000', 'bp_000', 'bq_000', 'br_000', 'cr_000']
[2023-06-05 01:38:14,712] 134 root - INFO - Is all required columns present in train df
[2023-06-05 01:38:14,712] 136 root - INFO - Is all required columns present in test df
[2023-06-05 01:38:14,713] 140 root - INFO - As all column are available in train df hence detecting data drift
[2023-06-05 01:38:14,713] 88 root - INFO - Hypothesis class: object, object 
[2023-06-05 01:38:14,849] 88 root - INFO - Hypothesis aa_000: float64, float64 
[2023-06-05 01:38:14,860] 88 root - INFO - Hypothesis ac_000: float64, float64 
[2023-06-05 01:38:14,868] 88 root - INFO - Hypothesis ad_000: float64, float64 
[2023-06-05 01:38:14,908] 88 root - INFO - Hypothesis ae_000: float64, float64 
[2023-06-05 01:38:14,945] 88 root - INFO - Hypothesis af_000: float64, float64 
[2023-06-05 01:38:14,983] 88 root - INFO - Hypothesis ag_000: float64, float64 
[2023-06-05 01:38:15,019] 88 root - INFO - Hypothesis ag_001: float64, float64 
[2023-06-05 01:38:15,055] 88 root - INFO - Hypothesis ag_002: float64, float64 
[2023-06-05 01:38:15,092] 88 root - INFO - Hypothesis ag_003: float64, float64 
[2023-06-05 01:38:15,131] 88 root - INFO - Hypothesis ag_004: float64, float64 
[2023-06-05 01:38:15,141] 88 root - INFO - Hypothesis ag_005: float64, float64 
[2023-06-05 01:38:15,151] 88 root - INFO - Hypothesis ag_006: float64, float64 
[2023-06-05 01:38:15,162] 88 root - INFO - Hypothesis ag_007: float64, float64 
[2023-06-05 01:38:15,171] 88 root - INFO - Hypothesis ag_008: float64, float64 
[2023-06-05 01:38:15,180] 88 root - INFO - Hypothesis ag_009: float64, float64 
[2023-06-05 01:38:15,219] 88 root - INFO - Hypothesis ah_000: float64, float64 
[2023-06-05 01:38:15,230] 88 root - INFO - Hypothesis ai_000: float64, float64 
[2023-06-05 01:38:15,267] 88 root - INFO - Hypothesis aj_000: float64, float64 
[2023-06-05 01:38:15,305] 88 root - INFO - Hypothesis ak_000: float64, float64 
[2023-06-05 01:38:15,342] 88 root - INFO - Hypothesis al_000: float64, float64 
[2023-06-05 01:38:15,349] 88 root - INFO - Hypothesis am_0: float64, float64 
[2023-06-05 01:38:15,357] 88 root - INFO - Hypothesis an_000: float64, float64 
[2023-06-05 01:38:15,367] 88 root - INFO - Hypothesis ao_000: float64, float64 
[2023-06-05 01:38:15,377] 88 root - INFO - Hypothesis ap_000: float64, float64 
[2023-06-05 01:38:15,388] 88 root - INFO - Hypothesis aq_000: float64, float64 
[2023-06-05 01:38:15,398] 88 root - INFO - Hypothesis ar_000: float64, float64 
[2023-06-05 01:38:15,403] 88 root - INFO - Hypothesis as_000: float64, float64 
[2023-06-05 01:38:15,439] 88 root - INFO - Hypothesis at_000: float64, float64 
[2023-06-05 01:38:15,476] 88 root - INFO - Hypothesis au_000: float64, float64 
[2023-06-05 01:38:15,512] 88 root - INFO - Hypothesis av_000: float64, float64 
[2023-06-05 01:38:15,521] 88 root - INFO - Hypothesis ax_000: float64, float64 
[2023-06-05 01:38:15,529] 88 root - INFO - Hypothesis ay_000: float64, float64 
[2023-06-05 01:38:15,567] 88 root - INFO - Hypothesis ay_001: float64, float64 
[2023-06-05 01:38:15,604] 88 root - INFO - Hypothesis ay_002: float64, float64 
[2023-06-05 01:38:15,642] 88 root - INFO - Hypothesis ay_003: float64, float64 
[2023-06-05 01:38:15,679] 88 root - INFO - Hypothesis ay_004: float64, float64 
[2023-06-05 01:38:15,716] 88 root - INFO - Hypothesis ay_005: float64, float64 
[2023-06-05 01:38:15,724] 88 root - INFO - Hypothesis ay_006: float64, float64 
[2023-06-05 01:38:15,733] 88 root - INFO - Hypothesis ay_007: float64, float64 
[2023-06-05 01:38:15,743] 88 root - INFO - Hypothesis ay_008: float64, float64 
[2023-06-05 01:38:15,753] 88 root - INFO - Hypothesis ay_009: float64, float64 
[2023-06-05 01:38:15,789] 88 root - INFO - Hypothesis az_000: float64, float64 
[2023-06-05 01:38:15,799] 88 root - INFO - Hypothesis az_001: float64, float64 
[2023-06-05 01:38:15,808] 88 root - INFO - Hypothesis az_002: float64, float64 
[2023-06-05 01:38:15,817] 88 root - INFO - Hypothesis az_003: float64, float64 
[2023-06-05 01:38:15,827] 88 root - INFO - Hypothesis az_004: float64, float64 
[2023-06-05 01:38:15,837] 88 root - INFO - Hypothesis az_005: float64, float64 
[2023-06-05 01:38:15,848] 88 root - INFO - Hypothesis az_006: float64, float64 
[2023-06-05 01:38:15,890] 88 root - INFO - Hypothesis az_007: float64, float64 
[2023-06-05 01:38:15,928] 88 root - INFO - Hypothesis az_008: float64, float64 
[2023-06-05 01:38:15,965] 88 root - INFO - Hypothesis az_009: float64, float64 
[2023-06-05 01:38:16,002] 88 root - INFO - Hypothesis ba_000: float64, float64 
[2023-06-05 01:38:16,013] 88 root - INFO - Hypothesis ba_001: float64, float64 
[2023-06-05 01:38:16,023] 88 root - INFO - Hypothesis ba_002: float64, float64 
[2023-06-05 01:38:16,034] 88 root - INFO - Hypothesis ba_003: float64, float64 
[2023-06-05 01:38:16,044] 88 root - INFO - Hypothesis ba_004: float64, float64 
[2023-06-05 01:38:16,054] 88 root - INFO - Hypothesis ba_005: float64, float64 
[2023-06-05 01:38:16,064] 88 root - INFO - Hypothesis ba_006: float64, float64 
[2023-06-05 01:38:16,074] 88 root - INFO - Hypothesis ba_007: float64, float64 
[2023-06-05 01:38:16,083] 88 root - INFO - Hypothesis ba_008: float64, float64 
[2023-06-05 01:38:16,124] 88 root - INFO - Hypothesis ba_009: float64, float64 
[2023-06-05 01:38:16,131] 88 root - INFO - Hypothesis bb_000: float64, float64 
[2023-06-05 01:38:16,141] 88 root - INFO - Hypothesis bc_000: float64, float64 
[2023-06-05 01:38:16,149] 88 root - INFO - Hypothesis bd_000: float64, float64 
[2023-06-05 01:38:16,157] 88 root - INFO - Hypothesis be_000: float64, float64 
[2023-06-05 01:38:16,165] 88 root - INFO - Hypothesis bf_000: float64, float64 
[2023-06-05 01:38:16,172] 88 root - INFO - Hypothesis bg_000: float64, float64 
[2023-06-05 01:38:16,183] 88 root - INFO - Hypothesis bh_000: float64, float64 
[2023-06-05 01:38:16,193] 88 root - INFO - Hypothesis bi_000: float64, float64 
[2023-06-05 01:38:16,203] 88 root - INFO - Hypothesis bj_000: float64, float64 
[2023-06-05 01:38:16,214] 88 root - INFO - Hypothesis bk_000: float64, float64 
[2023-06-05 01:38:16,256] 88 root - INFO - Hypothesis bl_000: float64, float64 
[2023-06-05 01:38:16,297] 88 root - INFO - Hypothesis bm_000: float64, float64 
[2023-06-05 01:38:16,303] 88 root - INFO - Hypothesis bs_000: float64, float64 
[2023-06-05 01:38:16,347] 88 root - INFO - Hypothesis bt_000: float64, float64 
[2023-06-05 01:38:16,357] 88 root - INFO - Hypothesis bu_000: float64, float64 
[2023-06-05 01:38:16,368] 88 root - INFO - Hypothesis bv_000: float64, float64 
[2023-06-05 01:38:16,378] 88 root - INFO - Hypothesis bx_000: float64, float64 
[2023-06-05 01:38:16,388] 88 root - INFO - Hypothesis by_000: float64, float64 
[2023-06-05 01:38:16,398] 88 root - INFO - Hypothesis bz_000: float64, float64 
[2023-06-05 01:38:16,407] 88 root - INFO - Hypothesis ca_000: float64, float64 
[2023-06-05 01:38:16,418] 88 root - INFO - Hypothesis cb_000: float64, float64 
[2023-06-05 01:38:16,462] 88 root - INFO - Hypothesis cc_000: float64, float64 
[2023-06-05 01:38:16,472] 88 root - INFO - Hypothesis cd_000: float64, float64 
[2023-06-05 01:38:16,477] 88 root - INFO - Hypothesis ce_000: float64, float64 
[2023-06-05 01:38:16,486] 88 root - INFO - Hypothesis cf_000: float64, float64 
[2023-06-05 01:38:16,524] 88 root - INFO - Hypothesis cg_000: float64, float64 
[2023-06-05 01:38:16,564] 88 root - INFO - Hypothesis ch_000: float64, float64 
[2023-06-05 01:38:16,602] 88 root - INFO - Hypothesis ci_000: float64, float64 
[2023-06-05 01:38:16,613] 88 root - INFO - Hypothesis cj_000: float64, float64 
[2023-06-05 01:38:16,652] 88 root - INFO - Hypothesis ck_000: float64, float64 
[2023-06-05 01:38:16,697] 88 root - INFO - Hypothesis cl_000: float64, float64 
[2023-06-05 01:38:16,735] 88 root - INFO - Hypothesis cm_000: float64, float64 
[2023-06-05 01:38:16,774] 88 root - INFO - Hypothesis cn_000: float64, float64 
[2023-06-05 01:38:16,811] 88 root - INFO - Hypothesis cn_001: float64, float64 
[2023-06-05 01:38:16,850] 88 root - INFO - Hypothesis cn_002: float64, float64 
[2023-06-05 01:38:16,891] 88 root - INFO - Hypothesis cn_003: float64, float64 
[2023-06-05 01:38:16,934] 88 root - INFO - Hypothesis cn_004: float64, float64 
[2023-06-05 01:38:16,945] 88 root - INFO - Hypothesis cn_005: float64, float64 
[2023-06-05 01:38:16,955] 88 root - INFO - Hypothesis cn_006: float64, float64 
[2023-06-05 01:38:16,965] 88 root - INFO - Hypothesis cn_007: float64, float64 
[2023-06-05 01:38:16,975] 88 root - INFO - Hypothesis cn_008: float64, float64 
[2023-06-05 01:38:16,984] 88 root - INFO - Hypothesis cn_009: float64, float64 
[2023-06-05 01:38:16,991] 88 root - INFO - Hypothesis co_000: float64, float64 
[2023-06-05 01:38:17,032] 88 root - INFO - Hypothesis cp_000: float64, float64 
[2023-06-05 01:38:17,039] 88 root - INFO - Hypothesis cq_000: float64, float64 
[2023-06-05 01:38:17,050] 88 root - INFO - Hypothesis cs_000: float64, float64 
[2023-06-05 01:38:17,060] 88 root - INFO - Hypothesis cs_001: float64, float64 
[2023-06-05 01:38:17,101] 88 root - INFO - Hypothesis cs_002: float64, float64 
[2023-06-05 01:38:17,111] 88 root - INFO - Hypothesis cs_003: float64, float64 
[2023-06-05 01:38:17,122] 88 root - INFO - Hypothesis cs_004: float64, float64 
[2023-06-05 01:38:17,132] 88 root - INFO - Hypothesis cs_005: float64, float64 
[2023-06-05 01:38:17,142] 88 root - INFO - Hypothesis cs_006: float64, float64 
[2023-06-05 01:38:17,153] 88 root - INFO - Hypothesis cs_007: float64, float64 
[2023-06-05 01:38:17,163] 88 root - INFO - Hypothesis cs_008: float64, float64 
[2023-06-05 01:38:17,203] 88 root - INFO - Hypothesis cs_009: float64, float64 
[2023-06-05 01:38:17,240] 88 root - INFO - Hypothesis ct_000: float64, float64 
[2023-06-05 01:38:17,279] 88 root - INFO - Hypothesis cu_000: float64, float64 
[2023-06-05 01:38:17,321] 88 root - INFO - Hypothesis cv_000: float64, float64 
[2023-06-05 01:38:17,330] 88 root - INFO - Hypothesis cx_000: float64, float64 
[2023-06-05 01:38:17,371] 88 root - INFO - Hypothesis cy_000: float64, float64 
[2023-06-05 01:38:17,409] 88 root - INFO - Hypothesis cz_000: float64, float64 
[2023-06-05 01:38:17,417] 88 root - INFO - Hypothesis da_000: float64, float64 
[2023-06-05 01:38:17,458] 88 root - INFO - Hypothesis db_000: float64, float64 
[2023-06-05 01:38:17,497] 88 root - INFO - Hypothesis dc_000: float64, float64 
[2023-06-05 01:38:17,540] 88 root - INFO - Hypothesis dd_000: float64, float64 
[2023-06-05 01:38:17,550] 88 root - INFO - Hypothesis de_000: float64, float64 
[2023-06-05 01:38:17,558] 88 root - INFO - Hypothesis df_000: float64, float64 
[2023-06-05 01:38:17,596] 88 root - INFO - Hypothesis dg_000: float64, float64 
[2023-06-05 01:38:17,633] 88 root - INFO - Hypothesis dh_000: float64, float64 
[2023-06-05 01:38:17,672] 88 root - INFO - Hypothesis di_000: float64, float64 
[2023-06-05 01:38:17,711] 88 root - INFO - Hypothesis dj_000: float64, float64 
[2023-06-05 01:38:17,747] 88 root - INFO - Hypothesis dk_000: float64, float64 
[2023-06-05 01:38:17,784] 88 root - INFO - Hypothesis dl_000: float64, float64 
[2023-06-05 01:38:17,822] 88 root - INFO - Hypothesis dm_000: float64, float64 
[2023-06-05 01:38:17,859] 88 root - INFO - Hypothesis dn_000: float64, float64 
[2023-06-05 01:38:17,869] 88 root - INFO - Hypothesis do_000: float64, float64 
[2023-06-05 01:38:17,879] 88 root - INFO - Hypothesis dp_000: float64, float64 
[2023-06-05 01:38:17,888] 88 root - INFO - Hypothesis dq_000: float64, float64 
[2023-06-05 01:38:17,928] 88 root - INFO - Hypothesis dr_000: float64, float64 
[2023-06-05 01:38:17,934] 88 root - INFO - Hypothesis ds_000: float64, float64 
[2023-06-05 01:38:17,944] 88 root - INFO - Hypothesis dt_000: float64, float64 
[2023-06-05 01:38:17,954] 88 root - INFO - Hypothesis du_000: float64, float64 
[2023-06-05 01:38:17,964] 88 root - INFO - Hypothesis dv_000: float64, float64 
[2023-06-05 01:38:17,975] 88 root - INFO - Hypothesis dx_000: float64, float64 
[2023-06-05 01:38:17,981] 88 root - INFO - Hypothesis dy_000: float64, float64 
[2023-06-05 01:38:17,988] 88 root - INFO - Hypothesis dz_000: float64, float64 
[2023-06-05 01:38:18,026] 88 root - INFO - Hypothesis ea_000: float64, float64 
[2023-06-05 01:38:18,063] 88 root - INFO - Hypothesis eb_000: float64, float64 
[2023-06-05 01:38:18,072] 88 root - INFO - Hypothesis ec_00: float64, float64 
[2023-06-05 01:38:18,114] 88 root - INFO - Hypothesis ed_000: float64, float64 
[2023-06-05 01:38:18,157] 88 root - INFO - Hypothesis ee_000: float64, float64 
[2023-06-05 01:38:18,168] 88 root - INFO - Hypothesis ee_001: float64, float64 
[2023-06-05 01:38:18,178] 88 root - INFO - Hypothesis ee_002: float64, float64 
[2023-06-05 01:38:18,222] 88 root - INFO - Hypothesis ee_003: float64, float64 
[2023-06-05 01:38:18,232] 88 root - INFO - Hypothesis ee_004: float64, float64 
[2023-06-05 01:38:18,243] 88 root - INFO - Hypothesis ee_005: float64, float64 
[2023-06-05 01:38:18,253] 88 root - INFO - Hypothesis ee_006: float64, float64 
[2023-06-05 01:38:18,263] 88 root - INFO - Hypothesis ee_007: float64, float64 
[2023-06-05 01:38:18,273] 88 root - INFO - Hypothesis ee_008: float64, float64 
[2023-06-05 01:38:18,282] 88 root - INFO - Hypothesis ee_009: float64, float64 
[2023-06-05 01:38:18,289] 88 root - INFO - Hypothesis ef_000: float64, float64 
[2023-06-05 01:38:18,327] 88 root - INFO - Hypothesis eg_000: float64, float64 
[2023-06-05 01:38:18,364] 143 root - INFO - As all column are available in test df hence detecting data drift
[2023-06-05 01:38:18,365] 88 root - INFO - Hypothesis class: object, object 
[2023-06-05 01:38:18,442] 88 root - INFO - Hypothesis aa_000: float64, float64 
[2023-06-05 01:38:18,449] 88 root - INFO - Hypothesis ac_000: float64, float64 
[2023-06-05 01:38:18,454] 88 root - INFO - Hypothesis ad_000: float64, float64 
[2023-06-05 01:38:18,460] 88 root - INFO - Hypothesis ae_000: float64, float64 
[2023-06-05 01:38:18,463] 88 root - INFO - Hypothesis af_000: float64, float64 
[2023-06-05 01:38:18,466] 88 root - INFO - Hypothesis ag_000: float64, float64 
[2023-06-05 01:38:18,481] 88 root - INFO - Hypothesis ag_001: float64, float64 
[2023-06-05 01:38:18,497] 88 root - INFO - Hypothesis ag_002: float64, float64 
[2023-06-05 01:38:18,513] 88 root - INFO - Hypothesis ag_003: float64, float64 
[2023-06-05 01:38:18,517] 88 root - INFO - Hypothesis ag_004: float64, float64 
[2023-06-05 01:38:18,524] 88 root - INFO - Hypothesis ag_005: float64, float64 
[2023-06-05 01:38:18,531] 88 root - INFO - Hypothesis ag_006: float64, float64 
[2023-06-05 01:38:18,538] 88 root - INFO - Hypothesis ag_007: float64, float64 
[2023-06-05 01:38:18,544] 88 root - INFO - Hypothesis ag_008: float64, float64 
[2023-06-05 01:38:18,550] 88 root - INFO - Hypothesis ag_009: float64, float64 
[2023-06-05 01:38:18,567] 88 root - INFO - Hypothesis ah_000: float64, float64 
[2023-06-05 01:38:18,575] 88 root - INFO - Hypothesis ai_000: float64, float64 
[2023-06-05 01:38:18,578] 88 root - INFO - Hypothesis aj_000: float64, float64 
[2023-06-05 01:38:18,582] 88 root - INFO - Hypothesis ak_000: float64, float64 
[2023-06-05 01:38:18,586] 88 root - INFO - Hypothesis al_000: float64, float64 
[2023-06-05 01:38:18,591] 88 root - INFO - Hypothesis am_0: float64, float64 
[2023-06-05 01:38:18,596] 88 root - INFO - Hypothesis an_000: float64, float64 
[2023-06-05 01:38:18,603] 88 root - INFO - Hypothesis ao_000: float64, float64 
[2023-06-05 01:38:18,610] 88 root - INFO - Hypothesis ap_000: float64, float64 
[2023-06-05 01:38:18,617] 88 root - INFO - Hypothesis aq_000: float64, float64 
[2023-06-05 01:38:18,624] 88 root - INFO - Hypothesis ar_000: float64, float64 
[2023-06-05 01:38:18,628] 88 root - INFO - Hypothesis as_000: float64, float64 
[2023-06-05 01:38:18,643] 88 root - INFO - Hypothesis at_000: float64, float64 
[2023-06-05 01:38:18,659] 88 root - INFO - Hypothesis au_000: float64, float64 
[2023-06-05 01:38:18,674] 88 root - INFO - Hypothesis av_000: float64, float64 
[2023-06-05 01:38:18,680] 88 root - INFO - Hypothesis ax_000: float64, float64 
[2023-06-05 01:38:18,686] 88 root - INFO - Hypothesis ay_000: float64, float64 
[2023-06-05 01:38:18,701] 88 root - INFO - Hypothesis ay_001: float64, float64 
[2023-06-05 01:38:18,717] 88 root - INFO - Hypothesis ay_002: float64, float64 
[2023-06-05 01:38:18,732] 88 root - INFO - Hypothesis ay_003: float64, float64 
[2023-06-05 01:38:18,748] 88 root - INFO - Hypothesis ay_004: float64, float64 
[2023-06-05 01:38:18,763] 88 root - INFO - Hypothesis ay_005: float64, float64 
[2023-06-05 01:38:18,769] 88 root - INFO - Hypothesis ay_006: float64, float64 
[2023-06-05 01:38:18,775] 88 root - INFO - Hypothesis ay_007: float64, float64 
[2023-06-05 01:38:18,782] 88 root - INFO - Hypothesis ay_008: float64, float64 
[2023-06-05 01:38:18,789] 88 root - INFO - Hypothesis ay_009: float64, float64 
[2023-06-05 01:38:18,804] 88 root - INFO - Hypothesis az_000: float64, float64 
[2023-06-05 01:38:18,810] 88 root - INFO - Hypothesis az_001: float64, float64 
[2023-06-05 01:38:18,817] 88 root - INFO - Hypothesis az_002: float64, float64 
[2023-06-05 01:38:18,823] 88 root - INFO - Hypothesis az_003: float64, float64 
[2023-06-05 01:38:18,830] 88 root - INFO - Hypothesis az_004: float64, float64 
[2023-06-05 01:38:18,837] 88 root - INFO - Hypothesis az_005: float64, float64 
[2023-06-05 01:38:18,844] 88 root - INFO - Hypothesis az_006: float64, float64 
[2023-06-05 01:38:18,850] 88 root - INFO - Hypothesis az_007: float64, float64 
[2023-06-05 01:38:18,854] 88 root - INFO - Hypothesis az_008: float64, float64 
[2023-06-05 01:38:18,870] 88 root - INFO - Hypothesis az_009: float64, float64 
[2023-06-05 01:38:18,885] 88 root - INFO - Hypothesis ba_000: float64, float64 
[2023-06-05 01:38:18,892] 88 root - INFO - Hypothesis ba_001: float64, float64 
[2023-06-05 01:38:18,899] 88 root - INFO - Hypothesis ba_002: float64, float64 
[2023-06-05 01:38:18,906] 88 root - INFO - Hypothesis ba_003: float64, float64 
[2023-06-05 01:38:18,913] 88 root - INFO - Hypothesis ba_004: float64, float64 
[2023-06-05 01:38:18,920] 88 root - INFO - Hypothesis ba_005: float64, float64 
[2023-06-05 01:38:18,927] 88 root - INFO - Hypothesis ba_006: float64, float64 
[2023-06-05 01:38:18,933] 88 root - INFO - Hypothesis ba_007: float64, float64 
[2023-06-05 01:38:18,940] 88 root - INFO - Hypothesis ba_008: float64, float64 
[2023-06-05 01:38:18,945] 88 root - INFO - Hypothesis ba_009: float64, float64 
[2023-06-05 01:38:18,950] 88 root - INFO - Hypothesis bb_000: float64, float64 
[2023-06-05 01:38:18,957] 88 root - INFO - Hypothesis bc_000: float64, float64 
[2023-06-05 01:38:18,962] 88 root - INFO - Hypothesis bd_000: float64, float64 
[2023-06-05 01:38:18,968] 88 root - INFO - Hypothesis be_000: float64, float64 
[2023-06-05 01:38:18,974] 88 root - INFO - Hypothesis bf_000: float64, float64 
[2023-06-05 01:38:18,978] 88 root - INFO - Hypothesis bg_000: float64, float64 
[2023-06-05 01:38:18,986] 88 root - INFO - Hypothesis bh_000: float64, float64 
[2023-06-05 01:38:18,993] 88 root - INFO - Hypothesis bi_000: float64, float64 
[2023-06-05 01:38:19,001] 88 root - INFO - Hypothesis bj_000: float64, float64 
[2023-06-05 01:38:19,008] 88 root - INFO - Hypothesis bk_000: float64, float64 
[2023-06-05 01:38:19,014] 88 root - INFO - Hypothesis bl_000: float64, float64 
[2023-06-05 01:38:19,019] 88 root - INFO - Hypothesis bm_000: float64, float64 
[2023-06-05 01:38:19,023] 88 root - INFO - Hypothesis bs_000: float64, float64 
[2023-06-05 01:38:19,030] 88 root - INFO - Hypothesis bt_000: float64, float64 
[2023-06-05 01:38:19,037] 88 root - INFO - Hypothesis bu_000: float64, float64 
[2023-06-05 01:38:19,044] 88 root - INFO - Hypothesis bv_000: float64, float64 
[2023-06-05 01:38:19,051] 88 root - INFO - Hypothesis bx_000: float64, float64 
[2023-06-05 01:38:19,058] 88 root - INFO - Hypothesis by_000: float64, float64 
[2023-06-05 01:38:19,064] 88 root - INFO - Hypothesis bz_000: float64, float64 
[2023-06-05 01:38:19,070] 88 root - INFO - Hypothesis ca_000: float64, float64 
[2023-06-05 01:38:19,077] 88 root - INFO - Hypothesis cb_000: float64, float64 
[2023-06-05 01:38:19,084] 88 root - INFO - Hypothesis cc_000: float64, float64 
[2023-06-05 01:38:19,091] 88 root - INFO - Hypothesis cd_000: float64, float64 
[2023-06-05 01:38:19,094] 88 root - INFO - Hypothesis ce_000: float64, float64 
[2023-06-05 01:38:19,100] 88 root - INFO - Hypothesis cf_000: float64, float64 
[2023-06-05 01:38:19,104] 88 root - INFO - Hypothesis cg_000: float64, float64 
[2023-06-05 01:38:19,109] 88 root - INFO - Hypothesis ch_000: float64, float64 
[2023-06-05 01:38:19,125] 88 root - INFO - Hypothesis ci_000: float64, float64 
[2023-06-05 01:38:19,132] 88 root - INFO - Hypothesis cj_000: float64, float64 
[2023-06-05 01:38:19,136] 88 root - INFO - Hypothesis ck_000: float64, float64 
[2023-06-05 01:38:19,143] 88 root - INFO - Hypothesis cl_000: float64, float64 
[2023-06-05 01:38:19,160] 88 root - INFO - Hypothesis cm_000: float64, float64 
[2023-06-05 01:38:19,165] 88 root - INFO - Hypothesis cn_000: float64, float64 
[2023-06-05 01:38:19,181] 88 root - INFO - Hypothesis cn_001: float64, float64 
[2023-06-05 01:38:19,185] 88 root - INFO - Hypothesis cn_002: float64, float64 
[2023-06-05 01:38:19,190] 88 root - INFO - Hypothesis cn_003: float64, float64 
[2023-06-05 01:38:19,197] 88 root - INFO - Hypothesis cn_004: float64, float64 
[2023-06-05 01:38:19,204] 88 root - INFO - Hypothesis cn_005: float64, float64 
[2023-06-05 01:38:19,211] 88 root - INFO - Hypothesis cn_006: float64, float64 
[2023-06-05 01:38:19,218] 88 root - INFO - Hypothesis cn_007: float64, float64 
[2023-06-05 01:38:19,224] 88 root - INFO - Hypothesis cn_008: float64, float64 
[2023-06-05 01:38:19,230] 88 root - INFO - Hypothesis cn_009: float64, float64 
[2023-06-05 01:38:19,236] 88 root - INFO - Hypothesis co_000: float64, float64 
[2023-06-05 01:38:19,240] 88 root - INFO - Hypothesis cp_000: float64, float64 
[2023-06-05 01:38:19,246] 88 root - INFO - Hypothesis cq_000: float64, float64 
[2023-06-05 01:38:19,253] 88 root - INFO - Hypothesis cs_000: float64, float64 
[2023-06-05 01:38:19,259] 88 root - INFO - Hypothesis cs_001: float64, float64 
[2023-06-05 01:38:19,265] 88 root - INFO - Hypothesis cs_002: float64, float64 
[2023-06-05 01:38:19,272] 88 root - INFO - Hypothesis cs_003: float64, float64 
[2023-06-05 01:38:19,279] 88 root - INFO - Hypothesis cs_004: float64, float64 
[2023-06-05 01:38:19,286] 88 root - INFO - Hypothesis cs_005: float64, float64 
[2023-06-05 01:38:19,293] 88 root - INFO - Hypothesis cs_006: float64, float64 
[2023-06-05 01:38:19,300] 88 root - INFO - Hypothesis cs_007: float64, float64 
[2023-06-05 01:38:19,309] 88 root - INFO - Hypothesis cs_008: float64, float64 
[2023-06-05 01:38:19,314] 88 root - INFO - Hypothesis cs_009: float64, float64 
[2023-06-05 01:38:19,330] 88 root - INFO - Hypothesis ct_000: float64, float64 
[2023-06-05 01:38:19,335] 88 root - INFO - Hypothesis cu_000: float64, float64 
[2023-06-05 01:38:19,340] 88 root - INFO - Hypothesis cv_000: float64, float64 
[2023-06-05 01:38:19,347] 88 root - INFO - Hypothesis cx_000: float64, float64 
[2023-06-05 01:38:19,353] 88 root - INFO - Hypothesis cy_000: float64, float64 
[2023-06-05 01:38:19,369] 88 root - INFO - Hypothesis cz_000: float64, float64 
[2023-06-05 01:38:19,374] 88 root - INFO - Hypothesis da_000: float64, float64 
[2023-06-05 01:38:19,390] 88 root - INFO - Hypothesis db_000: float64, float64 
[2023-06-05 01:38:19,394] 88 root - INFO - Hypothesis dc_000: float64, float64 
[2023-06-05 01:38:19,400] 88 root - INFO - Hypothesis dd_000: float64, float64 
[2023-06-05 01:38:19,406] 88 root - INFO - Hypothesis de_000: float64, float64 
[2023-06-05 01:38:19,412] 88 root - INFO - Hypothesis df_000: float64, float64 
[2023-06-05 01:38:19,415] 88 root - INFO - Hypothesis dg_000: float64, float64 
[2023-06-05 01:38:19,418] 88 root - INFO - Hypothesis dh_000: float64, float64 
[2023-06-05 01:38:19,422] 88 root - INFO - Hypothesis di_000: float64, float64 
[2023-06-05 01:38:19,426] 88 root - INFO - Hypothesis dj_000: float64, float64 
[2023-06-05 01:38:19,429] 88 root - INFO - Hypothesis dk_000: float64, float64 
[2023-06-05 01:38:19,432] 88 root - INFO - Hypothesis dl_000: float64, float64 
[2023-06-05 01:38:19,435] 88 root - INFO - Hypothesis dm_000: float64, float64 
[2023-06-05 01:38:19,438] 88 root - INFO - Hypothesis dn_000: float64, float64 
[2023-06-05 01:38:19,445] 88 root - INFO - Hypothesis do_000: float64, float64 
[2023-06-05 01:38:19,451] 88 root - INFO - Hypothesis dp_000: float64, float64 
[2023-06-05 01:38:19,457] 88 root - INFO - Hypothesis dq_000: float64, float64 
[2023-06-05 01:38:19,462] 88 root - INFO - Hypothesis dr_000: float64, float64 
[2023-06-05 01:38:19,466] 88 root - INFO - Hypothesis ds_000: float64, float64 
[2023-06-05 01:38:19,473] 88 root - INFO - Hypothesis dt_000: float64, float64 
[2023-06-05 01:38:19,479] 88 root - INFO - Hypothesis du_000: float64, float64 
[2023-06-05 01:38:19,486] 88 root - INFO - Hypothesis dv_000: float64, float64 
[2023-06-05 01:38:19,493] 88 root - INFO - Hypothesis dx_000: float64, float64 
[2023-06-05 01:38:19,497] 88 root - INFO - Hypothesis dy_000: float64, float64 
[2023-06-05 01:38:19,502] 88 root - INFO - Hypothesis dz_000: float64, float64 
[2023-06-05 01:38:19,505] 88 root - INFO - Hypothesis ea_000: float64, float64 
[2023-06-05 01:38:19,508] 88 root - INFO - Hypothesis eb_000: float64, float64 
[2023-06-05 01:38:19,514] 88 root - INFO - Hypothesis ec_00: float64, float64 
[2023-06-05 01:38:19,521] 88 root - INFO - Hypothesis ed_000: float64, float64 
[2023-06-05 01:38:19,527] 88 root - INFO - Hypothesis ee_000: float64, float64 
[2023-06-05 01:38:19,534] 88 root - INFO - Hypothesis ee_001: float64, float64 
[2023-06-05 01:38:19,541] 88 root - INFO - Hypothesis ee_002: float64, float64 
[2023-06-05 01:38:19,548] 88 root - INFO - Hypothesis ee_003: float64, float64 
[2023-06-05 01:38:19,555] 88 root - INFO - Hypothesis ee_004: float64, float64 
[2023-06-05 01:38:19,562] 88 root - INFO - Hypothesis ee_005: float64, float64 
[2023-06-05 01:38:19,569] 88 root - INFO - Hypothesis ee_006: float64, float64 
[2023-06-05 01:38:19,575] 88 root - INFO - Hypothesis ee_007: float64, float64 
[2023-06-05 01:38:19,582] 88 root - INFO - Hypothesis ee_008: float64, float64 
[2023-06-05 01:38:19,588] 88 root - INFO - Hypothesis ee_009: float64, float64 
[2023-06-05 01:38:19,593] 88 root - INFO - Hypothesis ef_000: float64, float64 
[2023-06-05 01:38:19,596] 88 root - INFO - Hypothesis eg_000: float64, float64 
[2023-06-05 01:38:19,599] 147 root - INFO - Write reprt in yaml file
[2023-06-05 01:38:19,676] 152 root - INFO - Data validation artifact: DataValidationArtifact(report_file_path='/config/workspace/artifact/060523___013801/data_validation/report.yaml')
