[2023-06-05 17:36:21,115] 22 root - INFO - Exporting collection data as pandas dataframe
[2023-06-05 17:36:21,115] 22 root - INFO - Reading data from database : aps and collection : sensor
[2023-06-05 17:36:24,934] 24 root - INFO - Found Columns :Index(['_id', 'class', 'aa_000', 'ab_000', 'ac_000', 'ad_000', 'ae_000',
       'af_000', 'ag_000', 'ag_001',
       ...
       'ee_002', 'ee_003', 'ee_004', 'ee_005', 'ee_006', 'ee_007', 'ee_008',
       'ee_009', 'ef_000', 'eg_000'],
      dtype='object', length=172)
[2023-06-05 17:36:24,934] 26 root - INFO - dropping column _id
[2023-06-05 17:36:25,130] 28 root - INFO - row and column in df : (36188, 172)
[2023-06-05 17:36:25,130] 28 root - INFO - Save data in feature store
[2023-06-05 17:36:26,509] 34 root - INFO - Create feature store folder if not available
[2023-06-05 17:36:26,510] 38 root - INFO - Save df to feature store folder
[2023-06-05 17:36:28,317] 43 root - INFO - split dataset into train and test set
[2023-06-05 17:36:28,635] 47 root - INFO - create dataset directory folder if not available
[2023-06-05 17:36:28,636] 52 root - INFO - Save df to feature store folder
[2023-06-05 17:36:30,647] 64 root - INFO - Data ingestion artifact: DataIngestionArtifact(feature_store_file_path='/config/workspace/artifact/060523___173621/data_ingestion/feature_store/sensor.csv', train_file_path='/config/workspace/artifact/060523___173621/data_ingestion/dataset/train.csv', test_file_path='/config/workspace/artifact/060523___173621/data_ingestion/dataset/test.csv')
[2023-06-05 17:36:31,081] 21 root - INFO - >>>>>>>>>>>>>>>>>>>>>>>>>>>>>>>>>>>>>>>> Data Validation <<<<<<<<<<<<<<<<<<<<<<<<<<<<<<<<<<<<<<<<
[2023-06-05 17:36:31,081] 110 root - INFO - Reading base dataframe
[2023-06-05 17:36:33,428] 113 root - INFO - Replace na value in base df
[2023-06-05 17:36:33,428] 115 root - INFO - Drop null values colums from base df
[2023-06-05 17:36:33,653] 44 root - INFO - selecting column name which contains null above to 0.7
[2023-06-05 17:36:33,653] 47 root - INFO - Columns to drop: ['ab_000', 'bn_000', 'bo_000', 'bp_000', 'bq_000', 'br_000', 'cr_000']
[2023-06-05 17:36:33,745] 118 root - INFO - Reading train dataframe
[2023-06-05 17:36:34,149] 120 root - INFO - Reading test dataframe
[2023-06-05 17:36:34,255] 123 root - INFO - Drop null values colums from train df
[2023-06-05 17:36:34,265] 44 root - INFO - selecting column name which contains null above to 0.7
[2023-06-05 17:36:34,265] 47 root - INFO - Columns to drop: ['ab_000', 'bn_000', 'bo_000', 'bp_000', 'bq_000', 'br_000', 'cr_000']
[2023-06-05 17:36:34,275] 125 root - INFO - Drop null values colums from test df
[2023-06-05 17:36:34,279] 44 root - INFO - selecting column name which contains null above to 0.7
[2023-06-05 17:36:34,279] 47 root - INFO - Columns to drop: ['ab_000', 'bn_000', 'bo_000', 'bp_000', 'bq_000', 'br_000', 'cr_000']
[2023-06-05 17:36:35,132] 134 root - INFO - Is all required columns present in train df
[2023-06-05 17:36:35,132] 136 root - INFO - Is all required columns present in test df
[2023-06-05 17:36:35,132] 140 root - INFO - As all column are available in train df hence detecting data drift
[2023-06-05 17:36:35,132] 88 root - INFO - Hypothesis class: object, object 
[2023-06-05 17:36:35,264] 88 root - INFO - Hypothesis aa_000: float64, float64 
[2023-06-05 17:36:35,274] 88 root - INFO - Hypothesis ac_000: float64, float64 
[2023-06-05 17:36:35,282] 88 root - INFO - Hypothesis ad_000: float64, float64 
[2023-06-05 17:36:35,290] 88 root - INFO - Hypothesis ae_000: float64, float64 
[2023-06-05 17:36:35,327] 88 root - INFO - Hypothesis af_000: float64, float64 
[2023-06-05 17:36:35,363] 88 root - INFO - Hypothesis ag_000: float64, float64 
[2023-06-05 17:36:35,400] 88 root - INFO - Hypothesis ag_001: float64, float64 
[2023-06-05 17:36:35,436] 88 root - INFO - Hypothesis ag_002: float64, float64 
[2023-06-05 17:36:35,472] 88 root - INFO - Hypothesis ag_003: float64, float64 
[2023-06-05 17:36:35,510] 88 root - INFO - Hypothesis ag_004: float64, float64 
[2023-06-05 17:36:35,521] 88 root - INFO - Hypothesis ag_005: float64, float64 
[2023-06-05 17:36:35,531] 88 root - INFO - Hypothesis ag_006: float64, float64 
[2023-06-05 17:36:35,542] 88 root - INFO - Hypothesis ag_007: float64, float64 
[2023-06-05 17:36:35,557] 88 root - INFO - Hypothesis ag_008: float64, float64 
[2023-06-05 17:36:35,598] 88 root - INFO - Hypothesis ag_009: float64, float64 
[2023-06-05 17:36:35,729] 88 root - INFO - Hypothesis ah_000: float64, float64 
[2023-06-05 17:36:35,740] 88 root - INFO - Hypothesis ai_000: float64, float64 
[2023-06-05 17:36:35,777] 88 root - INFO - Hypothesis aj_000: float64, float64 
[2023-06-05 17:36:35,783] 88 root - INFO - Hypothesis ak_000: float64, float64 
[2023-06-05 17:36:35,820] 88 root - INFO - Hypothesis al_000: float64, float64 
[2023-06-05 17:36:35,827] 88 root - INFO - Hypothesis am_0: float64, float64 
[2023-06-05 17:36:35,834] 88 root - INFO - Hypothesis an_000: float64, float64 
[2023-06-05 17:36:35,845] 88 root - INFO - Hypothesis ao_000: float64, float64 
[2023-06-05 17:36:35,856] 88 root - INFO - Hypothesis ap_000: float64, float64 
[2023-06-05 17:36:35,866] 88 root - INFO - Hypothesis aq_000: float64, float64 
[2023-06-05 17:36:35,877] 88 root - INFO - Hypothesis ar_000: float64, float64 
[2023-06-05 17:36:35,913] 88 root - INFO - Hypothesis as_000: float64, float64 
[2023-06-05 17:36:35,949] 88 root - INFO - Hypothesis at_000: float64, float64 
[2023-06-05 17:36:35,986] 88 root - INFO - Hypothesis au_000: float64, float64 
[2023-06-05 17:36:36,023] 88 root - INFO - Hypothesis av_000: float64, float64 
[2023-06-05 17:36:36,065] 88 root - INFO - Hypothesis ax_000: float64, float64 
[2023-06-05 17:36:36,073] 88 root - INFO - Hypothesis ay_000: float64, float64 
[2023-06-05 17:36:36,110] 88 root - INFO - Hypothesis ay_001: float64, float64 
[2023-06-05 17:36:36,146] 88 root - INFO - Hypothesis ay_002: float64, float64 
[2023-06-05 17:36:36,183] 88 root - INFO - Hypothesis ay_003: float64, float64 
[2023-06-05 17:36:36,219] 88 root - INFO - Hypothesis ay_004: float64, float64 
[2023-06-05 17:36:36,257] 88 root - INFO - Hypothesis ay_005: float64, float64 
[2023-06-05 17:36:36,264] 88 root - INFO - Hypothesis ay_006: float64, float64 
[2023-06-05 17:36:36,273] 88 root - INFO - Hypothesis ay_007: float64, float64 
[2023-06-05 17:36:36,283] 88 root - INFO - Hypothesis ay_008: float64, float64 
[2023-06-05 17:36:36,294] 88 root - INFO - Hypothesis ay_009: float64, float64 
[2023-06-05 17:36:36,330] 88 root - INFO - Hypothesis az_000: float64, float64 
[2023-06-05 17:36:36,340] 88 root - INFO - Hypothesis az_001: float64, float64 
[2023-06-05 17:36:36,349] 88 root - INFO - Hypothesis az_002: float64, float64 
[2023-06-05 17:36:36,358] 88 root - INFO - Hypothesis az_003: float64, float64 
[2023-06-05 17:36:36,368] 88 root - INFO - Hypothesis az_004: float64, float64 
[2023-06-05 17:36:36,379] 88 root - INFO - Hypothesis az_005: float64, float64 
[2023-06-05 17:36:36,389] 88 root - INFO - Hypothesis az_006: float64, float64 
[2023-06-05 17:36:36,430] 88 root - INFO - Hypothesis az_007: float64, float64 
[2023-06-05 17:36:36,468] 88 root - INFO - Hypothesis az_008: float64, float64 
[2023-06-05 17:36:36,506] 88 root - INFO - Hypothesis az_009: float64, float64 
[2023-06-05 17:36:36,543] 88 root - INFO - Hypothesis ba_000: float64, float64 
[2023-06-05 17:36:36,554] 88 root - INFO - Hypothesis ba_001: float64, float64 
[2023-06-05 17:36:36,565] 88 root - INFO - Hypothesis ba_002: float64, float64 
[2023-06-05 17:36:36,576] 88 root - INFO - Hypothesis ba_003: float64, float64 
[2023-06-05 17:36:36,587] 88 root - INFO - Hypothesis ba_004: float64, float64 
[2023-06-05 17:36:36,597] 88 root - INFO - Hypothesis ba_005: float64, float64 
[2023-06-05 17:36:36,607] 88 root - INFO - Hypothesis ba_006: float64, float64 
[2023-06-05 17:36:36,617] 88 root - INFO - Hypothesis ba_007: float64, float64 
[2023-06-05 17:36:36,658] 88 root - INFO - Hypothesis ba_008: float64, float64 
[2023-06-05 17:36:36,703] 88 root - INFO - Hypothesis ba_009: float64, float64 
[2023-06-05 17:36:36,742] 88 root - INFO - Hypothesis bb_000: float64, float64 
[2023-06-05 17:36:36,753] 88 root - INFO - Hypothesis bc_000: float64, float64 
[2023-06-05 17:36:36,761] 88 root - INFO - Hypothesis bd_000: float64, float64 
[2023-06-05 17:36:36,769] 88 root - INFO - Hypothesis be_000: float64, float64 
[2023-06-05 17:36:36,810] 88 root - INFO - Hypothesis bf_000: float64, float64 
[2023-06-05 17:36:36,849] 88 root - INFO - Hypothesis bg_000: float64, float64 
[2023-06-05 17:36:36,859] 88 root - INFO - Hypothesis bh_000: float64, float64 
[2023-06-05 17:36:36,869] 88 root - INFO - Hypothesis bi_000: float64, float64 
[2023-06-05 17:36:36,880] 88 root - INFO - Hypothesis bj_000: float64, float64 
[2023-06-05 17:36:36,891] 88 root - INFO - Hypothesis bk_000: float64, float64 
[2023-06-05 17:36:36,899] 88 root - INFO - Hypothesis bl_000: float64, float64 
[2023-06-05 17:36:36,907] 88 root - INFO - Hypothesis bm_000: float64, float64 
[2023-06-05 17:36:36,913] 88 root - INFO - Hypothesis bs_000: float64, float64 
[2023-06-05 17:36:36,924] 88 root - INFO - Hypothesis bt_000: float64, float64 
[2023-06-05 17:36:36,934] 88 root - INFO - Hypothesis bu_000: float64, float64 
[2023-06-05 17:36:36,945] 88 root - INFO - Hypothesis bv_000: float64, float64 
[2023-06-05 17:36:36,955] 88 root - INFO - Hypothesis bx_000: float64, float64 
[2023-06-05 17:36:36,965] 88 root - INFO - Hypothesis by_000: float64, float64 
[2023-06-05 17:36:36,975] 88 root - INFO - Hypothesis bz_000: float64, float64 
[2023-06-05 17:36:36,984] 88 root - INFO - Hypothesis ca_000: float64, float64 
[2023-06-05 17:36:36,995] 88 root - INFO - Hypothesis cb_000: float64, float64 
[2023-06-05 17:36:37,006] 88 root - INFO - Hypothesis cc_000: float64, float64 
[2023-06-05 17:36:37,016] 88 root - INFO - Hypothesis cd_000: float64, float64 
[2023-06-05 17:36:37,021] 88 root - INFO - Hypothesis ce_000: float64, float64 
[2023-06-05 17:36:37,031] 88 root - INFO - Hypothesis cf_000: float64, float64 
[2023-06-05 17:36:37,068] 88 root - INFO - Hypothesis cg_000: float64, float64 
[2023-06-05 17:36:37,075] 88 root - INFO - Hypothesis ch_000: float64, float64 
[2023-06-05 17:36:37,113] 88 root - INFO - Hypothesis ci_000: float64, float64 
[2023-06-05 17:36:37,123] 88 root - INFO - Hypothesis cj_000: float64, float64 
[2023-06-05 17:36:37,161] 88 root - INFO - Hypothesis ck_000: float64, float64 
[2023-06-05 17:36:37,172] 88 root - INFO - Hypothesis cl_000: float64, float64 
[2023-06-05 17:36:37,210] 88 root - INFO - Hypothesis cm_000: float64, float64 
[2023-06-05 17:36:37,250] 88 root - INFO - Hypothesis cn_000: float64, float64 
[2023-06-05 17:36:37,287] 88 root - INFO - Hypothesis cn_001: float64, float64 
[2023-06-05 17:36:37,325] 88 root - INFO - Hypothesis cn_002: float64, float64 
[2023-06-05 17:36:37,333] 88 root - INFO - Hypothesis cn_003: float64, float64 
[2023-06-05 17:36:37,343] 88 root - INFO - Hypothesis cn_004: float64, float64 
[2023-06-05 17:36:37,354] 88 root - INFO - Hypothesis cn_005: float64, float64 
[2023-06-05 17:36:37,364] 88 root - INFO - Hypothesis cn_006: float64, float64 
[2023-06-05 17:36:37,377] 88 root - INFO - Hypothesis cn_007: float64, float64 
[2023-06-05 17:36:37,387] 88 root - INFO - Hypothesis cn_008: float64, float64 
[2023-06-05 17:36:37,396] 88 root - INFO - Hypothesis cn_009: float64, float64 
[2023-06-05 17:36:37,404] 88 root - INFO - Hypothesis co_000: float64, float64 
[2023-06-05 17:36:37,411] 88 root - INFO - Hypothesis cp_000: float64, float64 
[2023-06-05 17:36:37,419] 88 root - INFO - Hypothesis cq_000: float64, float64 
[2023-06-05 17:36:37,429] 88 root - INFO - Hypothesis cs_000: float64, float64 
[2023-06-05 17:36:37,439] 88 root - INFO - Hypothesis cs_001: float64, float64 
[2023-06-05 17:36:37,448] 88 root - INFO - Hypothesis cs_002: float64, float64 
[2023-06-05 17:36:37,574] 88 root - INFO - Hypothesis cs_003: float64, float64 
[2023-06-05 17:36:37,587] 88 root - INFO - Hypothesis cs_004: float64, float64 
[2023-06-05 17:36:37,598] 88 root - INFO - Hypothesis cs_005: float64, float64 
[2023-06-05 17:36:37,609] 88 root - INFO - Hypothesis cs_006: float64, float64 
[2023-06-05 17:36:37,619] 88 root - INFO - Hypothesis cs_007: float64, float64 
[2023-06-05 17:36:37,662] 88 root - INFO - Hypothesis cs_008: float64, float64 
[2023-06-05 17:36:37,669] 88 root - INFO - Hypothesis cs_009: float64, float64 
[2023-06-05 17:36:37,707] 88 root - INFO - Hypothesis ct_000: float64, float64 
[2023-06-05 17:36:37,715] 88 root - INFO - Hypothesis cu_000: float64, float64 
[2023-06-05 17:36:37,724] 88 root - INFO - Hypothesis cv_000: float64, float64 
[2023-06-05 17:36:37,733] 88 root - INFO - Hypothesis cx_000: float64, float64 
[2023-06-05 17:36:37,742] 88 root - INFO - Hypothesis cy_000: float64, float64 
[2023-06-05 17:36:37,779] 88 root - INFO - Hypothesis cz_000: float64, float64 
[2023-06-05 17:36:37,788] 88 root - INFO - Hypothesis da_000: float64, float64 
[2023-06-05 17:36:37,825] 88 root - INFO - Hypothesis db_000: float64, float64 
[2023-06-05 17:36:37,864] 88 root - INFO - Hypothesis dc_000: float64, float64 
[2023-06-05 17:36:37,873] 88 root - INFO - Hypothesis dd_000: float64, float64 
[2023-06-05 17:36:37,882] 88 root - INFO - Hypothesis de_000: float64, float64 
[2023-06-05 17:36:37,891] 88 root - INFO - Hypothesis df_000: float64, float64 
[2023-06-05 17:36:37,928] 88 root - INFO - Hypothesis dg_000: float64, float64 
[2023-06-05 17:36:37,964] 88 root - INFO - Hypothesis dh_000: float64, float64 
[2023-06-05 17:36:38,002] 88 root - INFO - Hypothesis di_000: float64, float64 
[2023-06-05 17:36:38,040] 88 root - INFO - Hypothesis dj_000: float64, float64 
[2023-06-05 17:36:38,077] 88 root - INFO - Hypothesis dk_000: float64, float64 
[2023-06-05 17:36:38,114] 88 root - INFO - Hypothesis dl_000: float64, float64 
[2023-06-05 17:36:38,151] 88 root - INFO - Hypothesis dm_000: float64, float64 
[2023-06-05 17:36:38,188] 88 root - INFO - Hypothesis dn_000: float64, float64 
[2023-06-05 17:36:38,199] 88 root - INFO - Hypothesis do_000: float64, float64 
[2023-06-05 17:36:38,209] 88 root - INFO - Hypothesis dp_000: float64, float64 
[2023-06-05 17:36:38,218] 88 root - INFO - Hypothesis dq_000: float64, float64 
[2023-06-05 17:36:38,224] 88 root - INFO - Hypothesis dr_000: float64, float64 
[2023-06-05 17:36:38,231] 88 root - INFO - Hypothesis ds_000: float64, float64 
[2023-06-05 17:36:38,241] 88 root - INFO - Hypothesis dt_000: float64, float64 
[2023-06-05 17:36:38,251] 88 root - INFO - Hypothesis du_000: float64, float64 
[2023-06-05 17:36:38,261] 88 root - INFO - Hypothesis dv_000: float64, float64 
[2023-06-05 17:36:38,272] 88 root - INFO - Hypothesis dx_000: float64, float64 
[2023-06-05 17:36:38,311] 88 root - INFO - Hypothesis dy_000: float64, float64 
[2023-06-05 17:36:38,318] 88 root - INFO - Hypothesis dz_000: float64, float64 
[2023-06-05 17:36:38,354] 88 root - INFO - Hypothesis ea_000: float64, float64 
[2023-06-05 17:36:38,390] 88 root - INFO - Hypothesis eb_000: float64, float64 
[2023-06-05 17:36:38,431] 88 root - INFO - Hypothesis ec_00: float64, float64 
[2023-06-05 17:36:38,442] 88 root - INFO - Hypothesis ed_000: float64, float64 
[2023-06-05 17:36:38,451] 88 root - INFO - Hypothesis ee_000: float64, float64 
[2023-06-05 17:36:38,462] 88 root - INFO - Hypothesis ee_001: float64, float64 
[2023-06-05 17:36:38,473] 88 root - INFO - Hypothesis ee_002: float64, float64 
[2023-06-05 17:36:38,483] 88 root - INFO - Hypothesis ee_003: float64, float64 
[2023-06-05 17:36:38,494] 88 root - INFO - Hypothesis ee_004: float64, float64 
[2023-06-05 17:36:38,504] 88 root - INFO - Hypothesis ee_005: float64, float64 
[2023-06-05 17:36:38,514] 88 root - INFO - Hypothesis ee_006: float64, float64 
[2023-06-05 17:36:38,524] 88 root - INFO - Hypothesis ee_007: float64, float64 
[2023-06-05 17:36:38,534] 88 root - INFO - Hypothesis ee_008: float64, float64 
[2023-06-05 17:36:38,545] 88 root - INFO - Hypothesis ee_009: float64, float64 
[2023-06-05 17:36:38,584] 88 root - INFO - Hypothesis ef_000: float64, float64 
[2023-06-05 17:36:38,620] 88 root - INFO - Hypothesis eg_000: float64, float64 
[2023-06-05 17:36:38,657] 143 root - INFO - As all column are available in test df hence detecting data drift
[2023-06-05 17:36:38,657] 88 root - INFO - Hypothesis class: object, object 
[2023-06-05 17:36:38,737] 88 root - INFO - Hypothesis aa_000: float64, float64 
[2023-06-05 17:36:38,744] 88 root - INFO - Hypothesis ac_000: float64, float64 
[2023-06-05 17:36:38,749] 88 root - INFO - Hypothesis ad_000: float64, float64 
[2023-06-05 17:36:38,754] 88 root - INFO - Hypothesis ae_000: float64, float64 
[2023-06-05 17:36:38,770] 88 root - INFO - Hypothesis af_000: float64, float64 
[2023-06-05 17:36:38,786] 88 root - INFO - Hypothesis ag_000: float64, float64 
[2023-06-05 17:36:38,800] 88 root - INFO - Hypothesis ag_001: float64, float64 
[2023-06-05 17:36:38,815] 88 root - INFO - Hypothesis ag_002: float64, float64 
[2023-06-05 17:36:38,831] 88 root - INFO - Hypothesis ag_003: float64, float64 
[2023-06-05 17:36:38,848] 88 root - INFO - Hypothesis ag_004: float64, float64 
[2023-06-05 17:36:38,855] 88 root - INFO - Hypothesis ag_005: float64, float64 
[2023-06-05 17:36:38,862] 88 root - INFO - Hypothesis ag_006: float64, float64 
[2023-06-05 17:36:38,869] 88 root - INFO - Hypothesis ag_007: float64, float64 
[2023-06-05 17:36:38,875] 88 root - INFO - Hypothesis ag_008: float64, float64 
[2023-06-05 17:36:38,880] 88 root - INFO - Hypothesis ag_009: float64, float64 
[2023-06-05 17:36:38,897] 88 root - INFO - Hypothesis ah_000: float64, float64 
[2023-06-05 17:36:38,904] 88 root - INFO - Hypothesis ai_000: float64, float64 
[2023-06-05 17:36:38,908] 88 root - INFO - Hypothesis aj_000: float64, float64 
[2023-06-05 17:36:38,912] 88 root - INFO - Hypothesis ak_000: float64, float64 
[2023-06-05 17:36:38,915] 88 root - INFO - Hypothesis al_000: float64, float64 
[2023-06-05 17:36:38,920] 88 root - INFO - Hypothesis am_0: float64, float64 
[2023-06-05 17:36:38,925] 88 root - INFO - Hypothesis an_000: float64, float64 
[2023-06-05 17:36:38,932] 88 root - INFO - Hypothesis ao_000: float64, float64 
[2023-06-05 17:36:38,939] 88 root - INFO - Hypothesis ap_000: float64, float64 
[2023-06-05 17:36:38,946] 88 root - INFO - Hypothesis aq_000: float64, float64 
[2023-06-05 17:36:38,953] 88 root - INFO - Hypothesis ar_000: float64, float64 
[2023-06-05 17:36:38,968] 88 root - INFO - Hypothesis as_000: float64, float64 
[2023-06-05 17:36:38,983] 88 root - INFO - Hypothesis at_000: float64, float64 
[2023-06-05 17:36:38,999] 88 root - INFO - Hypothesis au_000: float64, float64 
[2023-06-05 17:36:39,014] 88 root - INFO - Hypothesis av_000: float64, float64 
[2023-06-05 17:36:39,020] 88 root - INFO - Hypothesis ax_000: float64, float64 
[2023-06-05 17:36:39,025] 88 root - INFO - Hypothesis ay_000: float64, float64 
[2023-06-05 17:36:39,040] 88 root - INFO - Hypothesis ay_001: float64, float64 
[2023-06-05 17:36:39,055] 88 root - INFO - Hypothesis ay_002: float64, float64 
[2023-06-05 17:36:39,071] 88 root - INFO - Hypothesis ay_003: float64, float64 
[2023-06-05 17:36:39,086] 88 root - INFO - Hypothesis ay_004: float64, float64 
[2023-06-05 17:36:39,101] 88 root - INFO - Hypothesis ay_005: float64, float64 
[2023-06-05 17:36:39,107] 88 root - INFO - Hypothesis ay_006: float64, float64 
[2023-06-05 17:36:39,113] 88 root - INFO - Hypothesis ay_007: float64, float64 
[2023-06-05 17:36:39,120] 88 root - INFO - Hypothesis ay_008: float64, float64 
[2023-06-05 17:36:39,126] 88 root - INFO - Hypothesis ay_009: float64, float64 
[2023-06-05 17:36:39,141] 88 root - INFO - Hypothesis az_000: float64, float64 
[2023-06-05 17:36:39,148] 88 root - INFO - Hypothesis az_001: float64, float64 
[2023-06-05 17:36:39,154] 88 root - INFO - Hypothesis az_002: float64, float64 
[2023-06-05 17:36:39,160] 88 root - INFO - Hypothesis az_003: float64, float64 
[2023-06-05 17:36:39,167] 88 root - INFO - Hypothesis az_004: float64, float64 
[2023-06-05 17:36:39,174] 88 root - INFO - Hypothesis az_005: float64, float64 
[2023-06-05 17:36:39,181] 88 root - INFO - Hypothesis az_006: float64, float64 
[2023-06-05 17:36:39,187] 88 root - INFO - Hypothesis az_007: float64, float64 
[2023-06-05 17:36:39,203] 88 root - INFO - Hypothesis az_008: float64, float64 
[2023-06-05 17:36:39,207] 88 root - INFO - Hypothesis az_009: float64, float64 
[2023-06-05 17:36:39,222] 88 root - INFO - Hypothesis ba_000: float64, float64 
[2023-06-05 17:36:39,229] 88 root - INFO - Hypothesis ba_001: float64, float64 
[2023-06-05 17:36:39,236] 88 root - INFO - Hypothesis ba_002: float64, float64 
[2023-06-05 17:36:39,243] 88 root - INFO - Hypothesis ba_003: float64, float64 
[2023-06-05 17:36:39,250] 88 root - INFO - Hypothesis ba_004: float64, float64 
[2023-06-05 17:36:39,256] 88 root - INFO - Hypothesis ba_005: float64, float64 
[2023-06-05 17:36:39,263] 88 root - INFO - Hypothesis ba_006: float64, float64 
[2023-06-05 17:36:39,270] 88 root - INFO - Hypothesis ba_007: float64, float64 
[2023-06-05 17:36:39,276] 88 root - INFO - Hypothesis ba_008: float64, float64 
[2023-06-05 17:36:39,281] 88 root - INFO - Hypothesis ba_009: float64, float64 
[2023-06-05 17:36:39,286] 88 root - INFO - Hypothesis bb_000: float64, float64 
[2023-06-05 17:36:39,293] 88 root - INFO - Hypothesis bc_000: float64, float64 
[2023-06-05 17:36:39,298] 88 root - INFO - Hypothesis bd_000: float64, float64 
[2023-06-05 17:36:39,304] 88 root - INFO - Hypothesis be_000: float64, float64 
[2023-06-05 17:36:39,310] 88 root - INFO - Hypothesis bf_000: float64, float64 
[2023-06-05 17:36:39,314] 88 root - INFO - Hypothesis bg_000: float64, float64 
[2023-06-05 17:36:39,321] 88 root - INFO - Hypothesis bh_000: float64, float64 
[2023-06-05 17:36:39,329] 88 root - INFO - Hypothesis bi_000: float64, float64 
[2023-06-05 17:36:39,336] 88 root - INFO - Hypothesis bj_000: float64, float64 
[2023-06-05 17:36:39,343] 88 root - INFO - Hypothesis bk_000: float64, float64 
[2023-06-05 17:36:39,349] 88 root - INFO - Hypothesis bl_000: float64, float64 
[2023-06-05 17:36:39,354] 88 root - INFO - Hypothesis bm_000: float64, float64 
[2023-06-05 17:36:39,359] 88 root - INFO - Hypothesis bs_000: float64, float64 
[2023-06-05 17:36:39,366] 88 root - INFO - Hypothesis bt_000: float64, float64 
[2023-06-05 17:36:39,373] 88 root - INFO - Hypothesis bu_000: float64, float64 
[2023-06-05 17:36:39,380] 88 root - INFO - Hypothesis bv_000: float64, float64 
[2023-06-05 17:36:39,387] 88 root - INFO - Hypothesis bx_000: float64, float64 
[2023-06-05 17:36:39,393] 88 root - INFO - Hypothesis by_000: float64, float64 
[2023-06-05 17:36:39,400] 88 root - INFO - Hypothesis bz_000: float64, float64 
[2023-06-05 17:36:39,406] 88 root - INFO - Hypothesis ca_000: float64, float64 
[2023-06-05 17:36:39,416] 88 root - INFO - Hypothesis cb_000: float64, float64 
[2023-06-05 17:36:39,424] 88 root - INFO - Hypothesis cc_000: float64, float64 
[2023-06-05 17:36:39,431] 88 root - INFO - Hypothesis cd_000: float64, float64 
[2023-06-05 17:36:39,446] 88 root - INFO - Hypothesis ce_000: float64, float64 
[2023-06-05 17:36:39,453] 88 root - INFO - Hypothesis cf_000: float64, float64 
[2023-06-05 17:36:39,469] 88 root - INFO - Hypothesis cg_000: float64, float64 
[2023-06-05 17:36:39,474] 88 root - INFO - Hypothesis ch_000: float64, float64 
[2023-06-05 17:36:39,490] 88 root - INFO - Hypothesis ci_000: float64, float64 
[2023-06-05 17:36:39,497] 88 root - INFO - Hypothesis cj_000: float64, float64 
[2023-06-05 17:36:39,515] 88 root - INFO - Hypothesis ck_000: float64, float64 
[2023-06-05 17:36:39,522] 88 root - INFO - Hypothesis cl_000: float64, float64 
[2023-06-05 17:36:39,526] 88 root - INFO - Hypothesis cm_000: float64, float64 
[2023-06-05 17:36:39,531] 88 root - INFO - Hypothesis cn_000: float64, float64 
[2023-06-05 17:36:39,547] 88 root - INFO - Hypothesis cn_001: float64, float64 
[2023-06-05 17:36:39,563] 88 root - INFO - Hypothesis cn_002: float64, float64 
[2023-06-05 17:36:39,568] 88 root - INFO - Hypothesis cn_003: float64, float64 
[2023-06-05 17:36:39,575] 88 root - INFO - Hypothesis cn_004: float64, float64 
[2023-06-05 17:36:39,583] 88 root - INFO - Hypothesis cn_005: float64, float64 
[2023-06-05 17:36:39,590] 88 root - INFO - Hypothesis cn_006: float64, float64 
[2023-06-05 17:36:39,596] 88 root - INFO - Hypothesis cn_007: float64, float64 
[2023-06-05 17:36:39,603] 88 root - INFO - Hypothesis cn_008: float64, float64 
[2023-06-05 17:36:39,609] 88 root - INFO - Hypothesis cn_009: float64, float64 
[2023-06-05 17:36:39,615] 88 root - INFO - Hypothesis co_000: float64, float64 
[2023-06-05 17:36:39,619] 88 root - INFO - Hypothesis cp_000: float64, float64 
[2023-06-05 17:36:39,625] 88 root - INFO - Hypothesis cq_000: float64, float64 
[2023-06-05 17:36:39,632] 88 root - INFO - Hypothesis cs_000: float64, float64 
[2023-06-05 17:36:39,639] 88 root - INFO - Hypothesis cs_001: float64, float64 
[2023-06-05 17:36:39,645] 88 root - INFO - Hypothesis cs_002: float64, float64 
[2023-06-05 17:36:39,652] 88 root - INFO - Hypothesis cs_003: float64, float64 
[2023-06-05 17:36:39,659] 88 root - INFO - Hypothesis cs_004: float64, float64 
[2023-06-05 17:36:39,666] 88 root - INFO - Hypothesis cs_005: float64, float64 
[2023-06-05 17:36:39,673] 88 root - INFO - Hypothesis cs_006: float64, float64 
[2023-06-05 17:36:39,680] 88 root - INFO - Hypothesis cs_007: float64, float64 
[2023-06-05 17:36:39,687] 88 root - INFO - Hypothesis cs_008: float64, float64 
[2023-06-05 17:36:39,694] 88 root - INFO - Hypothesis cs_009: float64, float64 
[2023-06-05 17:36:39,712] 88 root - INFO - Hypothesis ct_000: float64, float64 
[2023-06-05 17:36:39,717] 88 root - INFO - Hypothesis cu_000: float64, float64 
[2023-06-05 17:36:39,723] 88 root - INFO - Hypothesis cv_000: float64, float64 
[2023-06-05 17:36:39,730] 88 root - INFO - Hypothesis cx_000: float64, float64 
[2023-06-05 17:36:39,736] 88 root - INFO - Hypothesis cy_000: float64, float64 
[2023-06-05 17:36:39,740] 88 root - INFO - Hypothesis cz_000: float64, float64 
[2023-06-05 17:36:39,745] 88 root - INFO - Hypothesis da_000: float64, float64 
[2023-06-05 17:36:39,761] 88 root - INFO - Hypothesis db_000: float64, float64 
[2023-06-05 17:36:39,765] 88 root - INFO - Hypothesis dc_000: float64, float64 
[2023-06-05 17:36:39,771] 88 root - INFO - Hypothesis dd_000: float64, float64 
[2023-06-05 17:36:39,778] 88 root - INFO - Hypothesis de_000: float64, float64 
[2023-06-05 17:36:39,783] 88 root - INFO - Hypothesis df_000: float64, float64 
[2023-06-05 17:36:39,787] 88 root - INFO - Hypothesis dg_000: float64, float64 
[2023-06-05 17:36:39,790] 88 root - INFO - Hypothesis dh_000: float64, float64 
[2023-06-05 17:36:39,793] 88 root - INFO - Hypothesis di_000: float64, float64 
[2023-06-05 17:36:39,797] 88 root - INFO - Hypothesis dj_000: float64, float64 
[2023-06-05 17:36:39,813] 88 root - INFO - Hypothesis dk_000: float64, float64 
[2023-06-05 17:36:39,828] 88 root - INFO - Hypothesis dl_000: float64, float64 
[2023-06-05 17:36:39,843] 88 root - INFO - Hypothesis dm_000: float64, float64 
[2023-06-05 17:36:39,859] 88 root - INFO - Hypothesis dn_000: float64, float64 
[2023-06-05 17:36:39,866] 88 root - INFO - Hypothesis do_000: float64, float64 
[2023-06-05 17:36:39,872] 88 root - INFO - Hypothesis dp_000: float64, float64 
[2023-06-05 17:36:39,878] 88 root - INFO - Hypothesis dq_000: float64, float64 
[2023-06-05 17:36:39,882] 88 root - INFO - Hypothesis dr_000: float64, float64 
[2023-06-05 17:36:39,886] 88 root - INFO - Hypothesis ds_000: float64, float64 
[2023-06-05 17:36:39,893] 88 root - INFO - Hypothesis dt_000: float64, float64 
[2023-06-05 17:36:39,900] 88 root - INFO - Hypothesis du_000: float64, float64 
[2023-06-05 17:36:39,907] 88 root - INFO - Hypothesis dv_000: float64, float64 
[2023-06-05 17:36:39,913] 88 root - INFO - Hypothesis dx_000: float64, float64 
[2023-06-05 17:36:39,918] 88 root - INFO - Hypothesis dy_000: float64, float64 
[2023-06-05 17:36:39,923] 88 root - INFO - Hypothesis dz_000: float64, float64 
[2023-06-05 17:36:39,938] 88 root - INFO - Hypothesis ea_000: float64, float64 
[2023-06-05 17:36:39,954] 88 root - INFO - Hypothesis eb_000: float64, float64 
[2023-06-05 17:36:39,959] 88 root - INFO - Hypothesis ec_00: float64, float64 
[2023-06-05 17:36:39,966] 88 root - INFO - Hypothesis ed_000: float64, float64 
[2023-06-05 17:36:39,972] 88 root - INFO - Hypothesis ee_000: float64, float64 
[2023-06-05 17:36:39,979] 88 root - INFO - Hypothesis ee_001: float64, float64 
[2023-06-05 17:36:39,986] 88 root - INFO - Hypothesis ee_002: float64, float64 
[2023-06-05 17:36:39,993] 88 root - INFO - Hypothesis ee_003: float64, float64 
[2023-06-05 17:36:40,000] 88 root - INFO - Hypothesis ee_004: float64, float64 
[2023-06-05 17:36:40,007] 88 root - INFO - Hypothesis ee_005: float64, float64 
[2023-06-05 17:36:40,014] 88 root - INFO - Hypothesis ee_006: float64, float64 
[2023-06-05 17:36:40,020] 88 root - INFO - Hypothesis ee_007: float64, float64 
[2023-06-05 17:36:40,027] 88 root - INFO - Hypothesis ee_008: float64, float64 
[2023-06-05 17:36:40,033] 88 root - INFO - Hypothesis ee_009: float64, float64 
[2023-06-05 17:36:40,038] 88 root - INFO - Hypothesis ef_000: float64, float64 
[2023-06-05 17:36:40,053] 88 root - INFO - Hypothesis eg_000: float64, float64 
[2023-06-05 17:36:40,069] 147 root - INFO - Write reprt in yaml file
[2023-06-05 17:36:40,142] 152 root - INFO - Data validation artifact: DataValidationArtifact(report_file_path='/config/workspace/artifact/060523___173621/data_validation/report.yaml')
