[2023-06-05 17:49:04,543] 22 root - INFO - Exporting collection data as pandas dataframe
[2023-06-05 17:49:04,543] 22 root - INFO - Reading data from database : aps and collection : sensor
[2023-06-05 17:49:08,909] 24 root - INFO - Found Columns :Index(['_id', 'class', 'aa_000', 'ab_000', 'ac_000', 'ad_000', 'ae_000',
       'af_000', 'ag_000', 'ag_001',
       ...
       'ee_002', 'ee_003', 'ee_004', 'ee_005', 'ee_006', 'ee_007', 'ee_008',
       'ee_009', 'ef_000', 'eg_000'],
      dtype='object', length=172)
[2023-06-05 17:49:08,909] 26 root - INFO - dropping column _id
[2023-06-05 17:49:09,103] 28 root - INFO - row and column in df : (36188, 172)
[2023-06-05 17:49:09,103] 28 root - INFO - Save data in feature store
[2023-06-05 17:49:10,488] 34 root - INFO - Create feature store folder if not available
[2023-06-05 17:49:10,488] 38 root - INFO - Save df to feature store folder
[2023-06-05 17:49:12,272] 43 root - INFO - split dataset into train and test set
[2023-06-05 17:49:12,578] 47 root - INFO - create dataset directory folder if not available
[2023-06-05 17:49:12,579] 52 root - INFO - Save df to feature store folder
[2023-06-05 17:49:14,497] 64 root - INFO - Data ingestion artifact: DataIngestionArtifact(feature_store_file_path='/config/workspace/artifact/060523___174904/data_ingestion/feature_store/sensor.csv', train_file_path='/config/workspace/artifact/060523___174904/data_ingestion/dataset/train.csv', test_file_path='/config/workspace/artifact/060523___174904/data_ingestion/dataset/test.csv')
[2023-06-05 17:49:14,904] 21 root - INFO - >>>>>>>>>>>>>>>>>>>>>>>>>>>>>>>>>>>>>>>> Data Validation <<<<<<<<<<<<<<<<<<<<<<<<<<<<<<<<<<<<<<<<
[2023-06-05 17:49:14,905] 110 root - INFO - Reading base dataframe
[2023-06-05 17:49:17,295] 113 root - INFO - Replace na value in base df
[2023-06-05 17:49:17,296] 115 root - INFO - Drop null values colums from base df
[2023-06-05 17:49:17,516] 44 root - INFO - selecting column name which contains null above to 0.7
[2023-06-05 17:49:17,517] 47 root - INFO - Columns to drop: ['ab_000', 'bn_000', 'bo_000', 'bp_000', 'bq_000', 'br_000', 'cr_000']
[2023-06-05 17:49:17,597] 118 root - INFO - Reading train dataframe
[2023-06-05 17:49:17,998] 120 root - INFO - Reading test dataframe
[2023-06-05 17:49:18,107] 123 root - INFO - Drop null values colums from train df
[2023-06-05 17:49:18,116] 44 root - INFO - selecting column name which contains null above to 0.7
[2023-06-05 17:49:18,116] 47 root - INFO - Columns to drop: ['ab_000', 'bn_000', 'bo_000', 'bp_000', 'bq_000', 'br_000', 'cr_000']
[2023-06-05 17:49:18,126] 125 root - INFO - Drop null values colums from test df
[2023-06-05 17:49:18,130] 44 root - INFO - selecting column name which contains null above to 0.7
[2023-06-05 17:49:18,130] 47 root - INFO - Columns to drop: ['ab_000', 'bn_000', 'bo_000', 'bp_000', 'bq_000', 'br_000', 'cr_000']
[2023-06-05 17:49:18,984] 134 root - INFO - Is all required columns present in train df
[2023-06-05 17:49:18,984] 136 root - INFO - Is all required columns present in test df
[2023-06-05 17:49:18,984] 140 root - INFO - As all column are available in train df hence detecting data drift
[2023-06-05 17:49:18,985] 88 root - INFO - Hypothesis class: object, object 
[2023-06-05 17:49:19,119] 88 root - INFO - Hypothesis aa_000: float64, float64 
[2023-06-05 17:49:19,162] 88 root - INFO - Hypothesis ac_000: float64, float64 
[2023-06-05 17:49:19,203] 88 root - INFO - Hypothesis ad_000: float64, float64 
[2023-06-05 17:49:19,210] 88 root - INFO - Hypothesis ae_000: float64, float64 
[2023-06-05 17:49:19,247] 88 root - INFO - Hypothesis af_000: float64, float64 
[2023-06-05 17:49:19,284] 88 root - INFO - Hypothesis ag_000: float64, float64 
[2023-06-05 17:49:19,319] 88 root - INFO - Hypothesis ag_001: float64, float64 
[2023-06-05 17:49:19,356] 88 root - INFO - Hypothesis ag_002: float64, float64 
[2023-06-05 17:49:19,394] 88 root - INFO - Hypothesis ag_003: float64, float64 
[2023-06-05 17:49:19,404] 88 root - INFO - Hypothesis ag_004: float64, float64 
[2023-06-05 17:49:19,414] 88 root - INFO - Hypothesis ag_005: float64, float64 
[2023-06-05 17:49:19,425] 88 root - INFO - Hypothesis ag_006: float64, float64 
[2023-06-05 17:49:19,468] 88 root - INFO - Hypothesis ag_007: float64, float64 
[2023-06-05 17:49:19,513] 88 root - INFO - Hypothesis ag_008: float64, float64 
[2023-06-05 17:49:19,554] 88 root - INFO - Hypothesis ag_009: float64, float64 
[2023-06-05 17:49:19,594] 88 root - INFO - Hypothesis ah_000: float64, float64 
[2023-06-05 17:49:19,605] 88 root - INFO - Hypothesis ai_000: float64, float64 
[2023-06-05 17:49:19,641] 88 root - INFO - Hypothesis aj_000: float64, float64 
[2023-06-05 17:49:19,679] 88 root - INFO - Hypothesis ak_000: float64, float64 
[2023-06-05 17:49:19,715] 88 root - INFO - Hypothesis al_000: float64, float64 
[2023-06-05 17:49:19,723] 88 root - INFO - Hypothesis am_0: float64, float64 
[2023-06-05 17:49:19,730] 88 root - INFO - Hypothesis an_000: float64, float64 
[2023-06-05 17:49:19,774] 88 root - INFO - Hypothesis ao_000: float64, float64 
[2023-06-05 17:49:19,784] 88 root - INFO - Hypothesis ap_000: float64, float64 
[2023-06-05 17:49:19,827] 88 root - INFO - Hypothesis aq_000: float64, float64 
[2023-06-05 17:49:19,837] 88 root - INFO - Hypothesis ar_000: float64, float64 
[2023-06-05 17:49:19,874] 88 root - INFO - Hypothesis as_000: float64, float64 
[2023-06-05 17:49:19,910] 88 root - INFO - Hypothesis at_000: float64, float64 
[2023-06-05 17:49:19,947] 88 root - INFO - Hypothesis au_000: float64, float64 
[2023-06-05 17:49:19,983] 88 root - INFO - Hypothesis av_000: float64, float64 
[2023-06-05 17:49:19,991] 88 root - INFO - Hypothesis ax_000: float64, float64 
[2023-06-05 17:49:19,999] 88 root - INFO - Hypothesis ay_000: float64, float64 
[2023-06-05 17:49:20,036] 88 root - INFO - Hypothesis ay_001: float64, float64 
[2023-06-05 17:49:20,073] 88 root - INFO - Hypothesis ay_002: float64, float64 
[2023-06-05 17:49:20,110] 88 root - INFO - Hypothesis ay_003: float64, float64 
[2023-06-05 17:49:20,146] 88 root - INFO - Hypothesis ay_004: float64, float64 
[2023-06-05 17:49:20,184] 88 root - INFO - Hypothesis ay_005: float64, float64 
[2023-06-05 17:49:20,224] 88 root - INFO - Hypothesis ay_006: float64, float64 
[2023-06-05 17:49:20,233] 88 root - INFO - Hypothesis ay_007: float64, float64 
[2023-06-05 17:49:20,275] 88 root - INFO - Hypothesis ay_008: float64, float64 
[2023-06-05 17:49:20,285] 88 root - INFO - Hypothesis ay_009: float64, float64 
[2023-06-05 17:49:20,321] 88 root - INFO - Hypothesis az_000: float64, float64 
[2023-06-05 17:49:20,331] 88 root - INFO - Hypothesis az_001: float64, float64 
[2023-06-05 17:49:20,373] 88 root - INFO - Hypothesis az_002: float64, float64 
[2023-06-05 17:49:20,416] 88 root - INFO - Hypothesis az_003: float64, float64 
[2023-06-05 17:49:20,459] 88 root - INFO - Hypothesis az_004: float64, float64 
[2023-06-05 17:49:20,503] 88 root - INFO - Hypothesis az_005: float64, float64 
[2023-06-05 17:49:20,514] 88 root - INFO - Hypothesis az_006: float64, float64 
[2023-06-05 17:49:20,560] 88 root - INFO - Hypothesis az_007: float64, float64 
[2023-06-05 17:49:20,567] 88 root - INFO - Hypothesis az_008: float64, float64 
[2023-06-05 17:49:20,604] 88 root - INFO - Hypothesis az_009: float64, float64 
[2023-06-05 17:49:20,641] 88 root - INFO - Hypothesis ba_000: float64, float64 
[2023-06-05 17:49:20,683] 88 root - INFO - Hypothesis ba_001: float64, float64 
[2023-06-05 17:49:20,693] 88 root - INFO - Hypothesis ba_002: float64, float64 
[2023-06-05 17:49:20,704] 88 root - INFO - Hypothesis ba_003: float64, float64 
[2023-06-05 17:49:20,747] 88 root - INFO - Hypothesis ba_004: float64, float64 
[2023-06-05 17:49:20,757] 88 root - INFO - Hypothesis ba_005: float64, float64 
[2023-06-05 17:49:20,799] 88 root - INFO - Hypothesis ba_006: float64, float64 
[2023-06-05 17:49:20,841] 88 root - INFO - Hypothesis ba_007: float64, float64 
[2023-06-05 17:49:20,851] 88 root - INFO - Hypothesis ba_008: float64, float64 
[2023-06-05 17:49:20,891] 88 root - INFO - Hypothesis ba_009: float64, float64 
[2023-06-05 17:49:20,931] 88 root - INFO - Hypothesis bb_000: float64, float64 
[2023-06-05 17:49:20,941] 88 root - INFO - Hypothesis bc_000: float64, float64 
[2023-06-05 17:49:20,982] 88 root - INFO - Hypothesis bd_000: float64, float64 
[2023-06-05 17:49:20,990] 88 root - INFO - Hypothesis be_000: float64, float64 
[2023-06-05 17:49:21,032] 88 root - INFO - Hypothesis bf_000: float64, float64 
[2023-06-05 17:49:21,072] 88 root - INFO - Hypothesis bg_000: float64, float64 
[2023-06-05 17:49:21,118] 88 root - INFO - Hypothesis bh_000: float64, float64 
[2023-06-05 17:49:21,129] 88 root - INFO - Hypothesis bi_000: float64, float64 
[2023-06-05 17:49:21,172] 88 root - INFO - Hypothesis bj_000: float64, float64 
[2023-06-05 17:49:21,183] 88 root - INFO - Hypothesis bk_000: float64, float64 
[2023-06-05 17:49:21,192] 88 root - INFO - Hypothesis bl_000: float64, float64 
[2023-06-05 17:49:21,200] 88 root - INFO - Hypothesis bm_000: float64, float64 
[2023-06-05 17:49:21,206] 88 root - INFO - Hypothesis bs_000: float64, float64 
[2023-06-05 17:49:21,216] 88 root - INFO - Hypothesis bt_000: float64, float64 
[2023-06-05 17:49:21,260] 88 root - INFO - Hypothesis bu_000: float64, float64 
[2023-06-05 17:49:21,271] 88 root - INFO - Hypothesis bv_000: float64, float64 
[2023-06-05 17:49:21,281] 88 root - INFO - Hypothesis bx_000: float64, float64 
[2023-06-05 17:49:21,291] 88 root - INFO - Hypothesis by_000: float64, float64 
[2023-06-05 17:49:21,302] 88 root - INFO - Hypothesis bz_000: float64, float64 
[2023-06-05 17:49:21,343] 88 root - INFO - Hypothesis ca_000: float64, float64 
[2023-06-05 17:49:21,354] 88 root - INFO - Hypothesis cb_000: float64, float64 
[2023-06-05 17:49:21,365] 88 root - INFO - Hypothesis cc_000: float64, float64 
[2023-06-05 17:49:21,375] 88 root - INFO - Hypothesis cd_000: float64, float64 
[2023-06-05 17:49:21,412] 88 root - INFO - Hypothesis ce_000: float64, float64 
[2023-06-05 17:49:21,422] 88 root - INFO - Hypothesis cf_000: float64, float64 
[2023-06-05 17:49:21,460] 88 root - INFO - Hypothesis cg_000: float64, float64 
[2023-06-05 17:49:21,499] 88 root - INFO - Hypothesis ch_000: float64, float64 
[2023-06-05 17:49:21,541] 88 root - INFO - Hypothesis ci_000: float64, float64 
[2023-06-05 17:49:21,552] 88 root - INFO - Hypothesis cj_000: float64, float64 
[2023-06-05 17:49:21,592] 88 root - INFO - Hypothesis ck_000: float64, float64 
[2023-06-05 17:49:21,603] 88 root - INFO - Hypothesis cl_000: float64, float64 
[2023-06-05 17:49:21,642] 88 root - INFO - Hypothesis cm_000: float64, float64 
[2023-06-05 17:49:21,681] 88 root - INFO - Hypothesis cn_000: float64, float64 
[2023-06-05 17:49:21,718] 88 root - INFO - Hypothesis cn_001: float64, float64 
[2023-06-05 17:49:21,724] 88 root - INFO - Hypothesis cn_002: float64, float64 
[2023-06-05 17:49:21,731] 88 root - INFO - Hypothesis cn_003: float64, float64 
[2023-06-05 17:49:21,774] 88 root - INFO - Hypothesis cn_004: float64, float64 
[2023-06-05 17:49:21,818] 88 root - INFO - Hypothesis cn_005: float64, float64 
[2023-06-05 17:49:21,862] 88 root - INFO - Hypothesis cn_006: float64, float64 
[2023-06-05 17:49:21,905] 88 root - INFO - Hypothesis cn_007: float64, float64 
[2023-06-05 17:49:21,948] 88 root - INFO - Hypothesis cn_008: float64, float64 
[2023-06-05 17:49:21,989] 88 root - INFO - Hypothesis cn_009: float64, float64 
[2023-06-05 17:49:22,030] 88 root - INFO - Hypothesis co_000: float64, float64 
[2023-06-05 17:49:22,070] 88 root - INFO - Hypothesis cp_000: float64, float64 
[2023-06-05 17:49:22,078] 88 root - INFO - Hypothesis cq_000: float64, float64 
[2023-06-05 17:49:22,088] 88 root - INFO - Hypothesis cs_000: float64, float64 
[2023-06-05 17:49:22,098] 88 root - INFO - Hypothesis cs_001: float64, float64 
[2023-06-05 17:49:22,138] 88 root - INFO - Hypothesis cs_002: float64, float64 
[2023-06-05 17:49:22,148] 88 root - INFO - Hypothesis cs_003: float64, float64 
[2023-06-05 17:49:22,192] 88 root - INFO - Hypothesis cs_004: float64, float64 
[2023-06-05 17:49:22,235] 88 root - INFO - Hypothesis cs_005: float64, float64 
[2023-06-05 17:49:22,278] 88 root - INFO - Hypothesis cs_006: float64, float64 
[2023-06-05 17:49:22,322] 88 root - INFO - Hypothesis cs_007: float64, float64 
[2023-06-05 17:49:22,365] 88 root - INFO - Hypothesis cs_008: float64, float64 
[2023-06-05 17:49:22,372] 88 root - INFO - Hypothesis cs_009: float64, float64 
[2023-06-05 17:49:22,409] 88 root - INFO - Hypothesis ct_000: float64, float64 
[2023-06-05 17:49:22,417] 88 root - INFO - Hypothesis cu_000: float64, float64 
[2023-06-05 17:49:22,457] 88 root - INFO - Hypothesis cv_000: float64, float64 
[2023-06-05 17:49:22,500] 88 root - INFO - Hypothesis cx_000: float64, float64 
[2023-06-05 17:49:22,541] 88 root - INFO - Hypothesis cy_000: float64, float64 
[2023-06-05 17:49:22,579] 88 root - INFO - Hypothesis cz_000: float64, float64 
[2023-06-05 17:49:22,620] 88 root - INFO - Hypothesis da_000: float64, float64 
[2023-06-05 17:49:22,658] 88 root - INFO - Hypothesis db_000: float64, float64 
[2023-06-05 17:49:22,664] 88 root - INFO - Hypothesis dc_000: float64, float64 
[2023-06-05 17:49:22,706] 88 root - INFO - Hypothesis dd_000: float64, float64 
[2023-06-05 17:49:22,748] 88 root - INFO - Hypothesis de_000: float64, float64 
[2023-06-05 17:49:22,757] 88 root - INFO - Hypothesis df_000: float64, float64 
[2023-06-05 17:49:22,794] 88 root - INFO - Hypothesis dg_000: float64, float64 
[2023-06-05 17:49:22,831] 88 root - INFO - Hypothesis dh_000: float64, float64 
[2023-06-05 17:49:22,870] 88 root - INFO - Hypothesis di_000: float64, float64 
[2023-06-05 17:49:22,908] 88 root - INFO - Hypothesis dj_000: float64, float64 
[2023-06-05 17:49:22,945] 88 root - INFO - Hypothesis dk_000: float64, float64 
[2023-06-05 17:49:22,981] 88 root - INFO - Hypothesis dl_000: float64, float64 
[2023-06-05 17:49:23,018] 88 root - INFO - Hypothesis dm_000: float64, float64 
[2023-06-05 17:49:23,056] 88 root - INFO - Hypothesis dn_000: float64, float64 
[2023-06-05 17:49:23,066] 88 root - INFO - Hypothesis do_000: float64, float64 
[2023-06-05 17:49:23,108] 88 root - INFO - Hypothesis dp_000: float64, float64 
[2023-06-05 17:49:23,117] 88 root - INFO - Hypothesis dq_000: float64, float64 
[2023-06-05 17:49:23,124] 88 root - INFO - Hypothesis dr_000: float64, float64 
[2023-06-05 17:49:23,130] 88 root - INFO - Hypothesis ds_000: float64, float64 
[2023-06-05 17:49:23,177] 88 root - INFO - Hypothesis dt_000: float64, float64 
[2023-06-05 17:49:23,219] 88 root - INFO - Hypothesis du_000: float64, float64 
[2023-06-05 17:49:23,230] 88 root - INFO - Hypothesis dv_000: float64, float64 
[2023-06-05 17:49:23,240] 88 root - INFO - Hypothesis dx_000: float64, float64 
[2023-06-05 17:49:23,279] 88 root - INFO - Hypothesis dy_000: float64, float64 
[2023-06-05 17:49:23,319] 88 root - INFO - Hypothesis dz_000: float64, float64 
[2023-06-05 17:49:23,357] 88 root - INFO - Hypothesis ea_000: float64, float64 
[2023-06-05 17:49:23,394] 88 root - INFO - Hypothesis eb_000: float64, float64 
[2023-06-05 17:49:23,436] 88 root - INFO - Hypothesis ec_00: float64, float64 
[2023-06-05 17:49:23,446] 88 root - INFO - Hypothesis ed_000: float64, float64 
[2023-06-05 17:49:23,489] 88 root - INFO - Hypothesis ee_000: float64, float64 
[2023-06-05 17:49:23,500] 88 root - INFO - Hypothesis ee_001: float64, float64 
[2023-06-05 17:49:23,511] 88 root - INFO - Hypothesis ee_002: float64, float64 
[2023-06-05 17:49:23,557] 88 root - INFO - Hypothesis ee_003: float64, float64 
[2023-06-05 17:49:23,600] 88 root - INFO - Hypothesis ee_004: float64, float64 
[2023-06-05 17:49:23,643] 88 root - INFO - Hypothesis ee_005: float64, float64 
[2023-06-05 17:49:23,686] 88 root - INFO - Hypothesis ee_006: float64, float64 
[2023-06-05 17:49:23,727] 88 root - INFO - Hypothesis ee_007: float64, float64 
[2023-06-05 17:49:23,770] 88 root - INFO - Hypothesis ee_008: float64, float64 
[2023-06-05 17:49:23,811] 88 root - INFO - Hypothesis ee_009: float64, float64 
[2023-06-05 17:49:23,819] 88 root - INFO - Hypothesis ef_000: float64, float64 
[2023-06-05 17:49:23,856] 88 root - INFO - Hypothesis eg_000: float64, float64 
[2023-06-05 17:49:23,893] 143 root - INFO - As all column are available in test df hence detecting data drift
[2023-06-05 17:49:23,893] 88 root - INFO - Hypothesis class: object, object 
[2023-06-05 17:49:23,968] 88 root - INFO - Hypothesis aa_000: float64, float64 
[2023-06-05 17:49:23,975] 88 root - INFO - Hypothesis ac_000: float64, float64 
[2023-06-05 17:49:23,980] 88 root - INFO - Hypothesis ad_000: float64, float64 
[2023-06-05 17:49:23,985] 88 root - INFO - Hypothesis ae_000: float64, float64 
[2023-06-05 17:49:24,001] 88 root - INFO - Hypothesis af_000: float64, float64 
[2023-06-05 17:49:24,005] 88 root - INFO - Hypothesis ag_000: float64, float64 
[2023-06-05 17:49:24,020] 88 root - INFO - Hypothesis ag_001: float64, float64 
[2023-06-05 17:49:24,036] 88 root - INFO - Hypothesis ag_002: float64, float64 
[2023-06-05 17:49:24,039] 88 root - INFO - Hypothesis ag_003: float64, float64 
[2023-06-05 17:49:24,043] 88 root - INFO - Hypothesis ag_004: float64, float64 
[2023-06-05 17:49:24,050] 88 root - INFO - Hypothesis ag_005: float64, float64 
[2023-06-05 17:49:24,057] 88 root - INFO - Hypothesis ag_006: float64, float64 
[2023-06-05 17:49:24,065] 88 root - INFO - Hypothesis ag_007: float64, float64 
[2023-06-05 17:49:24,071] 88 root - INFO - Hypothesis ag_008: float64, float64 
[2023-06-05 17:49:24,077] 88 root - INFO - Hypothesis ag_009: float64, float64 
[2023-06-05 17:49:24,082] 88 root - INFO - Hypothesis ah_000: float64, float64 
[2023-06-05 17:49:24,089] 88 root - INFO - Hypothesis ai_000: float64, float64 
[2023-06-05 17:49:24,105] 88 root - INFO - Hypothesis aj_000: float64, float64 
[2023-06-05 17:49:24,121] 88 root - INFO - Hypothesis ak_000: float64, float64 
[2023-06-05 17:49:24,125] 88 root - INFO - Hypothesis al_000: float64, float64 
[2023-06-05 17:49:24,130] 88 root - INFO - Hypothesis am_0: float64, float64 
[2023-06-05 17:49:24,135] 88 root - INFO - Hypothesis an_000: float64, float64 
[2023-06-05 17:49:24,143] 88 root - INFO - Hypothesis ao_000: float64, float64 
[2023-06-05 17:49:24,150] 88 root - INFO - Hypothesis ap_000: float64, float64 
[2023-06-05 17:49:24,157] 88 root - INFO - Hypothesis aq_000: float64, float64 
[2023-06-05 17:49:24,164] 88 root - INFO - Hypothesis ar_000: float64, float64 
[2023-06-05 17:49:24,167] 88 root - INFO - Hypothesis as_000: float64, float64 
[2023-06-05 17:49:24,183] 88 root - INFO - Hypothesis at_000: float64, float64 
[2023-06-05 17:49:24,199] 88 root - INFO - Hypothesis au_000: float64, float64 
[2023-06-05 17:49:24,214] 88 root - INFO - Hypothesis av_000: float64, float64 
[2023-06-05 17:49:24,220] 88 root - INFO - Hypothesis ax_000: float64, float64 
[2023-06-05 17:49:24,226] 88 root - INFO - Hypothesis ay_000: float64, float64 
[2023-06-05 17:49:24,241] 88 root - INFO - Hypothesis ay_001: float64, float64 
[2023-06-05 17:49:24,257] 88 root - INFO - Hypothesis ay_002: float64, float64 
[2023-06-05 17:49:24,273] 88 root - INFO - Hypothesis ay_003: float64, float64 
[2023-06-05 17:49:24,288] 88 root - INFO - Hypothesis ay_004: float64, float64 
[2023-06-05 17:49:24,304] 88 root - INFO - Hypothesis ay_005: float64, float64 
[2023-06-05 17:49:24,310] 88 root - INFO - Hypothesis ay_006: float64, float64 
[2023-06-05 17:49:24,316] 88 root - INFO - Hypothesis ay_007: float64, float64 
[2023-06-05 17:49:24,323] 88 root - INFO - Hypothesis ay_008: float64, float64 
[2023-06-05 17:49:24,329] 88 root - INFO - Hypothesis ay_009: float64, float64 
[2023-06-05 17:49:24,345] 88 root - INFO - Hypothesis az_000: float64, float64 
[2023-06-05 17:49:24,351] 88 root - INFO - Hypothesis az_001: float64, float64 
[2023-06-05 17:49:24,358] 88 root - INFO - Hypothesis az_002: float64, float64 
[2023-06-05 17:49:24,364] 88 root - INFO - Hypothesis az_003: float64, float64 
[2023-06-05 17:49:24,371] 88 root - INFO - Hypothesis az_004: float64, float64 
[2023-06-05 17:49:24,378] 88 root - INFO - Hypothesis az_005: float64, float64 
[2023-06-05 17:49:24,385] 88 root - INFO - Hypothesis az_006: float64, float64 
[2023-06-05 17:49:24,391] 88 root - INFO - Hypothesis az_007: float64, float64 
[2023-06-05 17:49:24,395] 88 root - INFO - Hypothesis az_008: float64, float64 
[2023-06-05 17:49:24,411] 88 root - INFO - Hypothesis az_009: float64, float64 
[2023-06-05 17:49:24,426] 88 root - INFO - Hypothesis ba_000: float64, float64 
[2023-06-05 17:49:24,433] 88 root - INFO - Hypothesis ba_001: float64, float64 
[2023-06-05 17:49:24,440] 88 root - INFO - Hypothesis ba_002: float64, float64 
[2023-06-05 17:49:24,448] 88 root - INFO - Hypothesis ba_003: float64, float64 
[2023-06-05 17:49:24,454] 88 root - INFO - Hypothesis ba_004: float64, float64 
[2023-06-05 17:49:24,461] 88 root - INFO - Hypothesis ba_005: float64, float64 
[2023-06-05 17:49:24,468] 88 root - INFO - Hypothesis ba_006: float64, float64 
[2023-06-05 17:49:24,475] 88 root - INFO - Hypothesis ba_007: float64, float64 
[2023-06-05 17:49:24,481] 88 root - INFO - Hypothesis ba_008: float64, float64 
[2023-06-05 17:49:24,487] 88 root - INFO - Hypothesis ba_009: float64, float64 
[2023-06-05 17:49:24,491] 88 root - INFO - Hypothesis bb_000: float64, float64 
[2023-06-05 17:49:24,498] 88 root - INFO - Hypothesis bc_000: float64, float64 
[2023-06-05 17:49:24,503] 88 root - INFO - Hypothesis bd_000: float64, float64 
[2023-06-05 17:49:24,509] 88 root - INFO - Hypothesis be_000: float64, float64 
[2023-06-05 17:49:24,515] 88 root - INFO - Hypothesis bf_000: float64, float64 
[2023-06-05 17:49:24,520] 88 root - INFO - Hypothesis bg_000: float64, float64 
[2023-06-05 17:49:24,529] 88 root - INFO - Hypothesis bh_000: float64, float64 
[2023-06-05 17:49:24,537] 88 root - INFO - Hypothesis bi_000: float64, float64 
[2023-06-05 17:49:24,545] 88 root - INFO - Hypothesis bj_000: float64, float64 
[2023-06-05 17:49:24,552] 88 root - INFO - Hypothesis bk_000: float64, float64 
[2023-06-05 17:49:24,558] 88 root - INFO - Hypothesis bl_000: float64, float64 
[2023-06-05 17:49:24,563] 88 root - INFO - Hypothesis bm_000: float64, float64 
[2023-06-05 17:49:24,567] 88 root - INFO - Hypothesis bs_000: float64, float64 
[2023-06-05 17:49:24,574] 88 root - INFO - Hypothesis bt_000: float64, float64 
[2023-06-05 17:49:24,581] 88 root - INFO - Hypothesis bu_000: float64, float64 
[2023-06-05 17:49:24,589] 88 root - INFO - Hypothesis bv_000: float64, float64 
[2023-06-05 17:49:24,596] 88 root - INFO - Hypothesis bx_000: float64, float64 
[2023-06-05 17:49:24,603] 88 root - INFO - Hypothesis by_000: float64, float64 
[2023-06-05 17:49:24,609] 88 root - INFO - Hypothesis bz_000: float64, float64 
[2023-06-05 17:49:24,615] 88 root - INFO - Hypothesis ca_000: float64, float64 
[2023-06-05 17:49:24,622] 88 root - INFO - Hypothesis cb_000: float64, float64 
[2023-06-05 17:49:24,629] 88 root - INFO - Hypothesis cc_000: float64, float64 
[2023-06-05 17:49:24,636] 88 root - INFO - Hypothesis cd_000: float64, float64 
[2023-06-05 17:49:24,652] 88 root - INFO - Hypothesis ce_000: float64, float64 
[2023-06-05 17:49:24,659] 88 root - INFO - Hypothesis cf_000: float64, float64 
[2023-06-05 17:49:24,662] 88 root - INFO - Hypothesis cg_000: float64, float64 
[2023-06-05 17:49:24,667] 88 root - INFO - Hypothesis ch_000: float64, float64 
[2023-06-05 17:49:24,683] 88 root - INFO - Hypothesis ci_000: float64, float64 
[2023-06-05 17:49:24,690] 88 root - INFO - Hypothesis cj_000: float64, float64 
[2023-06-05 17:49:24,707] 88 root - INFO - Hypothesis ck_000: float64, float64 
[2023-06-05 17:49:24,714] 88 root - INFO - Hypothesis cl_000: float64, float64 
[2023-06-05 17:49:24,731] 88 root - INFO - Hypothesis cm_000: float64, float64 
[2023-06-05 17:49:24,736] 88 root - INFO - Hypothesis cn_000: float64, float64 
[2023-06-05 17:49:24,752] 88 root - INFO - Hypothesis cn_001: float64, float64 
[2023-06-05 17:49:24,755] 88 root - INFO - Hypothesis cn_002: float64, float64 
[2023-06-05 17:49:24,761] 88 root - INFO - Hypothesis cn_003: float64, float64 
[2023-06-05 17:49:24,768] 88 root - INFO - Hypothesis cn_004: float64, float64 
[2023-06-05 17:49:24,775] 88 root - INFO - Hypothesis cn_005: float64, float64 
[2023-06-05 17:49:24,782] 88 root - INFO - Hypothesis cn_006: float64, float64 
[2023-06-05 17:49:24,789] 88 root - INFO - Hypothesis cn_007: float64, float64 
[2023-06-05 17:49:24,795] 88 root - INFO - Hypothesis cn_008: float64, float64 
[2023-06-05 17:49:24,801] 88 root - INFO - Hypothesis cn_009: float64, float64 
[2023-06-05 17:49:24,806] 88 root - INFO - Hypothesis co_000: float64, float64 
[2023-06-05 17:49:24,811] 88 root - INFO - Hypothesis cp_000: float64, float64 
[2023-06-05 17:49:24,816] 88 root - INFO - Hypothesis cq_000: float64, float64 
[2023-06-05 17:49:24,823] 88 root - INFO - Hypothesis cs_000: float64, float64 
[2023-06-05 17:49:24,830] 88 root - INFO - Hypothesis cs_001: float64, float64 
[2023-06-05 17:49:24,836] 88 root - INFO - Hypothesis cs_002: float64, float64 
[2023-06-05 17:49:24,842] 88 root - INFO - Hypothesis cs_003: float64, float64 
[2023-06-05 17:49:24,849] 88 root - INFO - Hypothesis cs_004: float64, float64 
[2023-06-05 17:49:24,856] 88 root - INFO - Hypothesis cs_005: float64, float64 
[2023-06-05 17:49:24,863] 88 root - INFO - Hypothesis cs_006: float64, float64 
[2023-06-05 17:49:24,871] 88 root - INFO - Hypothesis cs_007: float64, float64 
[2023-06-05 17:49:24,877] 88 root - INFO - Hypothesis cs_008: float64, float64 
[2023-06-05 17:49:24,883] 88 root - INFO - Hypothesis cs_009: float64, float64 
[2023-06-05 17:49:24,898] 88 root - INFO - Hypothesis ct_000: float64, float64 
[2023-06-05 17:49:24,904] 88 root - INFO - Hypothesis cu_000: float64, float64 
[2023-06-05 17:49:24,909] 88 root - INFO - Hypothesis cv_000: float64, float64 
[2023-06-05 17:49:24,915] 88 root - INFO - Hypothesis cx_000: float64, float64 
[2023-06-05 17:49:24,921] 88 root - INFO - Hypothesis cy_000: float64, float64 
[2023-06-05 17:49:24,925] 88 root - INFO - Hypothesis cz_000: float64, float64 
[2023-06-05 17:49:24,930] 88 root - INFO - Hypothesis da_000: float64, float64 
[2023-06-05 17:49:24,946] 88 root - INFO - Hypothesis db_000: float64, float64 
[2023-06-05 17:49:24,951] 88 root - INFO - Hypothesis dc_000: float64, float64 
[2023-06-05 17:49:24,957] 88 root - INFO - Hypothesis dd_000: float64, float64 
[2023-06-05 17:49:24,963] 88 root - INFO - Hypothesis de_000: float64, float64 
[2023-06-05 17:49:24,969] 88 root - INFO - Hypothesis df_000: float64, float64 
[2023-06-05 17:49:24,972] 88 root - INFO - Hypothesis dg_000: float64, float64 
[2023-06-05 17:49:24,975] 88 root - INFO - Hypothesis dh_000: float64, float64 
[2023-06-05 17:49:24,979] 88 root - INFO - Hypothesis di_000: float64, float64 
[2023-06-05 17:49:24,983] 88 root - INFO - Hypothesis dj_000: float64, float64 
[2023-06-05 17:49:24,999] 88 root - INFO - Hypothesis dk_000: float64, float64 
[2023-06-05 17:49:25,002] 88 root - INFO - Hypothesis dl_000: float64, float64 
[2023-06-05 17:49:25,017] 88 root - INFO - Hypothesis dm_000: float64, float64 
[2023-06-05 17:49:25,033] 88 root - INFO - Hypothesis dn_000: float64, float64 
[2023-06-05 17:49:25,040] 88 root - INFO - Hypothesis do_000: float64, float64 
[2023-06-05 17:49:25,046] 88 root - INFO - Hypothesis dp_000: float64, float64 
[2023-06-05 17:49:25,052] 88 root - INFO - Hypothesis dq_000: float64, float64 
[2023-06-05 17:49:25,057] 88 root - INFO - Hypothesis dr_000: float64, float64 
[2023-06-05 17:49:25,061] 88 root - INFO - Hypothesis ds_000: float64, float64 
[2023-06-05 17:49:25,068] 88 root - INFO - Hypothesis dt_000: float64, float64 
[2023-06-05 17:49:25,074] 88 root - INFO - Hypothesis du_000: float64, float64 
[2023-06-05 17:49:25,081] 88 root - INFO - Hypothesis dv_000: float64, float64 
[2023-06-05 17:49:25,088] 88 root - INFO - Hypothesis dx_000: float64, float64 
[2023-06-05 17:49:25,092] 88 root - INFO - Hypothesis dy_000: float64, float64 
[2023-06-05 17:49:25,097] 88 root - INFO - Hypothesis dz_000: float64, float64 
[2023-06-05 17:49:25,113] 88 root - INFO - Hypothesis ea_000: float64, float64 
[2023-06-05 17:49:25,129] 88 root - INFO - Hypothesis eb_000: float64, float64 
[2023-06-05 17:49:25,135] 88 root - INFO - Hypothesis ec_00: float64, float64 
[2023-06-05 17:49:25,142] 88 root - INFO - Hypothesis ed_000: float64, float64 
[2023-06-05 17:49:25,148] 88 root - INFO - Hypothesis ee_000: float64, float64 
[2023-06-05 17:49:25,155] 88 root - INFO - Hypothesis ee_001: float64, float64 
[2023-06-05 17:49:25,162] 88 root - INFO - Hypothesis ee_002: float64, float64 
[2023-06-05 17:49:25,169] 88 root - INFO - Hypothesis ee_003: float64, float64 
[2023-06-05 17:49:25,176] 88 root - INFO - Hypothesis ee_004: float64, float64 
[2023-06-05 17:49:25,183] 88 root - INFO - Hypothesis ee_005: float64, float64 
[2023-06-05 17:49:25,190] 88 root - INFO - Hypothesis ee_006: float64, float64 
[2023-06-05 17:49:25,197] 88 root - INFO - Hypothesis ee_007: float64, float64 
[2023-06-05 17:49:25,203] 88 root - INFO - Hypothesis ee_008: float64, float64 
[2023-06-05 17:49:25,209] 88 root - INFO - Hypothesis ee_009: float64, float64 
[2023-06-05 17:49:25,214] 88 root - INFO - Hypothesis ef_000: float64, float64 
[2023-06-05 17:49:25,230] 88 root - INFO - Hypothesis eg_000: float64, float64 
[2023-06-05 17:49:25,245] 147 root - INFO - Write reprt in yaml file
[2023-06-05 17:49:25,320] 152 root - INFO - Data validation artifact: DataValidationArtifact(report_file_path='/config/workspace/artifact/060523___174904/data_validation/report.yaml')
