[2023-06-05 20:20:36,892] 22 root - INFO - Exporting collection data as pandas dataframe
[2023-06-05 20:20:36,892] 22 root - INFO - Reading data from database : aps and collection : sensor
[2023-06-05 20:20:40,374] 24 root - INFO - Found Columns :Index(['_id', 'class', 'aa_000', 'ab_000', 'ac_000', 'ad_000', 'ae_000',
       'af_000', 'ag_000', 'ag_001',
       ...
       'ee_002', 'ee_003', 'ee_004', 'ee_005', 'ee_006', 'ee_007', 'ee_008',
       'ee_009', 'ef_000', 'eg_000'],
      dtype='object', length=172)
[2023-06-05 20:20:40,375] 26 root - INFO - dropping column _id
[2023-06-05 20:20:40,568] 28 root - INFO - row and column in df : (36188, 172)
[2023-06-05 20:20:40,569] 28 root - INFO - Save data in feature store
[2023-06-05 20:20:41,939] 41 root - INFO - Create feature store folder if not available
[2023-06-05 20:20:41,940] 45 root - INFO - Save df to feature store folder
[2023-06-05 20:20:43,710] 50 root - INFO - split dataset into train and test set
[2023-06-05 20:20:44,016] 54 root - INFO - create dataset directory folder if not available
[2023-06-05 20:20:44,017] 59 root - INFO - Save df to feature store folder
[2023-06-05 20:20:46,259] 74 root - INFO - Data ingestion artifact: DataIngestionArtifact(feature_store_file_path='/config/workspace/artifact/060523___202036/data_ingestion/feature_store/sensor.csv', train_file_path='/config/workspace/artifact/060523___202036/data_ingestion/dataset/train.csv', test_file_path='/config/workspace/artifact/060523___202036/data_ingestion/dataset/test.csv')
[2023-06-05 20:20:46,653] 21 root - INFO - >>>>>>>>>>>>>>>>>>>>>>>>>>>>>>>>>>>>>>>> Data Validation <<<<<<<<<<<<<<<<<<<<<<<<<<<<<<<<<<<<<<<<
[2023-06-05 20:20:46,653] 110 root - INFO - Reading base dataframe
[2023-06-05 20:20:48,944] 113 root - INFO - Replace na value in base df
[2023-06-05 20:20:48,944] 115 root - INFO - Drop null values colums from base df
[2023-06-05 20:20:49,164] 44 root - INFO - selecting column name which contains null above to 0.7
[2023-06-05 20:20:49,164] 47 root - INFO - Columns to drop: ['ab_000', 'bn_000', 'bo_000', 'bp_000', 'bq_000', 'br_000', 'cr_000']
[2023-06-05 20:20:49,258] 118 root - INFO - Reading train dataframe
[2023-06-05 20:20:49,662] 120 root - INFO - Reading test dataframe
[2023-06-05 20:20:49,768] 123 root - INFO - Drop null values colums from train df
[2023-06-05 20:20:49,777] 44 root - INFO - selecting column name which contains null above to 0.7
[2023-06-05 20:20:49,778] 47 root - INFO - Columns to drop: ['ab_000', 'bn_000', 'bo_000', 'bp_000', 'bq_000', 'br_000', 'cr_000']
[2023-06-05 20:20:49,788] 125 root - INFO - Drop null values colums from test df
[2023-06-05 20:20:49,791] 44 root - INFO - selecting column name which contains null above to 0.7
[2023-06-05 20:20:49,792] 47 root - INFO - Columns to drop: ['ab_000', 'bn_000', 'bo_000', 'bp_000', 'bq_000', 'br_000', 'cr_000']
[2023-06-05 20:20:50,525] 134 root - INFO - Is all required columns present in train df
[2023-06-05 20:20:50,525] 136 root - INFO - Is all required columns present in test df
[2023-06-05 20:20:50,525] 140 root - INFO - As all column are available in train df hence detecting data drift
[2023-06-05 20:20:50,526] 88 root - INFO - Hypothesis class: object, object 
[2023-06-05 20:20:50,663] 88 root - INFO - Hypothesis aa_000: float64, int64 
[2023-06-05 20:20:50,704] 88 root - INFO - Hypothesis ac_000: float64, float64 
[2023-06-05 20:20:50,712] 88 root - INFO - Hypothesis ad_000: float64, float64 
[2023-06-05 20:20:50,719] 88 root - INFO - Hypothesis ae_000: float64, float64 
[2023-06-05 20:20:50,755] 88 root - INFO - Hypothesis af_000: float64, float64 
[2023-06-05 20:20:50,791] 88 root - INFO - Hypothesis ag_000: float64, float64 
[2023-06-05 20:20:50,827] 88 root - INFO - Hypothesis ag_001: float64, float64 
[2023-06-05 20:20:50,863] 88 root - INFO - Hypothesis ag_002: float64, float64 
[2023-06-05 20:20:50,901] 88 root - INFO - Hypothesis ag_003: float64, float64 
[2023-06-05 20:20:50,940] 88 root - INFO - Hypothesis ag_004: float64, float64 
[2023-06-05 20:20:50,950] 88 root - INFO - Hypothesis ag_005: float64, float64 
[2023-06-05 20:20:50,992] 88 root - INFO - Hypothesis ag_006: float64, float64 
[2023-06-05 20:20:51,041] 88 root - INFO - Hypothesis ag_007: float64, float64 
[2023-06-05 20:20:51,051] 88 root - INFO - Hypothesis ag_008: float64, float64 
[2023-06-05 20:20:51,093] 88 root - INFO - Hypothesis ag_009: float64, float64 
[2023-06-05 20:20:51,100] 88 root - INFO - Hypothesis ah_000: float64, float64 
[2023-06-05 20:20:51,111] 88 root - INFO - Hypothesis ai_000: float64, float64 
[2023-06-05 20:20:51,148] 88 root - INFO - Hypothesis aj_000: float64, float64 
[2023-06-05 20:20:51,154] 88 root - INFO - Hypothesis ak_000: float64, float64 
[2023-06-05 20:20:51,191] 88 root - INFO - Hypothesis al_000: float64, float64 
[2023-06-05 20:20:51,230] 88 root - INFO - Hypothesis am_0: float64, float64 
[2023-06-05 20:20:51,270] 88 root - INFO - Hypothesis an_000: float64, float64 
[2023-06-05 20:20:51,280] 88 root - INFO - Hypothesis ao_000: float64, float64 
[2023-06-05 20:20:51,291] 88 root - INFO - Hypothesis ap_000: float64, float64 
[2023-06-05 20:20:51,336] 88 root - INFO - Hypothesis aq_000: float64, float64 
[2023-06-05 20:20:51,347] 88 root - INFO - Hypothesis ar_000: float64, float64 
[2023-06-05 20:20:51,384] 88 root - INFO - Hypothesis as_000: float64, float64 
[2023-06-05 20:20:51,420] 88 root - INFO - Hypothesis at_000: float64, float64 
[2023-06-05 20:20:51,457] 88 root - INFO - Hypothesis au_000: float64, float64 
[2023-06-05 20:20:51,494] 88 root - INFO - Hypothesis av_000: float64, float64 
[2023-06-05 20:20:51,534] 88 root - INFO - Hypothesis ax_000: float64, float64 
[2023-06-05 20:20:51,542] 88 root - INFO - Hypothesis ay_000: float64, float64 
[2023-06-05 20:20:51,580] 88 root - INFO - Hypothesis ay_001: float64, float64 
[2023-06-05 20:20:51,619] 88 root - INFO - Hypothesis ay_002: float64, float64 
[2023-06-05 20:20:51,656] 88 root - INFO - Hypothesis ay_003: float64, float64 
[2023-06-05 20:20:51,692] 88 root - INFO - Hypothesis ay_004: float64, float64 
[2023-06-05 20:20:51,727] 88 root - INFO - Hypothesis ay_005: float64, float64 
[2023-06-05 20:20:51,766] 88 root - INFO - Hypothesis ay_006: float64, float64 
[2023-06-05 20:20:51,775] 88 root - INFO - Hypothesis ay_007: float64, float64 
[2023-06-05 20:20:51,816] 88 root - INFO - Hypothesis ay_008: float64, float64 
[2023-06-05 20:20:51,826] 88 root - INFO - Hypothesis ay_009: float64, float64 
[2023-06-05 20:20:51,862] 88 root - INFO - Hypothesis az_000: float64, float64 
[2023-06-05 20:20:51,872] 88 root - INFO - Hypothesis az_001: float64, float64 
[2023-06-05 20:20:51,913] 88 root - INFO - Hypothesis az_002: float64, float64 
[2023-06-05 20:20:51,954] 88 root - INFO - Hypothesis az_003: float64, float64 
[2023-06-05 20:20:51,997] 88 root - INFO - Hypothesis az_004: float64, float64 
[2023-06-05 20:20:52,008] 88 root - INFO - Hypothesis az_005: float64, float64 
[2023-06-05 20:20:52,050] 88 root - INFO - Hypothesis az_006: float64, float64 
[2023-06-05 20:20:52,090] 88 root - INFO - Hypothesis az_007: float64, float64 
[2023-06-05 20:20:52,127] 88 root - INFO - Hypothesis az_008: float64, float64 
[2023-06-05 20:20:52,163] 88 root - INFO - Hypothesis az_009: float64, float64 
[2023-06-05 20:20:52,199] 88 root - INFO - Hypothesis ba_000: float64, float64 
[2023-06-05 20:20:52,210] 88 root - INFO - Hypothesis ba_001: float64, float64 
[2023-06-05 20:20:52,251] 88 root - INFO - Hypothesis ba_002: float64, float64 
[2023-06-05 20:20:52,293] 88 root - INFO - Hypothesis ba_003: float64, float64 
[2023-06-05 20:20:52,334] 88 root - INFO - Hypothesis ba_004: float64, float64 
[2023-06-05 20:20:52,377] 88 root - INFO - Hypothesis ba_005: float64, float64 
[2023-06-05 20:20:52,421] 88 root - INFO - Hypothesis ba_006: float64, float64 
[2023-06-05 20:20:52,463] 88 root - INFO - Hypothesis ba_007: float64, float64 
[2023-06-05 20:20:52,473] 88 root - INFO - Hypothesis ba_008: float64, float64 
[2023-06-05 20:20:52,514] 88 root - INFO - Hypothesis ba_009: float64, float64 
[2023-06-05 20:20:52,521] 88 root - INFO - Hypothesis bb_000: float64, float64 
[2023-06-05 20:20:52,531] 88 root - INFO - Hypothesis bc_000: float64, float64 
[2023-06-05 20:20:52,579] 88 root - INFO - Hypothesis bd_000: float64, float64 
[2023-06-05 20:20:52,588] 88 root - INFO - Hypothesis be_000: float64, float64 
[2023-06-05 20:20:52,597] 88 root - INFO - Hypothesis bf_000: float64, float64 
[2023-06-05 20:20:52,637] 88 root - INFO - Hypothesis bg_000: float64, float64 
[2023-06-05 20:20:52,647] 88 root - INFO - Hypothesis bh_000: float64, float64 
[2023-06-05 20:20:52,690] 88 root - INFO - Hypothesis bi_000: float64, float64 
[2023-06-05 20:20:52,732] 88 root - INFO - Hypothesis bj_000: float64, float64 
[2023-06-05 20:20:52,774] 88 root - INFO - Hypothesis bk_000: float64, float64 
[2023-06-05 20:20:52,783] 88 root - INFO - Hypothesis bl_000: float64, float64 
[2023-06-05 20:20:52,791] 88 root - INFO - Hypothesis bm_000: float64, float64 
[2023-06-05 20:20:52,829] 88 root - INFO - Hypothesis bs_000: float64, float64 
[2023-06-05 20:20:52,872] 88 root - INFO - Hypothesis bt_000: float64, float64 
[2023-06-05 20:20:52,914] 88 root - INFO - Hypothesis bu_000: float64, float64 
[2023-06-05 20:20:52,925] 88 root - INFO - Hypothesis bv_000: float64, float64 
[2023-06-05 20:20:52,935] 88 root - INFO - Hypothesis bx_000: float64, float64 
[2023-06-05 20:20:52,977] 88 root - INFO - Hypothesis by_000: float64, float64 
[2023-06-05 20:20:53,018] 88 root - INFO - Hypothesis bz_000: float64, float64 
[2023-06-05 20:20:53,058] 88 root - INFO - Hypothesis ca_000: float64, float64 
[2023-06-05 20:20:53,069] 88 root - INFO - Hypothesis cb_000: float64, float64 
[2023-06-05 20:20:53,080] 88 root - INFO - Hypothesis cc_000: float64, float64 
[2023-06-05 20:20:53,121] 88 root - INFO - Hypothesis cd_000: float64, float64 
[2023-06-05 20:20:53,158] 88 root - INFO - Hypothesis ce_000: float64, float64 
[2023-06-05 20:20:53,167] 88 root - INFO - Hypothesis cf_000: float64, float64 
[2023-06-05 20:20:53,173] 88 root - INFO - Hypothesis cg_000: float64, float64 
[2023-06-05 20:20:53,180] 88 root - INFO - Hypothesis ch_000: float64, float64 
[2023-06-05 20:20:53,185] 88 root - INFO - Hypothesis ci_000: float64, float64 
[2023-06-05 20:20:53,227] 88 root - INFO - Hypothesis cj_000: float64, float64 
[2023-06-05 20:20:53,264] 88 root - INFO - Hypothesis ck_000: float64, float64 
[2023-06-05 20:20:53,275] 88 root - INFO - Hypothesis cl_000: float64, float64 
[2023-06-05 20:20:53,313] 88 root - INFO - Hypothesis cm_000: float64, float64 
[2023-06-05 20:20:53,320] 88 root - INFO - Hypothesis cn_000: float64, float64 
[2023-06-05 20:20:53,355] 88 root - INFO - Hypothesis cn_001: float64, float64 
[2023-06-05 20:20:53,392] 88 root - INFO - Hypothesis cn_002: float64, float64 
[2023-06-05 20:20:53,432] 88 root - INFO - Hypothesis cn_003: float64, float64 
[2023-06-05 20:20:53,477] 88 root - INFO - Hypothesis cn_004: float64, float64 
[2023-06-05 20:20:53,522] 88 root - INFO - Hypothesis cn_005: float64, float64 
[2023-06-05 20:20:53,564] 88 root - INFO - Hypothesis cn_006: float64, float64 
[2023-06-05 20:20:53,574] 88 root - INFO - Hypothesis cn_007: float64, float64 
[2023-06-05 20:20:53,584] 88 root - INFO - Hypothesis cn_008: float64, float64 
[2023-06-05 20:20:53,632] 88 root - INFO - Hypothesis cn_009: float64, float64 
[2023-06-05 20:20:53,639] 88 root - INFO - Hypothesis co_000: float64, float64 
[2023-06-05 20:20:53,646] 88 root - INFO - Hypothesis cp_000: float64, float64 
[2023-06-05 20:20:53,654] 88 root - INFO - Hypothesis cq_000: float64, float64 
[2023-06-05 20:20:53,664] 88 root - INFO - Hypothesis cs_000: float64, float64 
[2023-06-05 20:20:53,706] 88 root - INFO - Hypothesis cs_001: float64, float64 
[2023-06-05 20:20:53,746] 88 root - INFO - Hypothesis cs_002: float64, float64 
[2023-06-05 20:20:53,787] 88 root - INFO - Hypothesis cs_003: float64, float64 
[2023-06-05 20:20:53,797] 88 root - INFO - Hypothesis cs_004: float64, float64 
[2023-06-05 20:20:53,808] 88 root - INFO - Hypothesis cs_005: float64, float64 
[2023-06-05 20:20:53,850] 88 root - INFO - Hypothesis cs_006: float64, float64 
[2023-06-05 20:20:53,892] 88 root - INFO - Hypothesis cs_007: float64, float64 
[2023-06-05 20:20:53,902] 88 root - INFO - Hypothesis cs_008: float64, float64 
[2023-06-05 20:20:53,909] 88 root - INFO - Hypothesis cs_009: float64, float64 
[2023-06-05 20:20:53,945] 88 root - INFO - Hypothesis ct_000: float64, float64 
[2023-06-05 20:20:53,953] 88 root - INFO - Hypothesis cu_000: float64, float64 
[2023-06-05 20:20:53,961] 88 root - INFO - Hypothesis cv_000: float64, float64 
[2023-06-05 20:20:53,970] 88 root - INFO - Hypothesis cx_000: float64, float64 
[2023-06-05 20:20:53,979] 88 root - INFO - Hypothesis cy_000: float64, float64 
[2023-06-05 20:20:53,984] 88 root - INFO - Hypothesis cz_000: float64, float64 
[2023-06-05 20:20:53,992] 88 root - INFO - Hypothesis da_000: float64, float64 
[2023-06-05 20:20:53,998] 88 root - INFO - Hypothesis db_000: float64, float64 
[2023-06-05 20:20:54,004] 88 root - INFO - Hypothesis dc_000: float64, float64 
[2023-06-05 20:20:54,013] 88 root - INFO - Hypothesis dd_000: float64, float64 
[2023-06-05 20:20:54,023] 88 root - INFO - Hypothesis de_000: float64, float64 
[2023-06-05 20:20:54,031] 88 root - INFO - Hypothesis df_000: float64, float64 
[2023-06-05 20:20:54,069] 88 root - INFO - Hypothesis dg_000: float64, float64 
[2023-06-05 20:20:54,107] 88 root - INFO - Hypothesis dh_000: float64, float64 
[2023-06-05 20:20:54,144] 88 root - INFO - Hypothesis di_000: float64, float64 
[2023-06-05 20:20:54,181] 88 root - INFO - Hypothesis dj_000: float64, float64 
[2023-06-05 20:20:54,217] 88 root - INFO - Hypothesis dk_000: float64, float64 
[2023-06-05 20:20:54,252] 88 root - INFO - Hypothesis dl_000: float64, float64 
[2023-06-05 20:20:54,288] 88 root - INFO - Hypothesis dm_000: float64, float64 
[2023-06-05 20:20:54,324] 88 root - INFO - Hypothesis dn_000: float64, float64 
[2023-06-05 20:20:54,334] 88 root - INFO - Hypothesis do_000: float64, float64 
[2023-06-05 20:20:54,344] 88 root - INFO - Hypothesis dp_000: float64, float64 
[2023-06-05 20:20:54,385] 88 root - INFO - Hypothesis dq_000: float64, float64 
[2023-06-05 20:20:54,392] 88 root - INFO - Hypothesis dr_000: float64, float64 
[2023-06-05 20:20:54,398] 88 root - INFO - Hypothesis ds_000: float64, float64 
[2023-06-05 20:20:54,440] 88 root - INFO - Hypothesis dt_000: float64, float64 
[2023-06-05 20:20:54,450] 88 root - INFO - Hypothesis du_000: float64, float64 
[2023-06-05 20:20:54,460] 88 root - INFO - Hypothesis dv_000: float64, float64 
[2023-06-05 20:20:54,470] 88 root - INFO - Hypothesis dx_000: float64, float64 
[2023-06-05 20:20:54,509] 88 root - INFO - Hypothesis dy_000: float64, float64 
[2023-06-05 20:20:54,548] 88 root - INFO - Hypothesis dz_000: float64, float64 
[2023-06-05 20:20:54,587] 88 root - INFO - Hypothesis ea_000: float64, float64 
[2023-06-05 20:20:54,627] 88 root - INFO - Hypothesis eb_000: float64, float64 
[2023-06-05 20:20:54,668] 88 root - INFO - Hypothesis ec_00: float64, float64 
[2023-06-05 20:20:54,710] 88 root - INFO - Hypothesis ed_000: float64, float64 
[2023-06-05 20:20:54,749] 88 root - INFO - Hypothesis ee_000: float64, float64 
[2023-06-05 20:20:54,760] 88 root - INFO - Hypothesis ee_001: float64, float64 
[2023-06-05 20:20:54,771] 88 root - INFO - Hypothesis ee_002: float64, float64 
[2023-06-05 20:20:54,781] 88 root - INFO - Hypothesis ee_003: float64, float64 
[2023-06-05 20:20:54,823] 88 root - INFO - Hypothesis ee_004: float64, float64 
[2023-06-05 20:20:54,865] 88 root - INFO - Hypothesis ee_005: float64, float64 
[2023-06-05 20:20:54,875] 88 root - INFO - Hypothesis ee_006: float64, float64 
[2023-06-05 20:20:54,885] 88 root - INFO - Hypothesis ee_007: float64, float64 
[2023-06-05 20:20:54,927] 88 root - INFO - Hypothesis ee_008: float64, float64 
[2023-06-05 20:20:54,936] 88 root - INFO - Hypothesis ee_009: float64, float64 
[2023-06-05 20:20:54,944] 88 root - INFO - Hypothesis ef_000: float64, float64 
[2023-06-05 20:20:54,980] 88 root - INFO - Hypothesis eg_000: float64, float64 
[2023-06-05 20:20:55,016] 143 root - INFO - As all column are available in test df hence detecting data drift
[2023-06-05 20:20:55,016] 88 root - INFO - Hypothesis class: object, object 
[2023-06-05 20:20:55,093] 88 root - INFO - Hypothesis aa_000: float64, int64 
[2023-06-05 20:20:55,100] 88 root - INFO - Hypothesis ac_000: float64, float64 
[2023-06-05 20:20:55,105] 88 root - INFO - Hypothesis ad_000: float64, float64 
[2023-06-05 20:20:55,110] 88 root - INFO - Hypothesis ae_000: float64, float64 
[2023-06-05 20:20:55,114] 88 root - INFO - Hypothesis af_000: float64, float64 
[2023-06-05 20:20:55,117] 88 root - INFO - Hypothesis ag_000: float64, float64 
[2023-06-05 20:20:55,132] 88 root - INFO - Hypothesis ag_001: float64, float64 
[2023-06-05 20:20:55,147] 88 root - INFO - Hypothesis ag_002: float64, float64 
[2023-06-05 20:20:55,150] 88 root - INFO - Hypothesis ag_003: float64, float64 
[2023-06-05 20:20:55,166] 88 root - INFO - Hypothesis ag_004: float64, float64 
[2023-06-05 20:20:55,173] 88 root - INFO - Hypothesis ag_005: float64, float64 
[2023-06-05 20:20:55,180] 88 root - INFO - Hypothesis ag_006: float64, float64 
[2023-06-05 20:20:55,187] 88 root - INFO - Hypothesis ag_007: float64, float64 
[2023-06-05 20:20:55,193] 88 root - INFO - Hypothesis ag_008: float64, float64 
[2023-06-05 20:20:55,199] 88 root - INFO - Hypothesis ag_009: float64, float64 
[2023-06-05 20:20:55,204] 88 root - INFO - Hypothesis ah_000: float64, float64 
[2023-06-05 20:20:55,211] 88 root - INFO - Hypothesis ai_000: float64, float64 
[2023-06-05 20:20:55,227] 88 root - INFO - Hypothesis aj_000: float64, float64 
[2023-06-05 20:20:55,231] 88 root - INFO - Hypothesis ak_000: float64, float64 
[2023-06-05 20:20:55,234] 88 root - INFO - Hypothesis al_000: float64, float64 
[2023-06-05 20:20:55,239] 88 root - INFO - Hypothesis am_0: float64, float64 
[2023-06-05 20:20:55,244] 88 root - INFO - Hypothesis an_000: float64, float64 
[2023-06-05 20:20:55,251] 88 root - INFO - Hypothesis ao_000: float64, float64 
[2023-06-05 20:20:55,258] 88 root - INFO - Hypothesis ap_000: float64, float64 
[2023-06-05 20:20:55,265] 88 root - INFO - Hypothesis aq_000: float64, float64 
[2023-06-05 20:20:55,274] 88 root - INFO - Hypothesis ar_000: float64, float64 
[2023-06-05 20:20:55,289] 88 root - INFO - Hypothesis as_000: float64, float64 
[2023-06-05 20:20:55,304] 88 root - INFO - Hypothesis at_000: float64, float64 
[2023-06-05 20:20:55,320] 88 root - INFO - Hypothesis au_000: float64, float64 
[2023-06-05 20:20:55,334] 88 root - INFO - Hypothesis av_000: float64, float64 
[2023-06-05 20:20:55,340] 88 root - INFO - Hypothesis ax_000: float64, float64 
[2023-06-05 20:20:55,345] 88 root - INFO - Hypothesis ay_000: float64, float64 
[2023-06-05 20:20:55,360] 88 root - INFO - Hypothesis ay_001: float64, float64 
[2023-06-05 20:20:55,375] 88 root - INFO - Hypothesis ay_002: float64, float64 
[2023-06-05 20:20:55,390] 88 root - INFO - Hypothesis ay_003: float64, float64 
[2023-06-05 20:20:55,406] 88 root - INFO - Hypothesis ay_004: float64, float64 
[2023-06-05 20:20:55,421] 88 root - INFO - Hypothesis ay_005: float64, float64 
[2023-06-05 20:20:55,438] 88 root - INFO - Hypothesis ay_006: float64, float64 
[2023-06-05 20:20:55,445] 88 root - INFO - Hypothesis ay_007: float64, float64 
[2023-06-05 20:20:55,452] 88 root - INFO - Hypothesis ay_008: float64, float64 
[2023-06-05 20:20:55,458] 88 root - INFO - Hypothesis ay_009: float64, float64 
[2023-06-05 20:20:55,474] 88 root - INFO - Hypothesis az_000: float64, float64 
[2023-06-05 20:20:55,480] 88 root - INFO - Hypothesis az_001: float64, float64 
[2023-06-05 20:20:55,487] 88 root - INFO - Hypothesis az_002: float64, float64 
[2023-06-05 20:20:55,493] 88 root - INFO - Hypothesis az_003: float64, float64 
[2023-06-05 20:20:55,500] 88 root - INFO - Hypothesis az_004: float64, float64 
[2023-06-05 20:20:55,507] 88 root - INFO - Hypothesis az_005: float64, float64 
[2023-06-05 20:20:55,514] 88 root - INFO - Hypothesis az_006: float64, float64 
[2023-06-05 20:20:55,520] 88 root - INFO - Hypothesis az_007: float64, float64 
[2023-06-05 20:20:55,537] 88 root - INFO - Hypothesis az_008: float64, float64 
[2023-06-05 20:20:55,556] 88 root - INFO - Hypothesis az_009: float64, float64 
[2023-06-05 20:20:55,572] 88 root - INFO - Hypothesis ba_000: float64, float64 
[2023-06-05 20:20:55,579] 88 root - INFO - Hypothesis ba_001: float64, float64 
[2023-06-05 20:20:55,587] 88 root - INFO - Hypothesis ba_002: float64, float64 
[2023-06-05 20:20:55,594] 88 root - INFO - Hypothesis ba_003: float64, float64 
[2023-06-05 20:20:55,602] 88 root - INFO - Hypothesis ba_004: float64, float64 
[2023-06-05 20:20:55,609] 88 root - INFO - Hypothesis ba_005: float64, float64 
[2023-06-05 20:20:55,616] 88 root - INFO - Hypothesis ba_006: float64, float64 
[2023-06-05 20:20:55,622] 88 root - INFO - Hypothesis ba_007: float64, float64 
[2023-06-05 20:20:55,629] 88 root - INFO - Hypothesis ba_008: float64, float64 
[2023-06-05 20:20:55,635] 88 root - INFO - Hypothesis ba_009: float64, float64 
[2023-06-05 20:20:55,639] 88 root - INFO - Hypothesis bb_000: float64, float64 
[2023-06-05 20:20:55,646] 88 root - INFO - Hypothesis bc_000: float64, float64 
[2023-06-05 20:20:55,652] 88 root - INFO - Hypothesis bd_000: float64, float64 
[2023-06-05 20:20:55,657] 88 root - INFO - Hypothesis be_000: float64, float64 
[2023-06-05 20:20:55,663] 88 root - INFO - Hypothesis bf_000: float64, float64 
[2023-06-05 20:20:55,668] 88 root - INFO - Hypothesis bg_000: float64, float64 
[2023-06-05 20:20:55,675] 88 root - INFO - Hypothesis bh_000: float64, float64 
[2023-06-05 20:20:55,682] 88 root - INFO - Hypothesis bi_000: float64, float64 
[2023-06-05 20:20:55,689] 88 root - INFO - Hypothesis bj_000: float64, float64 
[2023-06-05 20:20:55,696] 88 root - INFO - Hypothesis bk_000: float64, float64 
[2023-06-05 20:20:55,702] 88 root - INFO - Hypothesis bl_000: float64, float64 
[2023-06-05 20:20:55,707] 88 root - INFO - Hypothesis bm_000: float64, float64 
[2023-06-05 20:20:55,711] 88 root - INFO - Hypothesis bs_000: float64, float64 
[2023-06-05 20:20:55,719] 88 root - INFO - Hypothesis bt_000: float64, float64 
[2023-06-05 20:20:55,726] 88 root - INFO - Hypothesis bu_000: float64, float64 
[2023-06-05 20:20:55,733] 88 root - INFO - Hypothesis bv_000: float64, float64 
[2023-06-05 20:20:55,740] 88 root - INFO - Hypothesis bx_000: float64, float64 
[2023-06-05 20:20:55,746] 88 root - INFO - Hypothesis by_000: float64, float64 
[2023-06-05 20:20:55,753] 88 root - INFO - Hypothesis bz_000: float64, float64 
[2023-06-05 20:20:55,759] 88 root - INFO - Hypothesis ca_000: float64, float64 
[2023-06-05 20:20:55,766] 88 root - INFO - Hypothesis cb_000: float64, float64 
[2023-06-05 20:20:55,774] 88 root - INFO - Hypothesis cc_000: float64, float64 
[2023-06-05 20:20:55,781] 88 root - INFO - Hypothesis cd_000: float64, float64 
[2023-06-05 20:20:55,796] 88 root - INFO - Hypothesis ce_000: float64, float64 
[2023-06-05 20:20:55,802] 88 root - INFO - Hypothesis cf_000: float64, float64 
[2023-06-05 20:20:55,806] 88 root - INFO - Hypothesis cg_000: float64, float64 
[2023-06-05 20:20:55,811] 88 root - INFO - Hypothesis ch_000: float64, float64 
[2023-06-05 20:20:55,815] 88 root - INFO - Hypothesis ci_000: float64, float64 
[2023-06-05 20:20:55,822] 88 root - INFO - Hypothesis cj_000: float64, float64 
[2023-06-05 20:20:55,826] 88 root - INFO - Hypothesis ck_000: float64, float64 
[2023-06-05 20:20:55,833] 88 root - INFO - Hypothesis cl_000: float64, float64 
[2023-06-05 20:20:55,837] 88 root - INFO - Hypothesis cm_000: float64, float64 
[2023-06-05 20:20:55,842] 88 root - INFO - Hypothesis cn_000: float64, float64 
[2023-06-05 20:20:55,845] 88 root - INFO - Hypothesis cn_001: float64, float64 
[2023-06-05 20:20:55,861] 88 root - INFO - Hypothesis cn_002: float64, float64 
[2023-06-05 20:20:55,867] 88 root - INFO - Hypothesis cn_003: float64, float64 
[2023-06-05 20:20:55,874] 88 root - INFO - Hypothesis cn_004: float64, float64 
[2023-06-05 20:20:55,881] 88 root - INFO - Hypothesis cn_005: float64, float64 
[2023-06-05 20:20:55,888] 88 root - INFO - Hypothesis cn_006: float64, float64 
[2023-06-05 20:20:55,895] 88 root - INFO - Hypothesis cn_007: float64, float64 
[2023-06-05 20:20:55,901] 88 root - INFO - Hypothesis cn_008: float64, float64 
[2023-06-05 20:20:55,907] 88 root - INFO - Hypothesis cn_009: float64, float64 
[2023-06-05 20:20:55,913] 88 root - INFO - Hypothesis co_000: float64, float64 
[2023-06-05 20:20:55,917] 88 root - INFO - Hypothesis cp_000: float64, float64 
[2023-06-05 20:20:55,923] 88 root - INFO - Hypothesis cq_000: float64, float64 
[2023-06-05 20:20:55,930] 88 root - INFO - Hypothesis cs_000: float64, float64 
[2023-06-05 20:20:55,937] 88 root - INFO - Hypothesis cs_001: float64, float64 
[2023-06-05 20:20:55,943] 88 root - INFO - Hypothesis cs_002: float64, float64 
[2023-06-05 20:20:55,949] 88 root - INFO - Hypothesis cs_003: float64, float64 
[2023-06-05 20:20:55,956] 88 root - INFO - Hypothesis cs_004: float64, float64 
[2023-06-05 20:20:55,963] 88 root - INFO - Hypothesis cs_005: float64, float64 
[2023-06-05 20:20:55,970] 88 root - INFO - Hypothesis cs_006: float64, float64 
[2023-06-05 20:20:55,977] 88 root - INFO - Hypothesis cs_007: float64, float64 
[2023-06-05 20:20:55,984] 88 root - INFO - Hypothesis cs_008: float64, float64 
[2023-06-05 20:20:55,990] 88 root - INFO - Hypothesis cs_009: float64, float64 
[2023-06-05 20:20:56,005] 88 root - INFO - Hypothesis ct_000: float64, float64 
[2023-06-05 20:20:56,010] 88 root - INFO - Hypothesis cu_000: float64, float64 
[2023-06-05 20:20:56,017] 88 root - INFO - Hypothesis cv_000: float64, float64 
[2023-06-05 20:20:56,026] 88 root - INFO - Hypothesis cx_000: float64, float64 
[2023-06-05 20:20:56,032] 88 root - INFO - Hypothesis cy_000: float64, float64 
[2023-06-05 20:20:56,036] 88 root - INFO - Hypothesis cz_000: float64, float64 
[2023-06-05 20:20:56,042] 88 root - INFO - Hypothesis da_000: float64, float64 
[2023-06-05 20:20:56,045] 88 root - INFO - Hypothesis db_000: float64, float64 
[2023-06-05 20:20:56,050] 88 root - INFO - Hypothesis dc_000: float64, float64 
[2023-06-05 20:20:56,056] 88 root - INFO - Hypothesis dd_000: float64, float64 
[2023-06-05 20:20:56,063] 88 root - INFO - Hypothesis de_000: float64, float64 
[2023-06-05 20:20:56,068] 88 root - INFO - Hypothesis df_000: float64, float64 
[2023-06-05 20:20:56,085] 88 root - INFO - Hypothesis dg_000: float64, float64 
[2023-06-05 20:20:56,100] 88 root - INFO - Hypothesis dh_000: float64, float64 
[2023-06-05 20:20:56,116] 88 root - INFO - Hypothesis di_000: float64, float64 
[2023-06-05 20:20:56,120] 88 root - INFO - Hypothesis dj_000: float64, float64 
[2023-06-05 20:20:56,135] 88 root - INFO - Hypothesis dk_000: float64, float64 
[2023-06-05 20:20:56,150] 88 root - INFO - Hypothesis dl_000: float64, float64 
[2023-06-05 20:20:56,165] 88 root - INFO - Hypothesis dm_000: float64, float64 
[2023-06-05 20:20:56,181] 88 root - INFO - Hypothesis dn_000: float64, float64 
[2023-06-05 20:20:56,187] 88 root - INFO - Hypothesis do_000: float64, float64 
[2023-06-05 20:20:56,194] 88 root - INFO - Hypothesis dp_000: float64, float64 
[2023-06-05 20:20:56,200] 88 root - INFO - Hypothesis dq_000: float64, float64 
[2023-06-05 20:20:56,204] 88 root - INFO - Hypothesis dr_000: float64, float64 
[2023-06-05 20:20:56,208] 88 root - INFO - Hypothesis ds_000: float64, float64 
[2023-06-05 20:20:56,215] 88 root - INFO - Hypothesis dt_000: float64, float64 
[2023-06-05 20:20:56,222] 88 root - INFO - Hypothesis du_000: float64, float64 
[2023-06-05 20:20:56,229] 88 root - INFO - Hypothesis dv_000: float64, float64 
[2023-06-05 20:20:56,236] 88 root - INFO - Hypothesis dx_000: float64, float64 
[2023-06-05 20:20:56,240] 88 root - INFO - Hypothesis dy_000: float64, float64 
[2023-06-05 20:20:56,245] 88 root - INFO - Hypothesis dz_000: float64, float64 
[2023-06-05 20:20:56,261] 88 root - INFO - Hypothesis ea_000: float64, float64 
[2023-06-05 20:20:56,276] 88 root - INFO - Hypothesis eb_000: float64, float64 
[2023-06-05 20:20:56,281] 88 root - INFO - Hypothesis ec_00: float64, float64 
[2023-06-05 20:20:56,288] 88 root - INFO - Hypothesis ed_000: float64, float64 
[2023-06-05 20:20:56,294] 88 root - INFO - Hypothesis ee_000: float64, float64 
[2023-06-05 20:20:56,301] 88 root - INFO - Hypothesis ee_001: float64, float64 
[2023-06-05 20:20:56,308] 88 root - INFO - Hypothesis ee_002: float64, float64 
[2023-06-05 20:20:56,315] 88 root - INFO - Hypothesis ee_003: float64, float64 
[2023-06-05 20:20:56,322] 88 root - INFO - Hypothesis ee_004: float64, float64 
[2023-06-05 20:20:56,328] 88 root - INFO - Hypothesis ee_005: float64, float64 
[2023-06-05 20:20:56,335] 88 root - INFO - Hypothesis ee_006: float64, float64 
[2023-06-05 20:20:56,342] 88 root - INFO - Hypothesis ee_007: float64, float64 
[2023-06-05 20:20:56,348] 88 root - INFO - Hypothesis ee_008: float64, float64 
[2023-06-05 20:20:56,354] 88 root - INFO - Hypothesis ee_009: float64, float64 
[2023-06-05 20:20:56,359] 88 root - INFO - Hypothesis ef_000: float64, float64 
[2023-06-05 20:20:56,374] 88 root - INFO - Hypothesis eg_000: float64, float64 
[2023-06-05 20:20:56,389] 147 root - INFO - Write reprt in yaml file
[2023-06-05 20:20:56,462] 152 root - INFO - Data validation artifact: DataValidationArtifact(report_file_path='/config/workspace/artifact/060523___202036/data_validation/report.yaml')
