[2023-06-05 19:48:09,413] 22 root - INFO - Exporting collection data as pandas dataframe
[2023-06-05 19:48:09,414] 22 root - INFO - Reading data from database : aps and collection : sensor
[2023-06-05 19:48:12,949] 24 root - INFO - Found Columns :Index(['_id', 'class', 'aa_000', 'ab_000', 'ac_000', 'ad_000', 'ae_000',
       'af_000', 'ag_000', 'ag_001',
       ...
       'ee_002', 'ee_003', 'ee_004', 'ee_005', 'ee_006', 'ee_007', 'ee_008',
       'ee_009', 'ef_000', 'eg_000'],
      dtype='object', length=172)
[2023-06-05 19:48:12,950] 26 root - INFO - dropping column _id
[2023-06-05 19:48:13,143] 28 root - INFO - row and column in df : (36188, 172)
[2023-06-05 19:48:13,143] 28 root - INFO - Save data in feature store
[2023-06-05 19:48:14,553] 41 root - INFO - Create feature store folder if not available
[2023-06-05 19:48:14,554] 45 root - INFO - Save df to feature store folder
[2023-06-05 19:48:16,401] 50 root - INFO - split dataset into train and test set
[2023-06-05 19:48:16,726] 54 root - INFO - create dataset directory folder if not available
[2023-06-05 19:48:16,726] 59 root - INFO - Save df to feature store folder
[2023-06-05 19:48:19,089] 74 root - INFO - Data ingestion artifact: DataIngestionArtifact(feature_store_file_path='/config/workspace/artifact/060523___194809/data_ingestion/feature_store/sensor.csv', train_file_path='/config/workspace/artifact/060523___194809/data_ingestion/dataset/train.csv', test_file_path='/config/workspace/artifact/060523___194809/data_ingestion/dataset/test.csv')
[2023-06-05 19:48:19,474] 21 root - INFO - >>>>>>>>>>>>>>>>>>>>>>>>>>>>>>>>>>>>>>>> Data Validation <<<<<<<<<<<<<<<<<<<<<<<<<<<<<<<<<<<<<<<<
[2023-06-05 19:48:19,474] 110 root - INFO - Reading base dataframe
[2023-06-05 19:48:21,687] 113 root - INFO - Replace na value in base df
[2023-06-05 19:48:21,687] 115 root - INFO - Drop null values colums from base df
[2023-06-05 19:48:21,907] 44 root - INFO - selecting column name which contains null above to 0.7
[2023-06-05 19:48:21,908] 47 root - INFO - Columns to drop: ['ab_000', 'bn_000', 'bo_000', 'bp_000', 'bq_000', 'br_000', 'cr_000']
[2023-06-05 19:48:21,994] 118 root - INFO - Reading train dataframe
[2023-06-05 19:48:22,400] 120 root - INFO - Reading test dataframe
[2023-06-05 19:48:22,504] 123 root - INFO - Drop null values colums from train df
[2023-06-05 19:48:22,513] 44 root - INFO - selecting column name which contains null above to 0.7
[2023-06-05 19:48:22,514] 47 root - INFO - Columns to drop: ['ab_000', 'bn_000', 'bo_000', 'bp_000', 'bq_000', 'br_000', 'cr_000']
[2023-06-05 19:48:22,527] 125 root - INFO - Drop null values colums from test df
[2023-06-05 19:48:22,530] 44 root - INFO - selecting column name which contains null above to 0.7
[2023-06-05 19:48:22,530] 47 root - INFO - Columns to drop: ['ab_000', 'bn_000', 'bo_000', 'bp_000', 'bq_000', 'br_000', 'cr_000']
[2023-06-05 19:48:23,268] 134 root - INFO - Is all required columns present in train df
[2023-06-05 19:48:23,268] 136 root - INFO - Is all required columns present in test df
[2023-06-05 19:48:23,268] 140 root - INFO - As all column are available in train df hence detecting data drift
[2023-06-05 19:48:23,268] 88 root - INFO - Hypothesis class: object, object 
[2023-06-05 19:48:23,406] 88 root - INFO - Hypothesis aa_000: float64, int64 
[2023-06-05 19:48:23,416] 88 root - INFO - Hypothesis ac_000: float64, float64 
[2023-06-05 19:48:23,456] 88 root - INFO - Hypothesis ad_000: float64, float64 
[2023-06-05 19:48:23,497] 88 root - INFO - Hypothesis ae_000: float64, float64 
[2023-06-05 19:48:23,534] 88 root - INFO - Hypothesis af_000: float64, float64 
[2023-06-05 19:48:23,571] 88 root - INFO - Hypothesis ag_000: float64, float64 
[2023-06-05 19:48:23,607] 88 root - INFO - Hypothesis ag_001: float64, float64 
[2023-06-05 19:48:23,643] 88 root - INFO - Hypothesis ag_002: float64, float64 
[2023-06-05 19:48:23,683] 88 root - INFO - Hypothesis ag_003: float64, float64 
[2023-06-05 19:48:23,690] 88 root - INFO - Hypothesis ag_004: float64, float64 
[2023-06-05 19:48:23,701] 88 root - INFO - Hypothesis ag_005: float64, float64 
[2023-06-05 19:48:23,712] 88 root - INFO - Hypothesis ag_006: float64, float64 
[2023-06-05 19:48:23,756] 88 root - INFO - Hypothesis ag_007: float64, float64 
[2023-06-05 19:48:23,798] 88 root - INFO - Hypothesis ag_008: float64, float64 
[2023-06-05 19:48:23,806] 88 root - INFO - Hypothesis ag_009: float64, float64 
[2023-06-05 19:48:23,845] 88 root - INFO - Hypothesis ah_000: float64, float64 
[2023-06-05 19:48:23,855] 88 root - INFO - Hypothesis ai_000: float64, float64 
[2023-06-05 19:48:23,892] 88 root - INFO - Hypothesis aj_000: float64, float64 
[2023-06-05 19:48:23,930] 88 root - INFO - Hypothesis ak_000: float64, float64 
[2023-06-05 19:48:23,966] 88 root - INFO - Hypothesis al_000: float64, float64 
[2023-06-05 19:48:23,973] 88 root - INFO - Hypothesis am_0: float64, float64 
[2023-06-05 19:48:23,981] 88 root - INFO - Hypothesis an_000: float64, float64 
[2023-06-05 19:48:23,992] 88 root - INFO - Hypothesis ao_000: float64, float64 
[2023-06-05 19:48:24,002] 88 root - INFO - Hypothesis ap_000: float64, float64 
[2023-06-05 19:48:24,013] 88 root - INFO - Hypothesis aq_000: float64, float64 
[2023-06-05 19:48:24,024] 88 root - INFO - Hypothesis ar_000: float64, float64 
[2023-06-05 19:48:24,060] 88 root - INFO - Hypothesis as_000: float64, float64 
[2023-06-05 19:48:24,096] 88 root - INFO - Hypothesis at_000: float64, float64 
[2023-06-05 19:48:24,133] 88 root - INFO - Hypothesis au_000: float64, float64 
[2023-06-05 19:48:24,170] 88 root - INFO - Hypothesis av_000: float64, float64 
[2023-06-05 19:48:24,210] 88 root - INFO - Hypothesis ax_000: float64, float64 
[2023-06-05 19:48:24,250] 88 root - INFO - Hypothesis ay_000: float64, float64 
[2023-06-05 19:48:24,286] 88 root - INFO - Hypothesis ay_001: float64, float64 
[2023-06-05 19:48:24,322] 88 root - INFO - Hypothesis ay_002: float64, float64 
[2023-06-05 19:48:24,358] 88 root - INFO - Hypothesis ay_003: float64, float64 
[2023-06-05 19:48:24,394] 88 root - INFO - Hypothesis ay_004: float64, float64 
[2023-06-05 19:48:24,431] 88 root - INFO - Hypothesis ay_005: float64, float64 
[2023-06-05 19:48:24,471] 88 root - INFO - Hypothesis ay_006: float64, float64 
[2023-06-05 19:48:24,480] 88 root - INFO - Hypothesis ay_007: float64, float64 
[2023-06-05 19:48:24,523] 88 root - INFO - Hypothesis ay_008: float64, float64 
[2023-06-05 19:48:24,568] 88 root - INFO - Hypothesis ay_009: float64, float64 
[2023-06-05 19:48:24,603] 88 root - INFO - Hypothesis az_000: float64, float64 
[2023-06-05 19:48:24,613] 88 root - INFO - Hypothesis az_001: float64, float64 
[2023-06-05 19:48:24,654] 88 root - INFO - Hypothesis az_002: float64, float64 
[2023-06-05 19:48:24,695] 88 root - INFO - Hypothesis az_003: float64, float64 
[2023-06-05 19:48:24,705] 88 root - INFO - Hypothesis az_004: float64, float64 
[2023-06-05 19:48:24,748] 88 root - INFO - Hypothesis az_005: float64, float64 
[2023-06-05 19:48:24,790] 88 root - INFO - Hypothesis az_006: float64, float64 
[2023-06-05 19:48:24,831] 88 root - INFO - Hypothesis az_007: float64, float64 
[2023-06-05 19:48:24,869] 88 root - INFO - Hypothesis az_008: float64, float64 
[2023-06-05 19:48:24,905] 88 root - INFO - Hypothesis az_009: float64, float64 
[2023-06-05 19:48:24,941] 88 root - INFO - Hypothesis ba_000: float64, float64 
[2023-06-05 19:48:24,952] 88 root - INFO - Hypothesis ba_001: float64, float64 
[2023-06-05 19:48:24,963] 88 root - INFO - Hypothesis ba_002: float64, float64 
[2023-06-05 19:48:24,973] 88 root - INFO - Hypothesis ba_003: float64, float64 
[2023-06-05 19:48:24,983] 88 root - INFO - Hypothesis ba_004: float64, float64 
[2023-06-05 19:48:24,993] 88 root - INFO - Hypothesis ba_005: float64, float64 
[2023-06-05 19:48:25,003] 88 root - INFO - Hypothesis ba_006: float64, float64 
[2023-06-05 19:48:25,013] 88 root - INFO - Hypothesis ba_007: float64, float64 
[2023-06-05 19:48:25,054] 88 root - INFO - Hypothesis ba_008: float64, float64 
[2023-06-05 19:48:25,095] 88 root - INFO - Hypothesis ba_009: float64, float64 
[2023-06-05 19:48:25,102] 88 root - INFO - Hypothesis bb_000: float64, float64 
[2023-06-05 19:48:25,112] 88 root - INFO - Hypothesis bc_000: float64, float64 
[2023-06-05 19:48:25,120] 88 root - INFO - Hypothesis bd_000: float64, float64 
[2023-06-05 19:48:25,160] 88 root - INFO - Hypothesis be_000: float64, float64 
[2023-06-05 19:48:25,201] 88 root - INFO - Hypothesis bf_000: float64, float64 
[2023-06-05 19:48:25,241] 88 root - INFO - Hypothesis bg_000: float64, float64 
[2023-06-05 19:48:25,252] 88 root - INFO - Hypothesis bh_000: float64, float64 
[2023-06-05 19:48:25,263] 88 root - INFO - Hypothesis bi_000: float64, float64 
[2023-06-05 19:48:25,273] 88 root - INFO - Hypothesis bj_000: float64, float64 
[2023-06-05 19:48:25,284] 88 root - INFO - Hypothesis bk_000: float64, float64 
[2023-06-05 19:48:25,325] 88 root - INFO - Hypothesis bl_000: float64, float64 
[2023-06-05 19:48:25,365] 88 root - INFO - Hypothesis bm_000: float64, float64 
[2023-06-05 19:48:25,373] 88 root - INFO - Hypothesis bs_000: float64, float64 
[2023-06-05 19:48:25,415] 88 root - INFO - Hypothesis bt_000: float64, float64 
[2023-06-05 19:48:25,426] 88 root - INFO - Hypothesis bu_000: float64, float64 
[2023-06-05 19:48:25,436] 88 root - INFO - Hypothesis bv_000: float64, float64 
[2023-06-05 19:48:25,447] 88 root - INFO - Hypothesis bx_000: float64, float64 
[2023-06-05 19:48:25,458] 88 root - INFO - Hypothesis by_000: float64, float64 
[2023-06-05 19:48:25,468] 88 root - INFO - Hypothesis bz_000: float64, float64 
[2023-06-05 19:48:25,477] 88 root - INFO - Hypothesis ca_000: float64, float64 
[2023-06-05 19:48:25,520] 88 root - INFO - Hypothesis cb_000: float64, float64 
[2023-06-05 19:48:25,564] 88 root - INFO - Hypothesis cc_000: float64, float64 
[2023-06-05 19:48:25,574] 88 root - INFO - Hypothesis cd_000: float64, float64 
[2023-06-05 19:48:25,611] 88 root - INFO - Hypothesis ce_000: float64, float64 
[2023-06-05 19:48:25,621] 88 root - INFO - Hypothesis cf_000: float64, float64 
[2023-06-05 19:48:25,659] 88 root - INFO - Hypothesis cg_000: float64, float64 
[2023-06-05 19:48:25,666] 88 root - INFO - Hypothesis ch_000: float64, float64 
[2023-06-05 19:48:25,705] 88 root - INFO - Hypothesis ci_000: float64, float64 
[2023-06-05 19:48:25,716] 88 root - INFO - Hypothesis cj_000: float64, float64 
[2023-06-05 19:48:25,754] 88 root - INFO - Hypothesis ck_000: float64, float64 
[2023-06-05 19:48:25,765] 88 root - INFO - Hypothesis cl_000: float64, float64 
[2023-06-05 19:48:25,802] 88 root - INFO - Hypothesis cm_000: float64, float64 
[2023-06-05 19:48:25,809] 88 root - INFO - Hypothesis cn_000: float64, float64 
[2023-06-05 19:48:25,846] 88 root - INFO - Hypothesis cn_001: float64, float64 
[2023-06-05 19:48:25,884] 88 root - INFO - Hypothesis cn_002: float64, float64 
[2023-06-05 19:48:25,893] 88 root - INFO - Hypothesis cn_003: float64, float64 
[2023-06-05 19:48:25,903] 88 root - INFO - Hypothesis cn_004: float64, float64 
[2023-06-05 19:48:25,946] 88 root - INFO - Hypothesis cn_005: float64, float64 
[2023-06-05 19:48:25,989] 88 root - INFO - Hypothesis cn_006: float64, float64 
[2023-06-05 19:48:26,033] 88 root - INFO - Hypothesis cn_007: float64, float64 
[2023-06-05 19:48:26,043] 88 root - INFO - Hypothesis cn_008: float64, float64 
[2023-06-05 19:48:26,052] 88 root - INFO - Hypothesis cn_009: float64, float64 
[2023-06-05 19:48:26,060] 88 root - INFO - Hypothesis co_000: float64, float64 
[2023-06-05 19:48:26,099] 88 root - INFO - Hypothesis cp_000: float64, float64 
[2023-06-05 19:48:26,107] 88 root - INFO - Hypothesis cq_000: float64, float64 
[2023-06-05 19:48:26,118] 88 root - INFO - Hypothesis cs_000: float64, float64 
[2023-06-05 19:48:26,128] 88 root - INFO - Hypothesis cs_001: float64, float64 
[2023-06-05 19:48:26,137] 88 root - INFO - Hypothesis cs_002: float64, float64 
[2023-06-05 19:48:26,180] 88 root - INFO - Hypothesis cs_003: float64, float64 
[2023-06-05 19:48:26,191] 88 root - INFO - Hypothesis cs_004: float64, float64 
[2023-06-05 19:48:26,202] 88 root - INFO - Hypothesis cs_005: float64, float64 
[2023-06-05 19:48:26,212] 88 root - INFO - Hypothesis cs_006: float64, float64 
[2023-06-05 19:48:26,223] 88 root - INFO - Hypothesis cs_007: float64, float64 
[2023-06-05 19:48:26,233] 88 root - INFO - Hypothesis cs_008: float64, float64 
[2023-06-05 19:48:26,274] 88 root - INFO - Hypothesis cs_009: float64, float64 
[2023-06-05 19:48:26,312] 88 root - INFO - Hypothesis ct_000: float64, float64 
[2023-06-05 19:48:26,352] 88 root - INFO - Hypothesis cu_000: float64, float64 
[2023-06-05 19:48:26,360] 88 root - INFO - Hypothesis cv_000: float64, float64 
[2023-06-05 19:48:26,369] 88 root - INFO - Hypothesis cx_000: float64, float64 
[2023-06-05 19:48:26,411] 88 root - INFO - Hypothesis cy_000: float64, float64 
[2023-06-05 19:48:26,449] 88 root - INFO - Hypothesis cz_000: float64, float64 
[2023-06-05 19:48:26,489] 88 root - INFO - Hypothesis da_000: float64, float64 
[2023-06-05 19:48:26,526] 88 root - INFO - Hypothesis db_000: float64, float64 
[2023-06-05 19:48:26,564] 88 root - INFO - Hypothesis dc_000: float64, float64 
[2023-06-05 19:48:26,573] 88 root - INFO - Hypothesis dd_000: float64, float64 
[2023-06-05 19:48:26,583] 88 root - INFO - Hypothesis de_000: float64, float64 
[2023-06-05 19:48:26,591] 88 root - INFO - Hypothesis df_000: float64, float64 
[2023-06-05 19:48:26,628] 88 root - INFO - Hypothesis dg_000: float64, float64 
[2023-06-05 19:48:26,664] 88 root - INFO - Hypothesis dh_000: float64, float64 
[2023-06-05 19:48:26,703] 88 root - INFO - Hypothesis di_000: float64, float64 
[2023-06-05 19:48:26,742] 88 root - INFO - Hypothesis dj_000: float64, float64 
[2023-06-05 19:48:26,779] 88 root - INFO - Hypothesis dk_000: float64, float64 
[2023-06-05 19:48:26,815] 88 root - INFO - Hypothesis dl_000: float64, float64 
[2023-06-05 19:48:26,852] 88 root - INFO - Hypothesis dm_000: float64, float64 
[2023-06-05 19:48:26,888] 88 root - INFO - Hypothesis dn_000: float64, float64 
[2023-06-05 19:48:26,931] 88 root - INFO - Hypothesis do_000: float64, float64 
[2023-06-05 19:48:26,973] 88 root - INFO - Hypothesis dp_000: float64, float64 
[2023-06-05 19:48:27,014] 88 root - INFO - Hypothesis dq_000: float64, float64 
[2023-06-05 19:48:27,020] 88 root - INFO - Hypothesis dr_000: float64, float64 
[2023-06-05 19:48:27,027] 88 root - INFO - Hypothesis ds_000: float64, float64 
[2023-06-05 19:48:27,069] 88 root - INFO - Hypothesis dt_000: float64, float64 
[2023-06-05 19:48:27,111] 88 root - INFO - Hypothesis du_000: float64, float64 
[2023-06-05 19:48:27,121] 88 root - INFO - Hypothesis dv_000: float64, float64 
[2023-06-05 19:48:27,131] 88 root - INFO - Hypothesis dx_000: float64, float64 
[2023-06-05 19:48:27,170] 88 root - INFO - Hypothesis dy_000: float64, float64 
[2023-06-05 19:48:27,208] 88 root - INFO - Hypothesis dz_000: float64, float64 
[2023-06-05 19:48:27,245] 88 root - INFO - Hypothesis ea_000: float64, float64 
[2023-06-05 19:48:27,283] 88 root - INFO - Hypothesis eb_000: float64, float64 
[2023-06-05 19:48:27,324] 88 root - INFO - Hypothesis ec_00: float64, float64 
[2023-06-05 19:48:27,335] 88 root - INFO - Hypothesis ed_000: float64, float64 
[2023-06-05 19:48:27,345] 88 root - INFO - Hypothesis ee_000: float64, float64 
[2023-06-05 19:48:27,356] 88 root - INFO - Hypothesis ee_001: float64, float64 
[2023-06-05 19:48:27,368] 88 root - INFO - Hypothesis ee_002: float64, float64 
[2023-06-05 19:48:27,415] 88 root - INFO - Hypothesis ee_003: float64, float64 
[2023-06-05 19:48:27,459] 88 root - INFO - Hypothesis ee_004: float64, float64 
[2023-06-05 19:48:27,469] 88 root - INFO - Hypothesis ee_005: float64, float64 
[2023-06-05 19:48:27,512] 88 root - INFO - Hypothesis ee_006: float64, float64 
[2023-06-05 19:48:27,522] 88 root - INFO - Hypothesis ee_007: float64, float64 
[2023-06-05 19:48:27,564] 88 root - INFO - Hypothesis ee_008: float64, float64 
[2023-06-05 19:48:27,606] 88 root - INFO - Hypothesis ee_009: float64, float64 
[2023-06-05 19:48:27,647] 88 root - INFO - Hypothesis ef_000: float64, float64 
[2023-06-05 19:48:27,682] 88 root - INFO - Hypothesis eg_000: float64, float64 
[2023-06-05 19:48:27,719] 143 root - INFO - As all column are available in test df hence detecting data drift
[2023-06-05 19:48:27,719] 88 root - INFO - Hypothesis class: object, object 
[2023-06-05 19:48:27,799] 88 root - INFO - Hypothesis aa_000: float64, int64 
[2023-06-05 19:48:27,807] 88 root - INFO - Hypothesis ac_000: float64, float64 
[2023-06-05 19:48:27,812] 88 root - INFO - Hypothesis ad_000: float64, float64 
[2023-06-05 19:48:27,818] 88 root - INFO - Hypothesis ae_000: float64, float64 
[2023-06-05 19:48:27,834] 88 root - INFO - Hypothesis af_000: float64, float64 
[2023-06-05 19:48:27,849] 88 root - INFO - Hypothesis ag_000: float64, float64 
[2023-06-05 19:48:27,865] 88 root - INFO - Hypothesis ag_001: float64, float64 
[2023-06-05 19:48:27,880] 88 root - INFO - Hypothesis ag_002: float64, float64 
[2023-06-05 19:48:27,883] 88 root - INFO - Hypothesis ag_003: float64, float64 
[2023-06-05 19:48:27,887] 88 root - INFO - Hypothesis ag_004: float64, float64 
[2023-06-05 19:48:27,896] 88 root - INFO - Hypothesis ag_005: float64, float64 
[2023-06-05 19:48:27,903] 88 root - INFO - Hypothesis ag_006: float64, float64 
[2023-06-05 19:48:27,910] 88 root - INFO - Hypothesis ag_007: float64, float64 
[2023-06-05 19:48:27,918] 88 root - INFO - Hypothesis ag_008: float64, float64 
[2023-06-05 19:48:27,924] 88 root - INFO - Hypothesis ag_009: float64, float64 
[2023-06-05 19:48:27,929] 88 root - INFO - Hypothesis ah_000: float64, float64 
[2023-06-05 19:48:27,937] 88 root - INFO - Hypothesis ai_000: float64, float64 
[2023-06-05 19:48:27,940] 88 root - INFO - Hypothesis aj_000: float64, float64 
[2023-06-05 19:48:27,944] 88 root - INFO - Hypothesis ak_000: float64, float64 
[2023-06-05 19:48:27,960] 88 root - INFO - Hypothesis al_000: float64, float64 
[2023-06-05 19:48:27,966] 88 root - INFO - Hypothesis am_0: float64, float64 
[2023-06-05 19:48:27,971] 88 root - INFO - Hypothesis an_000: float64, float64 
[2023-06-05 19:48:27,978] 88 root - INFO - Hypothesis ao_000: float64, float64 
[2023-06-05 19:48:27,986] 88 root - INFO - Hypothesis ap_000: float64, float64 
[2023-06-05 19:48:27,993] 88 root - INFO - Hypothesis aq_000: float64, float64 
[2023-06-05 19:48:28,001] 88 root - INFO - Hypothesis ar_000: float64, float64 
[2023-06-05 19:48:28,017] 88 root - INFO - Hypothesis as_000: float64, float64 
[2023-06-05 19:48:28,034] 88 root - INFO - Hypothesis at_000: float64, float64 
[2023-06-05 19:48:28,050] 88 root - INFO - Hypothesis au_000: float64, float64 
[2023-06-05 19:48:28,065] 88 root - INFO - Hypothesis av_000: float64, float64 
[2023-06-05 19:48:28,073] 88 root - INFO - Hypothesis ax_000: float64, float64 
[2023-06-05 19:48:28,078] 88 root - INFO - Hypothesis ay_000: float64, float64 
[2023-06-05 19:48:28,093] 88 root - INFO - Hypothesis ay_001: float64, float64 
[2023-06-05 19:48:28,109] 88 root - INFO - Hypothesis ay_002: float64, float64 
[2023-06-05 19:48:28,112] 88 root - INFO - Hypothesis ay_003: float64, float64 
[2023-06-05 19:48:28,116] 88 root - INFO - Hypothesis ay_004: float64, float64 
[2023-06-05 19:48:28,119] 88 root - INFO - Hypothesis ay_005: float64, float64 
[2023-06-05 19:48:28,124] 88 root - INFO - Hypothesis ay_006: float64, float64 
[2023-06-05 19:48:28,130] 88 root - INFO - Hypothesis ay_007: float64, float64 
[2023-06-05 19:48:28,137] 88 root - INFO - Hypothesis ay_008: float64, float64 
[2023-06-05 19:48:28,144] 88 root - INFO - Hypothesis ay_009: float64, float64 
[2023-06-05 19:48:28,159] 88 root - INFO - Hypothesis az_000: float64, float64 
[2023-06-05 19:48:28,165] 88 root - INFO - Hypothesis az_001: float64, float64 
[2023-06-05 19:48:28,172] 88 root - INFO - Hypothesis az_002: float64, float64 
[2023-06-05 19:48:28,178] 88 root - INFO - Hypothesis az_003: float64, float64 
[2023-06-05 19:48:28,185] 88 root - INFO - Hypothesis az_004: float64, float64 
[2023-06-05 19:48:28,192] 88 root - INFO - Hypothesis az_005: float64, float64 
[2023-06-05 19:48:28,199] 88 root - INFO - Hypothesis az_006: float64, float64 
[2023-06-05 19:48:28,205] 88 root - INFO - Hypothesis az_007: float64, float64 
[2023-06-05 19:48:28,209] 88 root - INFO - Hypothesis az_008: float64, float64 
[2023-06-05 19:48:28,225] 88 root - INFO - Hypothesis az_009: float64, float64 
[2023-06-05 19:48:28,241] 88 root - INFO - Hypothesis ba_000: float64, float64 
[2023-06-05 19:48:28,248] 88 root - INFO - Hypothesis ba_001: float64, float64 
[2023-06-05 19:48:28,255] 88 root - INFO - Hypothesis ba_002: float64, float64 
[2023-06-05 19:48:28,262] 88 root - INFO - Hypothesis ba_003: float64, float64 
[2023-06-05 19:48:28,269] 88 root - INFO - Hypothesis ba_004: float64, float64 
[2023-06-05 19:48:28,276] 88 root - INFO - Hypothesis ba_005: float64, float64 
[2023-06-05 19:48:28,282] 88 root - INFO - Hypothesis ba_006: float64, float64 
[2023-06-05 19:48:28,289] 88 root - INFO - Hypothesis ba_007: float64, float64 
[2023-06-05 19:48:28,296] 88 root - INFO - Hypothesis ba_008: float64, float64 
[2023-06-05 19:48:28,301] 88 root - INFO - Hypothesis ba_009: float64, float64 
[2023-06-05 19:48:28,306] 88 root - INFO - Hypothesis bb_000: float64, float64 
[2023-06-05 19:48:28,313] 88 root - INFO - Hypothesis bc_000: float64, float64 
[2023-06-05 19:48:28,318] 88 root - INFO - Hypothesis bd_000: float64, float64 
[2023-06-05 19:48:28,324] 88 root - INFO - Hypothesis be_000: float64, float64 
[2023-06-05 19:48:28,342] 88 root - INFO - Hypothesis bf_000: float64, float64 
[2023-06-05 19:48:28,346] 88 root - INFO - Hypothesis bg_000: float64, float64 
[2023-06-05 19:48:28,354] 88 root - INFO - Hypothesis bh_000: float64, float64 
[2023-06-05 19:48:28,361] 88 root - INFO - Hypothesis bi_000: float64, float64 
[2023-06-05 19:48:28,368] 88 root - INFO - Hypothesis bj_000: float64, float64 
[2023-06-05 19:48:28,376] 88 root - INFO - Hypothesis bk_000: float64, float64 
[2023-06-05 19:48:28,382] 88 root - INFO - Hypothesis bl_000: float64, float64 
[2023-06-05 19:48:28,388] 88 root - INFO - Hypothesis bm_000: float64, float64 
[2023-06-05 19:48:28,393] 88 root - INFO - Hypothesis bs_000: float64, float64 
[2023-06-05 19:48:28,401] 88 root - INFO - Hypothesis bt_000: float64, float64 
[2023-06-05 19:48:28,409] 88 root - INFO - Hypothesis bu_000: float64, float64 
[2023-06-05 19:48:28,416] 88 root - INFO - Hypothesis bv_000: float64, float64 
[2023-06-05 19:48:28,423] 88 root - INFO - Hypothesis bx_000: float64, float64 
[2023-06-05 19:48:28,430] 88 root - INFO - Hypothesis by_000: float64, float64 
[2023-06-05 19:48:28,437] 88 root - INFO - Hypothesis bz_000: float64, float64 
[2023-06-05 19:48:28,443] 88 root - INFO - Hypothesis ca_000: float64, float64 
[2023-06-05 19:48:28,450] 88 root - INFO - Hypothesis cb_000: float64, float64 
[2023-06-05 19:48:28,457] 88 root - INFO - Hypothesis cc_000: float64, float64 
[2023-06-05 19:48:28,464] 88 root - INFO - Hypothesis cd_000: float64, float64 
[2023-06-05 19:48:28,480] 88 root - INFO - Hypothesis ce_000: float64, float64 
[2023-06-05 19:48:28,486] 88 root - INFO - Hypothesis cf_000: float64, float64 
[2023-06-05 19:48:28,490] 88 root - INFO - Hypothesis cg_000: float64, float64 
[2023-06-05 19:48:28,495] 88 root - INFO - Hypothesis ch_000: float64, float64 
[2023-06-05 19:48:28,511] 88 root - INFO - Hypothesis ci_000: float64, float64 
[2023-06-05 19:48:28,518] 88 root - INFO - Hypothesis cj_000: float64, float64 
[2023-06-05 19:48:28,523] 88 root - INFO - Hypothesis ck_000: float64, float64 
[2023-06-05 19:48:28,530] 88 root - INFO - Hypothesis cl_000: float64, float64 
[2023-06-05 19:48:28,534] 88 root - INFO - Hypothesis cm_000: float64, float64 
[2023-06-05 19:48:28,539] 88 root - INFO - Hypothesis cn_000: float64, float64 
[2023-06-05 19:48:28,542] 88 root - INFO - Hypothesis cn_001: float64, float64 
[2023-06-05 19:48:28,546] 88 root - INFO - Hypothesis cn_002: float64, float64 
[2023-06-05 19:48:28,552] 88 root - INFO - Hypothesis cn_003: float64, float64 
[2023-06-05 19:48:28,559] 88 root - INFO - Hypothesis cn_004: float64, float64 
[2023-06-05 19:48:28,566] 88 root - INFO - Hypothesis cn_005: float64, float64 
[2023-06-05 19:48:28,573] 88 root - INFO - Hypothesis cn_006: float64, float64 
[2023-06-05 19:48:28,581] 88 root - INFO - Hypothesis cn_007: float64, float64 
[2023-06-05 19:48:28,589] 88 root - INFO - Hypothesis cn_008: float64, float64 
[2023-06-05 19:48:28,595] 88 root - INFO - Hypothesis cn_009: float64, float64 
[2023-06-05 19:48:28,600] 88 root - INFO - Hypothesis co_000: float64, float64 
[2023-06-05 19:48:28,605] 88 root - INFO - Hypothesis cp_000: float64, float64 
[2023-06-05 19:48:28,610] 88 root - INFO - Hypothesis cq_000: float64, float64 
[2023-06-05 19:48:28,617] 88 root - INFO - Hypothesis cs_000: float64, float64 
[2023-06-05 19:48:28,624] 88 root - INFO - Hypothesis cs_001: float64, float64 
[2023-06-05 19:48:28,630] 88 root - INFO - Hypothesis cs_002: float64, float64 
[2023-06-05 19:48:28,637] 88 root - INFO - Hypothesis cs_003: float64, float64 
[2023-06-05 19:48:28,644] 88 root - INFO - Hypothesis cs_004: float64, float64 
[2023-06-05 19:48:28,651] 88 root - INFO - Hypothesis cs_005: float64, float64 
[2023-06-05 19:48:28,658] 88 root - INFO - Hypothesis cs_006: float64, float64 
[2023-06-05 19:48:28,665] 88 root - INFO - Hypothesis cs_007: float64, float64 
[2023-06-05 19:48:28,672] 88 root - INFO - Hypothesis cs_008: float64, float64 
[2023-06-05 19:48:28,677] 88 root - INFO - Hypothesis cs_009: float64, float64 
[2023-06-05 19:48:28,694] 88 root - INFO - Hypothesis ct_000: float64, float64 
[2023-06-05 19:48:28,712] 88 root - INFO - Hypothesis cu_000: float64, float64 
[2023-06-05 19:48:28,718] 88 root - INFO - Hypothesis cv_000: float64, float64 
[2023-06-05 19:48:28,725] 88 root - INFO - Hypothesis cx_000: float64, float64 
[2023-06-05 19:48:28,731] 88 root - INFO - Hypothesis cy_000: float64, float64 
[2023-06-05 19:48:28,735] 88 root - INFO - Hypothesis cz_000: float64, float64 
[2023-06-05 19:48:28,741] 88 root - INFO - Hypothesis da_000: float64, float64 
[2023-06-05 19:48:28,757] 88 root - INFO - Hypothesis db_000: float64, float64 
[2023-06-05 19:48:28,773] 88 root - INFO - Hypothesis dc_000: float64, float64 
[2023-06-05 19:48:28,780] 88 root - INFO - Hypothesis dd_000: float64, float64 
[2023-06-05 19:48:28,786] 88 root - INFO - Hypothesis de_000: float64, float64 
[2023-06-05 19:48:28,792] 88 root - INFO - Hypothesis df_000: float64, float64 
[2023-06-05 19:48:28,808] 88 root - INFO - Hypothesis dg_000: float64, float64 
[2023-06-05 19:48:28,811] 88 root - INFO - Hypothesis dh_000: float64, float64 
[2023-06-05 19:48:28,815] 88 root - INFO - Hypothesis di_000: float64, float64 
[2023-06-05 19:48:28,819] 88 root - INFO - Hypothesis dj_000: float64, float64 
[2023-06-05 19:48:28,834] 88 root - INFO - Hypothesis dk_000: float64, float64 
[2023-06-05 19:48:28,849] 88 root - INFO - Hypothesis dl_000: float64, float64 
[2023-06-05 19:48:28,864] 88 root - INFO - Hypothesis dm_000: float64, float64 
[2023-06-05 19:48:28,880] 88 root - INFO - Hypothesis dn_000: float64, float64 
[2023-06-05 19:48:28,887] 88 root - INFO - Hypothesis do_000: float64, float64 
[2023-06-05 19:48:28,893] 88 root - INFO - Hypothesis dp_000: float64, float64 
[2023-06-05 19:48:28,899] 88 root - INFO - Hypothesis dq_000: float64, float64 
[2023-06-05 19:48:28,904] 88 root - INFO - Hypothesis dr_000: float64, float64 
[2023-06-05 19:48:28,908] 88 root - INFO - Hypothesis ds_000: float64, float64 
[2023-06-05 19:48:28,915] 88 root - INFO - Hypothesis dt_000: float64, float64 
[2023-06-05 19:48:28,921] 88 root - INFO - Hypothesis du_000: float64, float64 
[2023-06-05 19:48:28,928] 88 root - INFO - Hypothesis dv_000: float64, float64 
[2023-06-05 19:48:28,935] 88 root - INFO - Hypothesis dx_000: float64, float64 
[2023-06-05 19:48:28,940] 88 root - INFO - Hypothesis dy_000: float64, float64 
[2023-06-05 19:48:28,944] 88 root - INFO - Hypothesis dz_000: float64, float64 
[2023-06-05 19:48:28,960] 88 root - INFO - Hypothesis ea_000: float64, float64 
[2023-06-05 19:48:28,975] 88 root - INFO - Hypothesis eb_000: float64, float64 
[2023-06-05 19:48:28,981] 88 root - INFO - Hypothesis ec_00: float64, float64 
[2023-06-05 19:48:28,988] 88 root - INFO - Hypothesis ed_000: float64, float64 
[2023-06-05 19:48:28,994] 88 root - INFO - Hypothesis ee_000: float64, float64 
[2023-06-05 19:48:29,001] 88 root - INFO - Hypothesis ee_001: float64, float64 
[2023-06-05 19:48:29,008] 88 root - INFO - Hypothesis ee_002: float64, float64 
[2023-06-05 19:48:29,015] 88 root - INFO - Hypothesis ee_003: float64, float64 
[2023-06-05 19:48:29,022] 88 root - INFO - Hypothesis ee_004: float64, float64 
[2023-06-05 19:48:29,029] 88 root - INFO - Hypothesis ee_005: float64, float64 
[2023-06-05 19:48:29,035] 88 root - INFO - Hypothesis ee_006: float64, float64 
[2023-06-05 19:48:29,042] 88 root - INFO - Hypothesis ee_007: float64, float64 
[2023-06-05 19:48:29,048] 88 root - INFO - Hypothesis ee_008: float64, float64 
[2023-06-05 19:48:29,054] 88 root - INFO - Hypothesis ee_009: float64, float64 
[2023-06-05 19:48:29,060] 88 root - INFO - Hypothesis ef_000: float64, float64 
[2023-06-05 19:48:29,075] 88 root - INFO - Hypothesis eg_000: float64, float64 
[2023-06-05 19:48:29,090] 147 root - INFO - Write reprt in yaml file
[2023-06-05 19:48:29,166] 152 root - INFO - Data validation artifact: DataValidationArtifact(report_file_path='/config/workspace/artifact/060523___194809/data_validation/report.yaml')
