[2023-06-05 17:42:04,112] 22 root - INFO - Exporting collection data as pandas dataframe
[2023-06-05 17:42:04,112] 22 root - INFO - Reading data from database : aps and collection : sensor
[2023-06-05 17:42:07,689] 24 root - INFO - Found Columns :Index(['_id', 'class', 'aa_000', 'ab_000', 'ac_000', 'ad_000', 'ae_000',
       'af_000', 'ag_000', 'ag_001',
       ...
       'ee_002', 'ee_003', 'ee_004', 'ee_005', 'ee_006', 'ee_007', 'ee_008',
       'ee_009', 'ef_000', 'eg_000'],
      dtype='object', length=172)
[2023-06-05 17:42:07,689] 26 root - INFO - dropping column _id
[2023-06-05 17:42:07,882] 28 root - INFO - row and column in df : (36188, 172)
[2023-06-05 17:42:07,882] 28 root - INFO - Save data in feature store
[2023-06-05 17:42:09,300] 34 root - INFO - Create feature store folder if not available
[2023-06-05 17:42:09,301] 38 root - INFO - Save df to feature store folder
[2023-06-05 17:42:11,086] 43 root - INFO - split dataset into train and test set
[2023-06-05 17:42:11,403] 47 root - INFO - create dataset directory folder if not available
[2023-06-05 17:42:11,404] 52 root - INFO - Save df to feature store folder
[2023-06-05 17:42:13,335] 64 root - INFO - Data ingestion artifact: DataIngestionArtifact(feature_store_file_path='/config/workspace/artifact/060523___174204/data_ingestion/feature_store/sensor.csv', train_file_path='/config/workspace/artifact/060523___174204/data_ingestion/dataset/train.csv', test_file_path='/config/workspace/artifact/060523___174204/data_ingestion/dataset/test.csv')
[2023-06-05 17:42:13,780] 21 root - INFO - >>>>>>>>>>>>>>>>>>>>>>>>>>>>>>>>>>>>>>>> Data Validation <<<<<<<<<<<<<<<<<<<<<<<<<<<<<<<<<<<<<<<<
[2023-06-05 17:42:13,780] 110 root - INFO - Reading base dataframe
[2023-06-05 17:42:15,962] 113 root - INFO - Replace na value in base df
[2023-06-05 17:42:15,963] 115 root - INFO - Drop null values colums from base df
[2023-06-05 17:42:16,183] 44 root - INFO - selecting column name which contains null above to 0.7
[2023-06-05 17:42:16,183] 47 root - INFO - Columns to drop: ['ab_000', 'bn_000', 'bo_000', 'bp_000', 'bq_000', 'br_000', 'cr_000']
[2023-06-05 17:42:16,260] 118 root - INFO - Reading train dataframe
[2023-06-05 17:42:16,664] 120 root - INFO - Reading test dataframe
[2023-06-05 17:42:16,768] 123 root - INFO - Drop null values colums from train df
[2023-06-05 17:42:16,777] 44 root - INFO - selecting column name which contains null above to 0.7
[2023-06-05 17:42:16,778] 47 root - INFO - Columns to drop: ['ab_000', 'bn_000', 'bo_000', 'bp_000', 'bq_000', 'br_000', 'cr_000']
[2023-06-05 17:42:16,788] 125 root - INFO - Drop null values colums from test df
[2023-06-05 17:42:16,792] 44 root - INFO - selecting column name which contains null above to 0.7
[2023-06-05 17:42:16,792] 47 root - INFO - Columns to drop: ['ab_000', 'bn_000', 'bo_000', 'bp_000', 'bq_000', 'br_000', 'cr_000']
[2023-06-05 17:42:17,640] 134 root - INFO - Is all required columns present in train df
[2023-06-05 17:42:17,641] 136 root - INFO - Is all required columns present in test df
[2023-06-05 17:42:17,641] 140 root - INFO - As all column are available in train df hence detecting data drift
[2023-06-05 17:42:17,641] 88 root - INFO - Hypothesis class: object, object 
[2023-06-05 17:42:17,771] 88 root - INFO - Hypothesis aa_000: float64, float64 
[2023-06-05 17:42:17,782] 88 root - INFO - Hypothesis ac_000: float64, float64 
[2023-06-05 17:42:17,821] 88 root - INFO - Hypothesis ad_000: float64, float64 
[2023-06-05 17:42:17,860] 88 root - INFO - Hypothesis ae_000: float64, float64 
[2023-06-05 17:42:17,896] 88 root - INFO - Hypothesis af_000: float64, float64 
[2023-06-05 17:42:17,932] 88 root - INFO - Hypothesis ag_000: float64, float64 
[2023-06-05 17:42:17,967] 88 root - INFO - Hypothesis ag_001: float64, float64 
[2023-06-05 17:42:18,005] 88 root - INFO - Hypothesis ag_002: float64, float64 
[2023-06-05 17:42:18,041] 88 root - INFO - Hypothesis ag_003: float64, float64 
[2023-06-05 17:42:18,048] 88 root - INFO - Hypothesis ag_004: float64, float64 
[2023-06-05 17:42:18,089] 88 root - INFO - Hypothesis ag_005: float64, float64 
[2023-06-05 17:42:18,100] 88 root - INFO - Hypothesis ag_006: float64, float64 
[2023-06-05 17:42:18,111] 88 root - INFO - Hypothesis ag_007: float64, float64 
[2023-06-05 17:42:18,120] 88 root - INFO - Hypothesis ag_008: float64, float64 
[2023-06-05 17:42:18,129] 88 root - INFO - Hypothesis ag_009: float64, float64 
[2023-06-05 17:42:18,167] 88 root - INFO - Hypothesis ah_000: float64, float64 
[2023-06-05 17:42:18,178] 88 root - INFO - Hypothesis ai_000: float64, float64 
[2023-06-05 17:42:18,214] 88 root - INFO - Hypothesis aj_000: float64, float64 
[2023-06-05 17:42:18,251] 88 root - INFO - Hypothesis ak_000: float64, float64 
[2023-06-05 17:42:18,287] 88 root - INFO - Hypothesis al_000: float64, float64 
[2023-06-05 17:42:18,294] 88 root - INFO - Hypothesis am_0: float64, float64 
[2023-06-05 17:42:18,301] 88 root - INFO - Hypothesis an_000: float64, float64 
[2023-06-05 17:42:18,312] 88 root - INFO - Hypothesis ao_000: float64, float64 
[2023-06-05 17:42:18,323] 88 root - INFO - Hypothesis ap_000: float64, float64 
[2023-06-05 17:42:18,333] 88 root - INFO - Hypothesis aq_000: float64, float64 
[2023-06-05 17:42:18,344] 88 root - INFO - Hypothesis ar_000: float64, float64 
[2023-06-05 17:42:18,380] 88 root - INFO - Hypothesis as_000: float64, float64 
[2023-06-05 17:42:18,414] 88 root - INFO - Hypothesis at_000: float64, float64 
[2023-06-05 17:42:18,450] 88 root - INFO - Hypothesis au_000: float64, float64 
[2023-06-05 17:42:18,454] 88 root - INFO - Hypothesis av_000: float64, float64 
[2023-06-05 17:42:18,493] 88 root - INFO - Hypothesis ax_000: float64, float64 
[2023-06-05 17:42:18,535] 88 root - INFO - Hypothesis ay_000: float64, float64 
[2023-06-05 17:42:18,570] 88 root - INFO - Hypothesis ay_001: float64, float64 
[2023-06-05 17:42:18,606] 88 root - INFO - Hypothesis ay_002: float64, float64 
[2023-06-05 17:42:18,642] 88 root - INFO - Hypothesis ay_003: float64, float64 
[2023-06-05 17:42:18,677] 88 root - INFO - Hypothesis ay_004: float64, float64 
[2023-06-05 17:42:18,712] 88 root - INFO - Hypothesis ay_005: float64, float64 
[2023-06-05 17:42:18,752] 88 root - INFO - Hypothesis ay_006: float64, float64 
[2023-06-05 17:42:18,761] 88 root - INFO - Hypothesis ay_007: float64, float64 
[2023-06-05 17:42:18,771] 88 root - INFO - Hypothesis ay_008: float64, float64 
[2023-06-05 17:42:18,812] 88 root - INFO - Hypothesis ay_009: float64, float64 
[2023-06-05 17:42:18,847] 88 root - INFO - Hypothesis az_000: float64, float64 
[2023-06-05 17:42:18,857] 88 root - INFO - Hypothesis az_001: float64, float64 
[2023-06-05 17:42:18,866] 88 root - INFO - Hypothesis az_002: float64, float64 
[2023-06-05 17:42:18,875] 88 root - INFO - Hypothesis az_003: float64, float64 
[2023-06-05 17:42:18,885] 88 root - INFO - Hypothesis az_004: float64, float64 
[2023-06-05 17:42:18,895] 88 root - INFO - Hypothesis az_005: float64, float64 
[2023-06-05 17:42:18,906] 88 root - INFO - Hypothesis az_006: float64, float64 
[2023-06-05 17:42:18,915] 88 root - INFO - Hypothesis az_007: float64, float64 
[2023-06-05 17:42:18,952] 88 root - INFO - Hypothesis az_008: float64, float64 
[2023-06-05 17:42:18,989] 88 root - INFO - Hypothesis az_009: float64, float64 
[2023-06-05 17:42:19,024] 88 root - INFO - Hypothesis ba_000: float64, float64 
[2023-06-05 17:42:19,035] 88 root - INFO - Hypothesis ba_001: float64, float64 
[2023-06-05 17:42:19,045] 88 root - INFO - Hypothesis ba_002: float64, float64 
[2023-06-05 17:42:19,056] 88 root - INFO - Hypothesis ba_003: float64, float64 
[2023-06-05 17:42:19,066] 88 root - INFO - Hypothesis ba_004: float64, float64 
[2023-06-05 17:42:19,077] 88 root - INFO - Hypothesis ba_005: float64, float64 
[2023-06-05 17:42:19,087] 88 root - INFO - Hypothesis ba_006: float64, float64 
[2023-06-05 17:42:19,097] 88 root - INFO - Hypothesis ba_007: float64, float64 
[2023-06-05 17:42:19,138] 88 root - INFO - Hypothesis ba_008: float64, float64 
[2023-06-05 17:42:19,146] 88 root - INFO - Hypothesis ba_009: float64, float64 
[2023-06-05 17:42:19,152] 88 root - INFO - Hypothesis bb_000: float64, float64 
[2023-06-05 17:42:19,163] 88 root - INFO - Hypothesis bc_000: float64, float64 
[2023-06-05 17:42:19,171] 88 root - INFO - Hypothesis bd_000: float64, float64 
[2023-06-05 17:42:19,210] 88 root - INFO - Hypothesis be_000: float64, float64 
[2023-06-05 17:42:19,249] 88 root - INFO - Hypothesis bf_000: float64, float64 
[2023-06-05 17:42:19,256] 88 root - INFO - Hypothesis bg_000: float64, float64 
[2023-06-05 17:42:19,267] 88 root - INFO - Hypothesis bh_000: float64, float64 
[2023-06-05 17:42:19,277] 88 root - INFO - Hypothesis bi_000: float64, float64 
[2023-06-05 17:42:19,288] 88 root - INFO - Hypothesis bj_000: float64, float64 
[2023-06-05 17:42:19,298] 88 root - INFO - Hypothesis bk_000: float64, float64 
[2023-06-05 17:42:19,307] 88 root - INFO - Hypothesis bl_000: float64, float64 
[2023-06-05 17:42:19,315] 88 root - INFO - Hypothesis bm_000: float64, float64 
[2023-06-05 17:42:19,352] 88 root - INFO - Hypothesis bs_000: float64, float64 
[2023-06-05 17:42:19,363] 88 root - INFO - Hypothesis bt_000: float64, float64 
[2023-06-05 17:42:19,373] 88 root - INFO - Hypothesis bu_000: float64, float64 
[2023-06-05 17:42:19,384] 88 root - INFO - Hypothesis bv_000: float64, float64 
[2023-06-05 17:42:19,394] 88 root - INFO - Hypothesis bx_000: float64, float64 
[2023-06-05 17:42:19,404] 88 root - INFO - Hypothesis by_000: float64, float64 
[2023-06-05 17:42:19,415] 88 root - INFO - Hypothesis bz_000: float64, float64 
[2023-06-05 17:42:19,424] 88 root - INFO - Hypothesis ca_000: float64, float64 
[2023-06-05 17:42:19,465] 88 root - INFO - Hypothesis cb_000: float64, float64 
[2023-06-05 17:42:19,508] 88 root - INFO - Hypothesis cc_000: float64, float64 
[2023-06-05 17:42:19,519] 88 root - INFO - Hypothesis cd_000: float64, float64 
[2023-06-05 17:42:19,556] 88 root - INFO - Hypothesis ce_000: float64, float64 
[2023-06-05 17:42:19,566] 88 root - INFO - Hypothesis cf_000: float64, float64 
[2023-06-05 17:42:19,610] 88 root - INFO - Hypothesis cg_000: float64, float64 
[2023-06-05 17:42:19,617] 88 root - INFO - Hypothesis ch_000: float64, float64 
[2023-06-05 17:42:19,654] 88 root - INFO - Hypothesis ci_000: float64, float64 
[2023-06-05 17:42:19,664] 88 root - INFO - Hypothesis cj_000: float64, float64 
[2023-06-05 17:42:19,703] 88 root - INFO - Hypothesis ck_000: float64, float64 
[2023-06-05 17:42:19,714] 88 root - INFO - Hypothesis cl_000: float64, float64 
[2023-06-05 17:42:19,720] 88 root - INFO - Hypothesis cm_000: float64, float64 
[2023-06-05 17:42:19,758] 88 root - INFO - Hypothesis cn_000: float64, float64 
[2023-06-05 17:42:19,794] 88 root - INFO - Hypothesis cn_001: float64, float64 
[2023-06-05 17:42:19,832] 88 root - INFO - Hypothesis cn_002: float64, float64 
[2023-06-05 17:42:19,840] 88 root - INFO - Hypothesis cn_003: float64, float64 
[2023-06-05 17:42:19,881] 88 root - INFO - Hypothesis cn_004: float64, float64 
[2023-06-05 17:42:19,892] 88 root - INFO - Hypothesis cn_005: float64, float64 
[2023-06-05 17:42:19,902] 88 root - INFO - Hypothesis cn_006: float64, float64 
[2023-06-05 17:42:19,912] 88 root - INFO - Hypothesis cn_007: float64, float64 
[2023-06-05 17:42:19,922] 88 root - INFO - Hypothesis cn_008: float64, float64 
[2023-06-05 17:42:19,931] 88 root - INFO - Hypothesis cn_009: float64, float64 
[2023-06-05 17:42:19,939] 88 root - INFO - Hypothesis co_000: float64, float64 
[2023-06-05 17:42:19,978] 88 root - INFO - Hypothesis cp_000: float64, float64 
[2023-06-05 17:42:20,018] 88 root - INFO - Hypothesis cq_000: float64, float64 
[2023-06-05 17:42:20,029] 88 root - INFO - Hypothesis cs_000: float64, float64 
[2023-06-05 17:42:20,039] 88 root - INFO - Hypothesis cs_001: float64, float64 
[2023-06-05 17:42:20,047] 88 root - INFO - Hypothesis cs_002: float64, float64 
[2023-06-05 17:42:20,057] 88 root - INFO - Hypothesis cs_003: float64, float64 
[2023-06-05 17:42:20,068] 88 root - INFO - Hypothesis cs_004: float64, float64 
[2023-06-05 17:42:20,079] 88 root - INFO - Hypothesis cs_005: float64, float64 
[2023-06-05 17:42:20,089] 88 root - INFO - Hypothesis cs_006: float64, float64 
[2023-06-05 17:42:20,100] 88 root - INFO - Hypothesis cs_007: float64, float64 
[2023-06-05 17:42:20,110] 88 root - INFO - Hypothesis cs_008: float64, float64 
[2023-06-05 17:42:20,149] 88 root - INFO - Hypothesis cs_009: float64, float64 
[2023-06-05 17:42:20,184] 88 root - INFO - Hypothesis ct_000: float64, float64 
[2023-06-05 17:42:20,223] 88 root - INFO - Hypothesis cu_000: float64, float64 
[2023-06-05 17:42:20,262] 88 root - INFO - Hypothesis cv_000: float64, float64 
[2023-06-05 17:42:20,272] 88 root - INFO - Hypothesis cx_000: float64, float64 
[2023-06-05 17:42:20,312] 88 root - INFO - Hypothesis cy_000: float64, float64 
[2023-06-05 17:42:20,348] 88 root - INFO - Hypothesis cz_000: float64, float64 
[2023-06-05 17:42:20,356] 88 root - INFO - Hypothesis da_000: float64, float64 
[2023-06-05 17:42:20,392] 88 root - INFO - Hypothesis db_000: float64, float64 
[2023-06-05 17:42:20,429] 88 root - INFO - Hypothesis dc_000: float64, float64 
[2023-06-05 17:42:20,438] 88 root - INFO - Hypothesis dd_000: float64, float64 
[2023-06-05 17:42:20,447] 88 root - INFO - Hypothesis de_000: float64, float64 
[2023-06-05 17:42:20,489] 88 root - INFO - Hypothesis df_000: float64, float64 
[2023-06-05 17:42:20,524] 88 root - INFO - Hypothesis dg_000: float64, float64 
[2023-06-05 17:42:20,562] 88 root - INFO - Hypothesis dh_000: float64, float64 
[2023-06-05 17:42:20,599] 88 root - INFO - Hypothesis di_000: float64, float64 
[2023-06-05 17:42:20,636] 88 root - INFO - Hypothesis dj_000: float64, float64 
[2023-06-05 17:42:20,671] 88 root - INFO - Hypothesis dk_000: float64, float64 
[2023-06-05 17:42:20,707] 88 root - INFO - Hypothesis dl_000: float64, float64 
[2023-06-05 17:42:20,744] 88 root - INFO - Hypothesis dm_000: float64, float64 
[2023-06-05 17:42:20,779] 88 root - INFO - Hypothesis dn_000: float64, float64 
[2023-06-05 17:42:20,790] 88 root - INFO - Hypothesis do_000: float64, float64 
[2023-06-05 17:42:20,799] 88 root - INFO - Hypothesis dp_000: float64, float64 
[2023-06-05 17:42:20,808] 88 root - INFO - Hypothesis dq_000: float64, float64 
[2023-06-05 17:42:20,814] 88 root - INFO - Hypothesis dr_000: float64, float64 
[2023-06-05 17:42:20,820] 88 root - INFO - Hypothesis ds_000: float64, float64 
[2023-06-05 17:42:20,831] 88 root - INFO - Hypothesis dt_000: float64, float64 
[2023-06-05 17:42:20,841] 88 root - INFO - Hypothesis du_000: float64, float64 
[2023-06-05 17:42:20,882] 88 root - INFO - Hypothesis dv_000: float64, float64 
[2023-06-05 17:42:20,892] 88 root - INFO - Hypothesis dx_000: float64, float64 
[2023-06-05 17:42:20,899] 88 root - INFO - Hypothesis dy_000: float64, float64 
[2023-06-05 17:42:20,905] 88 root - INFO - Hypothesis dz_000: float64, float64 
[2023-06-05 17:42:20,940] 88 root - INFO - Hypothesis ea_000: float64, float64 
[2023-06-05 17:42:20,976] 88 root - INFO - Hypothesis eb_000: float64, float64 
[2023-06-05 17:42:21,016] 88 root - INFO - Hypothesis ec_00: float64, float64 
[2023-06-05 17:42:21,026] 88 root - INFO - Hypothesis ed_000: float64, float64 
[2023-06-05 17:42:21,034] 88 root - INFO - Hypothesis ee_000: float64, float64 
[2023-06-05 17:42:21,045] 88 root - INFO - Hypothesis ee_001: float64, float64 
[2023-06-05 17:42:21,055] 88 root - INFO - Hypothesis ee_002: float64, float64 
[2023-06-05 17:42:21,066] 88 root - INFO - Hypothesis ee_003: float64, float64 
[2023-06-05 17:42:21,076] 88 root - INFO - Hypothesis ee_004: float64, float64 
[2023-06-05 17:42:21,086] 88 root - INFO - Hypothesis ee_005: float64, float64 
[2023-06-05 17:42:21,097] 88 root - INFO - Hypothesis ee_006: float64, float64 
[2023-06-05 17:42:21,107] 88 root - INFO - Hypothesis ee_007: float64, float64 
[2023-06-05 17:42:21,117] 88 root - INFO - Hypothesis ee_008: float64, float64 
[2023-06-05 17:42:21,126] 88 root - INFO - Hypothesis ee_009: float64, float64 
[2023-06-05 17:42:21,165] 88 root - INFO - Hypothesis ef_000: float64, float64 
[2023-06-05 17:42:21,200] 88 root - INFO - Hypothesis eg_000: float64, float64 
[2023-06-05 17:42:21,236] 143 root - INFO - As all column are available in test df hence detecting data drift
[2023-06-05 17:42:21,236] 88 root - INFO - Hypothesis class: object, object 
[2023-06-05 17:42:21,309] 88 root - INFO - Hypothesis aa_000: float64, float64 
[2023-06-05 17:42:21,316] 88 root - INFO - Hypothesis ac_000: float64, float64 
[2023-06-05 17:42:21,322] 88 root - INFO - Hypothesis ad_000: float64, float64 
[2023-06-05 17:42:21,327] 88 root - INFO - Hypothesis ae_000: float64, float64 
[2023-06-05 17:42:21,342] 88 root - INFO - Hypothesis af_000: float64, float64 
[2023-06-05 17:42:21,357] 88 root - INFO - Hypothesis ag_000: float64, float64 
[2023-06-05 17:42:21,371] 88 root - INFO - Hypothesis ag_001: float64, float64 
[2023-06-05 17:42:21,386] 88 root - INFO - Hypothesis ag_002: float64, float64 
[2023-06-05 17:42:21,401] 88 root - INFO - Hypothesis ag_003: float64, float64 
[2023-06-05 17:42:21,406] 88 root - INFO - Hypothesis ag_004: float64, float64 
[2023-06-05 17:42:21,412] 88 root - INFO - Hypothesis ag_005: float64, float64 
[2023-06-05 17:42:21,419] 88 root - INFO - Hypothesis ag_006: float64, float64 
[2023-06-05 17:42:21,426] 88 root - INFO - Hypothesis ag_007: float64, float64 
[2023-06-05 17:42:21,433] 88 root - INFO - Hypothesis ag_008: float64, float64 
[2023-06-05 17:42:21,438] 88 root - INFO - Hypothesis ag_009: float64, float64 
[2023-06-05 17:42:21,443] 88 root - INFO - Hypothesis ah_000: float64, float64 
[2023-06-05 17:42:21,450] 88 root - INFO - Hypothesis ai_000: float64, float64 
[2023-06-05 17:42:21,465] 88 root - INFO - Hypothesis aj_000: float64, float64 
[2023-06-05 17:42:21,469] 88 root - INFO - Hypothesis ak_000: float64, float64 
[2023-06-05 17:42:21,485] 88 root - INFO - Hypothesis al_000: float64, float64 
[2023-06-05 17:42:21,490] 88 root - INFO - Hypothesis am_0: float64, float64 
[2023-06-05 17:42:21,495] 88 root - INFO - Hypothesis an_000: float64, float64 
[2023-06-05 17:42:21,502] 88 root - INFO - Hypothesis ao_000: float64, float64 
[2023-06-05 17:42:21,509] 88 root - INFO - Hypothesis ap_000: float64, float64 
[2023-06-05 17:42:21,517] 88 root - INFO - Hypothesis aq_000: float64, float64 
[2023-06-05 17:42:21,524] 88 root - INFO - Hypothesis ar_000: float64, float64 
[2023-06-05 17:42:21,539] 88 root - INFO - Hypothesis as_000: float64, float64 
[2023-06-05 17:42:21,554] 88 root - INFO - Hypothesis at_000: float64, float64 
[2023-06-05 17:42:21,569] 88 root - INFO - Hypothesis au_000: float64, float64 
[2023-06-05 17:42:21,584] 88 root - INFO - Hypothesis av_000: float64, float64 
[2023-06-05 17:42:21,589] 88 root - INFO - Hypothesis ax_000: float64, float64 
[2023-06-05 17:42:21,595] 88 root - INFO - Hypothesis ay_000: float64, float64 
[2023-06-05 17:42:21,609] 88 root - INFO - Hypothesis ay_001: float64, float64 
[2023-06-05 17:42:21,612] 88 root - INFO - Hypothesis ay_002: float64, float64 
[2023-06-05 17:42:21,616] 88 root - INFO - Hypothesis ay_003: float64, float64 
[2023-06-05 17:42:21,619] 88 root - INFO - Hypothesis ay_004: float64, float64 
[2023-06-05 17:42:21,622] 88 root - INFO - Hypothesis ay_005: float64, float64 
[2023-06-05 17:42:21,627] 88 root - INFO - Hypothesis ay_006: float64, float64 
[2023-06-05 17:42:21,633] 88 root - INFO - Hypothesis ay_007: float64, float64 
[2023-06-05 17:42:21,640] 88 root - INFO - Hypothesis ay_008: float64, float64 
[2023-06-05 17:42:21,646] 88 root - INFO - Hypothesis ay_009: float64, float64 
[2023-06-05 17:42:21,661] 88 root - INFO - Hypothesis az_000: float64, float64 
[2023-06-05 17:42:21,667] 88 root - INFO - Hypothesis az_001: float64, float64 
[2023-06-05 17:42:21,674] 88 root - INFO - Hypothesis az_002: float64, float64 
[2023-06-05 17:42:21,680] 88 root - INFO - Hypothesis az_003: float64, float64 
[2023-06-05 17:42:21,687] 88 root - INFO - Hypothesis az_004: float64, float64 
[2023-06-05 17:42:21,694] 88 root - INFO - Hypothesis az_005: float64, float64 
[2023-06-05 17:42:21,701] 88 root - INFO - Hypothesis az_006: float64, float64 
[2023-06-05 17:42:21,708] 88 root - INFO - Hypothesis az_007: float64, float64 
[2023-06-05 17:42:21,712] 88 root - INFO - Hypothesis az_008: float64, float64 
[2023-06-05 17:42:21,727] 88 root - INFO - Hypothesis az_009: float64, float64 
[2023-06-05 17:42:21,741] 88 root - INFO - Hypothesis ba_000: float64, float64 
[2023-06-05 17:42:21,748] 88 root - INFO - Hypothesis ba_001: float64, float64 
[2023-06-05 17:42:21,756] 88 root - INFO - Hypothesis ba_002: float64, float64 
[2023-06-05 17:42:21,762] 88 root - INFO - Hypothesis ba_003: float64, float64 
[2023-06-05 17:42:21,769] 88 root - INFO - Hypothesis ba_004: float64, float64 
[2023-06-05 17:42:21,776] 88 root - INFO - Hypothesis ba_005: float64, float64 
[2023-06-05 17:42:21,783] 88 root - INFO - Hypothesis ba_006: float64, float64 
[2023-06-05 17:42:21,789] 88 root - INFO - Hypothesis ba_007: float64, float64 
[2023-06-05 17:42:21,796] 88 root - INFO - Hypothesis ba_008: float64, float64 
[2023-06-05 17:42:21,801] 88 root - INFO - Hypothesis ba_009: float64, float64 
[2023-06-05 17:42:21,806] 88 root - INFO - Hypothesis bb_000: float64, float64 
[2023-06-05 17:42:21,813] 88 root - INFO - Hypothesis bc_000: float64, float64 
[2023-06-05 17:42:21,818] 88 root - INFO - Hypothesis bd_000: float64, float64 
[2023-06-05 17:42:21,823] 88 root - INFO - Hypothesis be_000: float64, float64 
[2023-06-05 17:42:21,829] 88 root - INFO - Hypothesis bf_000: float64, float64 
[2023-06-05 17:42:21,834] 88 root - INFO - Hypothesis bg_000: float64, float64 
[2023-06-05 17:42:21,842] 88 root - INFO - Hypothesis bh_000: float64, float64 
[2023-06-05 17:42:21,849] 88 root - INFO - Hypothesis bi_000: float64, float64 
[2023-06-05 17:42:21,856] 88 root - INFO - Hypothesis bj_000: float64, float64 
[2023-06-05 17:42:21,863] 88 root - INFO - Hypothesis bk_000: float64, float64 
[2023-06-05 17:42:21,869] 88 root - INFO - Hypothesis bl_000: float64, float64 
[2023-06-05 17:42:21,874] 88 root - INFO - Hypothesis bm_000: float64, float64 
[2023-06-05 17:42:21,881] 88 root - INFO - Hypothesis bs_000: float64, float64 
[2023-06-05 17:42:21,888] 88 root - INFO - Hypothesis bt_000: float64, float64 
[2023-06-05 17:42:21,895] 88 root - INFO - Hypothesis bu_000: float64, float64 
[2023-06-05 17:42:21,902] 88 root - INFO - Hypothesis bv_000: float64, float64 
[2023-06-05 17:42:21,909] 88 root - INFO - Hypothesis bx_000: float64, float64 
[2023-06-05 17:42:21,916] 88 root - INFO - Hypothesis by_000: float64, float64 
[2023-06-05 17:42:21,923] 88 root - INFO - Hypothesis bz_000: float64, float64 
[2023-06-05 17:42:21,929] 88 root - INFO - Hypothesis ca_000: float64, float64 
[2023-06-05 17:42:21,936] 88 root - INFO - Hypothesis cb_000: float64, float64 
[2023-06-05 17:42:21,943] 88 root - INFO - Hypothesis cc_000: float64, float64 
[2023-06-05 17:42:21,950] 88 root - INFO - Hypothesis cd_000: float64, float64 
[2023-06-05 17:42:21,965] 88 root - INFO - Hypothesis ce_000: float64, float64 
[2023-06-05 17:42:21,972] 88 root - INFO - Hypothesis cf_000: float64, float64 
[2023-06-05 17:42:21,976] 88 root - INFO - Hypothesis cg_000: float64, float64 
[2023-06-05 17:42:21,980] 88 root - INFO - Hypothesis ch_000: float64, float64 
[2023-06-05 17:42:21,996] 88 root - INFO - Hypothesis ci_000: float64, float64 
[2023-06-05 17:42:22,003] 88 root - INFO - Hypothesis cj_000: float64, float64 
[2023-06-05 17:42:22,019] 88 root - INFO - Hypothesis ck_000: float64, float64 
[2023-06-05 17:42:22,026] 88 root - INFO - Hypothesis cl_000: float64, float64 
[2023-06-05 17:42:22,030] 88 root - INFO - Hypothesis cm_000: float64, float64 
[2023-06-05 17:42:22,035] 88 root - INFO - Hypothesis cn_000: float64, float64 
[2023-06-05 17:42:22,050] 88 root - INFO - Hypothesis cn_001: float64, float64 
[2023-06-05 17:42:22,054] 88 root - INFO - Hypothesis cn_002: float64, float64 
[2023-06-05 17:42:22,059] 88 root - INFO - Hypothesis cn_003: float64, float64 
[2023-06-05 17:42:22,066] 88 root - INFO - Hypothesis cn_004: float64, float64 
[2023-06-05 17:42:22,073] 88 root - INFO - Hypothesis cn_005: float64, float64 
[2023-06-05 17:42:22,080] 88 root - INFO - Hypothesis cn_006: float64, float64 
[2023-06-05 17:42:22,087] 88 root - INFO - Hypothesis cn_007: float64, float64 
[2023-06-05 17:42:22,094] 88 root - INFO - Hypothesis cn_008: float64, float64 
[2023-06-05 17:42:22,100] 88 root - INFO - Hypothesis cn_009: float64, float64 
[2023-06-05 17:42:22,105] 88 root - INFO - Hypothesis co_000: float64, float64 
[2023-06-05 17:42:22,110] 88 root - INFO - Hypothesis cp_000: float64, float64 
[2023-06-05 17:42:22,115] 88 root - INFO - Hypothesis cq_000: float64, float64 
[2023-06-05 17:42:22,122] 88 root - INFO - Hypothesis cs_000: float64, float64 
[2023-06-05 17:42:22,129] 88 root - INFO - Hypothesis cs_001: float64, float64 
[2023-06-05 17:42:22,135] 88 root - INFO - Hypothesis cs_002: float64, float64 
[2023-06-05 17:42:22,142] 88 root - INFO - Hypothesis cs_003: float64, float64 
[2023-06-05 17:42:22,149] 88 root - INFO - Hypothesis cs_004: float64, float64 
[2023-06-05 17:42:22,156] 88 root - INFO - Hypothesis cs_005: float64, float64 
[2023-06-05 17:42:22,163] 88 root - INFO - Hypothesis cs_006: float64, float64 
[2023-06-05 17:42:22,170] 88 root - INFO - Hypothesis cs_007: float64, float64 
[2023-06-05 17:42:22,177] 88 root - INFO - Hypothesis cs_008: float64, float64 
[2023-06-05 17:42:22,182] 88 root - INFO - Hypothesis cs_009: float64, float64 
[2023-06-05 17:42:22,197] 88 root - INFO - Hypothesis ct_000: float64, float64 
[2023-06-05 17:42:22,202] 88 root - INFO - Hypothesis cu_000: float64, float64 
[2023-06-05 17:42:22,208] 88 root - INFO - Hypothesis cv_000: float64, float64 
[2023-06-05 17:42:22,214] 88 root - INFO - Hypothesis cx_000: float64, float64 
[2023-06-05 17:42:22,220] 88 root - INFO - Hypothesis cy_000: float64, float64 
[2023-06-05 17:42:22,224] 88 root - INFO - Hypothesis cz_000: float64, float64 
[2023-06-05 17:42:22,229] 88 root - INFO - Hypothesis da_000: float64, float64 
[2023-06-05 17:42:22,244] 88 root - INFO - Hypothesis db_000: float64, float64 
[2023-06-05 17:42:22,248] 88 root - INFO - Hypothesis dc_000: float64, float64 
[2023-06-05 17:42:22,254] 88 root - INFO - Hypothesis dd_000: float64, float64 
[2023-06-05 17:42:22,261] 88 root - INFO - Hypothesis de_000: float64, float64 
[2023-06-05 17:42:22,266] 88 root - INFO - Hypothesis df_000: float64, float64 
[2023-06-05 17:42:22,270] 88 root - INFO - Hypothesis dg_000: float64, float64 
[2023-06-05 17:42:22,285] 88 root - INFO - Hypothesis dh_000: float64, float64 
[2023-06-05 17:42:22,289] 88 root - INFO - Hypothesis di_000: float64, float64 
[2023-06-05 17:42:22,293] 88 root - INFO - Hypothesis dj_000: float64, float64 
[2023-06-05 17:42:22,308] 88 root - INFO - Hypothesis dk_000: float64, float64 
[2023-06-05 17:42:22,323] 88 root - INFO - Hypothesis dl_000: float64, float64 
[2023-06-05 17:42:22,339] 88 root - INFO - Hypothesis dm_000: float64, float64 
[2023-06-05 17:42:22,354] 88 root - INFO - Hypothesis dn_000: float64, float64 
[2023-06-05 17:42:22,361] 88 root - INFO - Hypothesis do_000: float64, float64 
[2023-06-05 17:42:22,367] 88 root - INFO - Hypothesis dp_000: float64, float64 
[2023-06-05 17:42:22,373] 88 root - INFO - Hypothesis dq_000: float64, float64 
[2023-06-05 17:42:22,378] 88 root - INFO - Hypothesis dr_000: float64, float64 
[2023-06-05 17:42:22,382] 88 root - INFO - Hypothesis ds_000: float64, float64 
[2023-06-05 17:42:22,389] 88 root - INFO - Hypothesis dt_000: float64, float64 
[2023-06-05 17:42:22,395] 88 root - INFO - Hypothesis du_000: float64, float64 
[2023-06-05 17:42:22,402] 88 root - INFO - Hypothesis dv_000: float64, float64 
[2023-06-05 17:42:22,409] 88 root - INFO - Hypothesis dx_000: float64, float64 
[2023-06-05 17:42:22,414] 88 root - INFO - Hypothesis dy_000: float64, float64 
[2023-06-05 17:42:22,418] 88 root - INFO - Hypothesis dz_000: float64, float64 
[2023-06-05 17:42:22,433] 88 root - INFO - Hypothesis ea_000: float64, float64 
[2023-06-05 17:42:22,448] 88 root - INFO - Hypothesis eb_000: float64, float64 
[2023-06-05 17:42:22,454] 88 root - INFO - Hypothesis ec_00: float64, float64 
[2023-06-05 17:42:22,461] 88 root - INFO - Hypothesis ed_000: float64, float64 
[2023-06-05 17:42:22,467] 88 root - INFO - Hypothesis ee_000: float64, float64 
[2023-06-05 17:42:22,474] 88 root - INFO - Hypothesis ee_001: float64, float64 
[2023-06-05 17:42:22,481] 88 root - INFO - Hypothesis ee_002: float64, float64 
[2023-06-05 17:42:22,489] 88 root - INFO - Hypothesis ee_003: float64, float64 
[2023-06-05 17:42:22,496] 88 root - INFO - Hypothesis ee_004: float64, float64 
[2023-06-05 17:42:22,503] 88 root - INFO - Hypothesis ee_005: float64, float64 
[2023-06-05 17:42:22,510] 88 root - INFO - Hypothesis ee_006: float64, float64 
[2023-06-05 17:42:22,517] 88 root - INFO - Hypothesis ee_007: float64, float64 
[2023-06-05 17:42:22,523] 88 root - INFO - Hypothesis ee_008: float64, float64 
[2023-06-05 17:42:22,529] 88 root - INFO - Hypothesis ee_009: float64, float64 
[2023-06-05 17:42:22,535] 88 root - INFO - Hypothesis ef_000: float64, float64 
[2023-06-05 17:42:22,550] 88 root - INFO - Hypothesis eg_000: float64, float64 
[2023-06-05 17:42:22,568] 147 root - INFO - Write reprt in yaml file
[2023-06-05 17:42:22,644] 152 root - INFO - Data validation artifact: DataValidationArtifact(report_file_path='/config/workspace/artifact/060523___174204/data_validation/report.yaml')
