[2023-06-05 20:17:55,009] 22 root - INFO - Exporting collection data as pandas dataframe
[2023-06-05 20:17:55,010] 22 root - INFO - Reading data from database : aps and collection : sensor
[2023-06-05 20:17:58,539] 24 root - INFO - Found Columns :Index(['_id', 'class', 'aa_000', 'ab_000', 'ac_000', 'ad_000', 'ae_000',
       'af_000', 'ag_000', 'ag_001',
       ...
       'ee_002', 'ee_003', 'ee_004', 'ee_005', 'ee_006', 'ee_007', 'ee_008',
       'ee_009', 'ef_000', 'eg_000'],
      dtype='object', length=172)
[2023-06-05 20:17:58,540] 26 root - INFO - dropping column _id
[2023-06-05 20:17:58,741] 28 root - INFO - row and column in df : (36188, 172)
[2023-06-05 20:17:58,742] 28 root - INFO - Save data in feature store
[2023-06-05 20:18:00,143] 41 root - INFO - Create feature store folder if not available
[2023-06-05 20:18:00,143] 45 root - INFO - Save df to feature store folder
[2023-06-05 20:18:02,022] 50 root - INFO - split dataset into train and test set
[2023-06-05 20:18:02,329] 54 root - INFO - create dataset directory folder if not available
[2023-06-05 20:18:02,330] 59 root - INFO - Save df to feature store folder
[2023-06-05 20:18:04,615] 74 root - INFO - Data ingestion artifact: DataIngestionArtifact(feature_store_file_path='/config/workspace/artifact/060523___201755/data_ingestion/feature_store/sensor.csv', train_file_path='/config/workspace/artifact/060523___201755/data_ingestion/dataset/train.csv', test_file_path='/config/workspace/artifact/060523___201755/data_ingestion/dataset/test.csv')
[2023-06-05 20:18:05,048] 21 root - INFO - >>>>>>>>>>>>>>>>>>>>>>>>>>>>>>>>>>>>>>>> Data Validation <<<<<<<<<<<<<<<<<<<<<<<<<<<<<<<<<<<<<<<<
[2023-06-05 20:18:05,049] 110 root - INFO - Reading base dataframe
[2023-06-05 20:18:07,294] 113 root - INFO - Replace na value in base df
[2023-06-05 20:18:07,294] 115 root - INFO - Drop null values colums from base df
[2023-06-05 20:18:07,515] 44 root - INFO - selecting column name which contains null above to 0.7
[2023-06-05 20:18:07,515] 47 root - INFO - Columns to drop: ['ab_000', 'bn_000', 'bo_000', 'bp_000', 'bq_000', 'br_000', 'cr_000']
[2023-06-05 20:18:07,608] 118 root - INFO - Reading train dataframe
[2023-06-05 20:18:08,009] 120 root - INFO - Reading test dataframe
[2023-06-05 20:18:08,115] 123 root - INFO - Drop null values colums from train df
[2023-06-05 20:18:08,124] 44 root - INFO - selecting column name which contains null above to 0.7
[2023-06-05 20:18:08,124] 47 root - INFO - Columns to drop: ['ab_000', 'bn_000', 'bo_000', 'bp_000', 'bq_000', 'br_000', 'cr_000']
[2023-06-05 20:18:08,134] 125 root - INFO - Drop null values colums from test df
[2023-06-05 20:18:08,137] 44 root - INFO - selecting column name which contains null above to 0.7
[2023-06-05 20:18:08,138] 47 root - INFO - Columns to drop: ['ab_000', 'bn_000', 'bo_000', 'bp_000', 'bq_000', 'br_000', 'cr_000']
[2023-06-05 20:18:08,886] 134 root - INFO - Is all required columns present in train df
[2023-06-05 20:18:08,886] 136 root - INFO - Is all required columns present in test df
[2023-06-05 20:18:08,887] 140 root - INFO - As all column are available in train df hence detecting data drift
[2023-06-05 20:18:08,887] 88 root - INFO - Hypothesis class: object, object 
[2023-06-05 20:18:09,024] 88 root - INFO - Hypothesis aa_000: float64, int64 
[2023-06-05 20:18:09,066] 88 root - INFO - Hypothesis ac_000: float64, float64 
[2023-06-05 20:18:09,074] 88 root - INFO - Hypothesis ad_000: float64, float64 
[2023-06-05 20:18:09,084] 88 root - INFO - Hypothesis ae_000: float64, float64 
[2023-06-05 20:18:09,120] 88 root - INFO - Hypothesis af_000: float64, float64 
[2023-06-05 20:18:09,156] 88 root - INFO - Hypothesis ag_000: float64, float64 
[2023-06-05 20:18:09,191] 88 root - INFO - Hypothesis ag_001: float64, float64 
[2023-06-05 20:18:09,226] 88 root - INFO - Hypothesis ag_002: float64, float64 
[2023-06-05 20:18:09,262] 88 root - INFO - Hypothesis ag_003: float64, float64 
[2023-06-05 20:18:09,268] 88 root - INFO - Hypothesis ag_004: float64, float64 
[2023-06-05 20:18:09,278] 88 root - INFO - Hypothesis ag_005: float64, float64 
[2023-06-05 20:18:09,320] 88 root - INFO - Hypothesis ag_006: float64, float64 
[2023-06-05 20:18:09,362] 88 root - INFO - Hypothesis ag_007: float64, float64 
[2023-06-05 20:18:09,403] 88 root - INFO - Hypothesis ag_008: float64, float64 
[2023-06-05 20:18:09,444] 88 root - INFO - Hypothesis ag_009: float64, float64 
[2023-06-05 20:18:09,484] 88 root - INFO - Hypothesis ah_000: float64, float64 
[2023-06-05 20:18:09,529] 88 root - INFO - Hypothesis ai_000: float64, float64 
[2023-06-05 20:18:09,566] 88 root - INFO - Hypothesis aj_000: float64, float64 
[2023-06-05 20:18:09,607] 88 root - INFO - Hypothesis ak_000: float64, float64 
[2023-06-05 20:18:09,645] 88 root - INFO - Hypothesis al_000: float64, float64 
[2023-06-05 20:18:09,652] 88 root - INFO - Hypothesis am_0: float64, float64 
[2023-06-05 20:18:09,660] 88 root - INFO - Hypothesis an_000: float64, float64 
[2023-06-05 20:18:09,701] 88 root - INFO - Hypothesis ao_000: float64, float64 
[2023-06-05 20:18:09,743] 88 root - INFO - Hypothesis ap_000: float64, float64 
[2023-06-05 20:18:09,786] 88 root - INFO - Hypothesis aq_000: float64, float64 
[2023-06-05 20:18:09,829] 88 root - INFO - Hypothesis ar_000: float64, float64 
[2023-06-05 20:18:09,865] 88 root - INFO - Hypothesis as_000: float64, float64 
[2023-06-05 20:18:09,900] 88 root - INFO - Hypothesis at_000: float64, float64 
[2023-06-05 20:18:09,937] 88 root - INFO - Hypothesis au_000: float64, float64 
[2023-06-05 20:18:09,972] 88 root - INFO - Hypothesis av_000: float64, float64 
[2023-06-05 20:18:10,011] 88 root - INFO - Hypothesis ax_000: float64, float64 
[2023-06-05 20:18:10,053] 88 root - INFO - Hypothesis ay_000: float64, float64 
[2023-06-05 20:18:10,089] 88 root - INFO - Hypothesis ay_001: float64, float64 
[2023-06-05 20:18:10,124] 88 root - INFO - Hypothesis ay_002: float64, float64 
[2023-06-05 20:18:10,160] 88 root - INFO - Hypothesis ay_003: float64, float64 
[2023-06-05 20:18:10,196] 88 root - INFO - Hypothesis ay_004: float64, float64 
[2023-06-05 20:18:10,231] 88 root - INFO - Hypothesis ay_005: float64, float64 
[2023-06-05 20:18:10,239] 88 root - INFO - Hypothesis ay_006: float64, float64 
[2023-06-05 20:18:10,279] 88 root - INFO - Hypothesis ay_007: float64, float64 
[2023-06-05 20:18:10,321] 88 root - INFO - Hypothesis ay_008: float64, float64 
[2023-06-05 20:18:10,363] 88 root - INFO - Hypothesis ay_009: float64, float64 
[2023-06-05 20:18:10,398] 88 root - INFO - Hypothesis az_000: float64, float64 
[2023-06-05 20:18:10,408] 88 root - INFO - Hypothesis az_001: float64, float64 
[2023-06-05 20:18:10,417] 88 root - INFO - Hypothesis az_002: float64, float64 
[2023-06-05 20:18:10,427] 88 root - INFO - Hypothesis az_003: float64, float64 
[2023-06-05 20:18:10,470] 88 root - INFO - Hypothesis az_004: float64, float64 
[2023-06-05 20:18:10,513] 88 root - INFO - Hypothesis az_005: float64, float64 
[2023-06-05 20:18:10,556] 88 root - INFO - Hypothesis az_006: float64, float64 
[2023-06-05 20:18:10,567] 88 root - INFO - Hypothesis az_007: float64, float64 
[2023-06-05 20:18:10,605] 88 root - INFO - Hypothesis az_008: float64, float64 
[2023-06-05 20:18:10,641] 88 root - INFO - Hypothesis az_009: float64, float64 
[2023-06-05 20:18:10,679] 88 root - INFO - Hypothesis ba_000: float64, float64 
[2023-06-05 20:18:10,722] 88 root - INFO - Hypothesis ba_001: float64, float64 
[2023-06-05 20:18:10,732] 88 root - INFO - Hypothesis ba_002: float64, float64 
[2023-06-05 20:18:10,743] 88 root - INFO - Hypothesis ba_003: float64, float64 
[2023-06-05 20:18:10,785] 88 root - INFO - Hypothesis ba_004: float64, float64 
[2023-06-05 20:18:10,827] 88 root - INFO - Hypothesis ba_005: float64, float64 
[2023-06-05 20:18:10,837] 88 root - INFO - Hypothesis ba_006: float64, float64 
[2023-06-05 20:18:10,878] 88 root - INFO - Hypothesis ba_007: float64, float64 
[2023-06-05 20:18:10,920] 88 root - INFO - Hypothesis ba_008: float64, float64 
[2023-06-05 20:18:10,928] 88 root - INFO - Hypothesis ba_009: float64, float64 
[2023-06-05 20:18:10,934] 88 root - INFO - Hypothesis bb_000: float64, float64 
[2023-06-05 20:18:10,976] 88 root - INFO - Hypothesis bc_000: float64, float64 
[2023-06-05 20:18:11,016] 88 root - INFO - Hypothesis bd_000: float64, float64 
[2023-06-05 20:18:11,025] 88 root - INFO - Hypothesis be_000: float64, float64 
[2023-06-05 20:18:11,033] 88 root - INFO - Hypothesis bf_000: float64, float64 
[2023-06-05 20:18:11,040] 88 root - INFO - Hypothesis bg_000: float64, float64 
[2023-06-05 20:18:11,082] 88 root - INFO - Hypothesis bh_000: float64, float64 
[2023-06-05 20:18:11,124] 88 root - INFO - Hypothesis bi_000: float64, float64 
[2023-06-05 20:18:11,166] 88 root - INFO - Hypothesis bj_000: float64, float64 
[2023-06-05 20:18:11,208] 88 root - INFO - Hypothesis bk_000: float64, float64 
[2023-06-05 20:18:11,248] 88 root - INFO - Hypothesis bl_000: float64, float64 
[2023-06-05 20:18:11,288] 88 root - INFO - Hypothesis bm_000: float64, float64 
[2023-06-05 20:18:11,326] 88 root - INFO - Hypothesis bs_000: float64, float64 
[2023-06-05 20:18:11,369] 88 root - INFO - Hypothesis bt_000: float64, float64 
[2023-06-05 20:18:11,411] 88 root - INFO - Hypothesis bu_000: float64, float64 
[2023-06-05 20:18:11,452] 88 root - INFO - Hypothesis bv_000: float64, float64 
[2023-06-05 20:18:11,496] 88 root - INFO - Hypothesis bx_000: float64, float64 
[2023-06-05 20:18:11,507] 88 root - INFO - Hypothesis by_000: float64, float64 
[2023-06-05 20:18:11,549] 88 root - INFO - Hypothesis bz_000: float64, float64 
[2023-06-05 20:18:11,558] 88 root - INFO - Hypothesis ca_000: float64, float64 
[2023-06-05 20:18:11,605] 88 root - INFO - Hypothesis cb_000: float64, float64 
[2023-06-05 20:18:11,647] 88 root - INFO - Hypothesis cc_000: float64, float64 
[2023-06-05 20:18:11,658] 88 root - INFO - Hypothesis cd_000: float64, float64 
[2023-06-05 20:18:11,694] 88 root - INFO - Hypothesis ce_000: float64, float64 
[2023-06-05 20:18:11,735] 88 root - INFO - Hypothesis cf_000: float64, float64 
[2023-06-05 20:18:11,741] 88 root - INFO - Hypothesis cg_000: float64, float64 
[2023-06-05 20:18:11,748] 88 root - INFO - Hypothesis ch_000: float64, float64 
[2023-06-05 20:18:11,754] 88 root - INFO - Hypothesis ci_000: float64, float64 
[2023-06-05 20:18:11,764] 88 root - INFO - Hypothesis cj_000: float64, float64 
[2023-06-05 20:18:11,802] 88 root - INFO - Hypothesis ck_000: float64, float64 
[2023-06-05 20:18:11,844] 88 root - INFO - Hypothesis cl_000: float64, float64 
[2023-06-05 20:18:11,850] 88 root - INFO - Hypothesis cm_000: float64, float64 
[2023-06-05 20:18:11,857] 88 root - INFO - Hypothesis cn_000: float64, float64 
[2023-06-05 20:18:11,892] 88 root - INFO - Hypothesis cn_001: float64, float64 
[2023-06-05 20:18:11,929] 88 root - INFO - Hypothesis cn_002: float64, float64 
[2023-06-05 20:18:11,937] 88 root - INFO - Hypothesis cn_003: float64, float64 
[2023-06-05 20:18:11,948] 88 root - INFO - Hypothesis cn_004: float64, float64 
[2023-06-05 20:18:11,958] 88 root - INFO - Hypothesis cn_005: float64, float64 
[2023-06-05 20:18:12,001] 88 root - INFO - Hypothesis cn_006: float64, float64 
[2023-06-05 20:18:12,012] 88 root - INFO - Hypothesis cn_007: float64, float64 
[2023-06-05 20:18:12,021] 88 root - INFO - Hypothesis cn_008: float64, float64 
[2023-06-05 20:18:12,063] 88 root - INFO - Hypothesis cn_009: float64, float64 
[2023-06-05 20:18:12,104] 88 root - INFO - Hypothesis co_000: float64, float64 
[2023-06-05 20:18:12,111] 88 root - INFO - Hypothesis cp_000: float64, float64 
[2023-06-05 20:18:12,150] 88 root - INFO - Hypothesis cq_000: float64, float64 
[2023-06-05 20:18:12,191] 88 root - INFO - Hypothesis cs_000: float64, float64 
[2023-06-05 20:18:12,232] 88 root - INFO - Hypothesis cs_001: float64, float64 
[2023-06-05 20:18:12,273] 88 root - INFO - Hypothesis cs_002: float64, float64 
[2023-06-05 20:18:12,315] 88 root - INFO - Hypothesis cs_003: float64, float64 
[2023-06-05 20:18:12,357] 88 root - INFO - Hypothesis cs_004: float64, float64 
[2023-06-05 20:18:12,399] 88 root - INFO - Hypothesis cs_005: float64, float64 
[2023-06-05 20:18:12,441] 88 root - INFO - Hypothesis cs_006: float64, float64 
[2023-06-05 20:18:12,484] 88 root - INFO - Hypothesis cs_007: float64, float64 
[2023-06-05 20:18:12,530] 88 root - INFO - Hypothesis cs_008: float64, float64 
[2023-06-05 20:18:12,538] 88 root - INFO - Hypothesis cs_009: float64, float64 
[2023-06-05 20:18:12,577] 88 root - INFO - Hypothesis ct_000: float64, float64 
[2023-06-05 20:18:12,585] 88 root - INFO - Hypothesis cu_000: float64, float64 
[2023-06-05 20:18:12,593] 88 root - INFO - Hypothesis cv_000: float64, float64 
[2023-06-05 20:18:12,603] 88 root - INFO - Hypothesis cx_000: float64, float64 
[2023-06-05 20:18:12,612] 88 root - INFO - Hypothesis cy_000: float64, float64 
[2023-06-05 20:18:12,618] 88 root - INFO - Hypothesis cz_000: float64, float64 
[2023-06-05 20:18:12,658] 88 root - INFO - Hypothesis da_000: float64, float64 
[2023-06-05 20:18:12,695] 88 root - INFO - Hypothesis db_000: float64, float64 
[2023-06-05 20:18:12,733] 88 root - INFO - Hypothesis dc_000: float64, float64 
[2023-06-05 20:18:12,775] 88 root - INFO - Hypothesis dd_000: float64, float64 
[2023-06-05 20:18:12,785] 88 root - INFO - Hypothesis de_000: float64, float64 
[2023-06-05 20:18:12,825] 88 root - INFO - Hypothesis df_000: float64, float64 
[2023-06-05 20:18:12,861] 88 root - INFO - Hypothesis dg_000: float64, float64 
[2023-06-05 20:18:12,899] 88 root - INFO - Hypothesis dh_000: float64, float64 
[2023-06-05 20:18:12,936] 88 root - INFO - Hypothesis di_000: float64, float64 
[2023-06-05 20:18:12,942] 88 root - INFO - Hypothesis dj_000: float64, float64 
[2023-06-05 20:18:12,979] 88 root - INFO - Hypothesis dk_000: float64, float64 
[2023-06-05 20:18:13,015] 88 root - INFO - Hypothesis dl_000: float64, float64 
[2023-06-05 20:18:13,051] 88 root - INFO - Hypothesis dm_000: float64, float64 
[2023-06-05 20:18:13,087] 88 root - INFO - Hypothesis dn_000: float64, float64 
[2023-06-05 20:18:13,129] 88 root - INFO - Hypothesis do_000: float64, float64 
[2023-06-05 20:18:13,170] 88 root - INFO - Hypothesis dp_000: float64, float64 
[2023-06-05 20:18:13,211] 88 root - INFO - Hypothesis dq_000: float64, float64 
[2023-06-05 20:18:13,249] 88 root - INFO - Hypothesis dr_000: float64, float64 
[2023-06-05 20:18:13,286] 88 root - INFO - Hypothesis ds_000: float64, float64 
[2023-06-05 20:18:13,328] 88 root - INFO - Hypothesis dt_000: float64, float64 
[2023-06-05 20:18:13,338] 88 root - INFO - Hypothesis du_000: float64, float64 
[2023-06-05 20:18:13,348] 88 root - INFO - Hypothesis dv_000: float64, float64 
[2023-06-05 20:18:13,358] 88 root - INFO - Hypothesis dx_000: float64, float64 
[2023-06-05 20:18:13,397] 88 root - INFO - Hypothesis dy_000: float64, float64 
[2023-06-05 20:18:13,435] 88 root - INFO - Hypothesis dz_000: float64, float64 
[2023-06-05 20:18:13,473] 88 root - INFO - Hypothesis ea_000: float64, float64 
[2023-06-05 20:18:13,512] 88 root - INFO - Hypothesis eb_000: float64, float64 
[2023-06-05 20:18:13,520] 88 root - INFO - Hypothesis ec_00: float64, float64 
[2023-06-05 20:18:13,530] 88 root - INFO - Hypothesis ed_000: float64, float64 
[2023-06-05 20:18:13,539] 88 root - INFO - Hypothesis ee_000: float64, float64 
[2023-06-05 20:18:13,581] 88 root - INFO - Hypothesis ee_001: float64, float64 
[2023-06-05 20:18:13,628] 88 root - INFO - Hypothesis ee_002: float64, float64 
[2023-06-05 20:18:13,671] 88 root - INFO - Hypothesis ee_003: float64, float64 
[2023-06-05 20:18:13,714] 88 root - INFO - Hypothesis ee_004: float64, float64 
[2023-06-05 20:18:13,724] 88 root - INFO - Hypothesis ee_005: float64, float64 
[2023-06-05 20:18:13,767] 88 root - INFO - Hypothesis ee_006: float64, float64 
[2023-06-05 20:18:13,809] 88 root - INFO - Hypothesis ee_007: float64, float64 
[2023-06-05 20:18:13,851] 88 root - INFO - Hypothesis ee_008: float64, float64 
[2023-06-05 20:18:13,892] 88 root - INFO - Hypothesis ee_009: float64, float64 
[2023-06-05 20:18:13,932] 88 root - INFO - Hypothesis ef_000: float64, float64 
[2023-06-05 20:18:13,968] 88 root - INFO - Hypothesis eg_000: float64, float64 
[2023-06-05 20:18:14,004] 143 root - INFO - As all column are available in test df hence detecting data drift
[2023-06-05 20:18:14,004] 88 root - INFO - Hypothesis class: object, object 
[2023-06-05 20:18:14,079] 88 root - INFO - Hypothesis aa_000: float64, int64 
[2023-06-05 20:18:14,086] 88 root - INFO - Hypothesis ac_000: float64, float64 
[2023-06-05 20:18:14,091] 88 root - INFO - Hypothesis ad_000: float64, float64 
[2023-06-05 20:18:14,097] 88 root - INFO - Hypothesis ae_000: float64, float64 
[2023-06-05 20:18:14,112] 88 root - INFO - Hypothesis af_000: float64, float64 
[2023-06-05 20:18:14,127] 88 root - INFO - Hypothesis ag_000: float64, float64 
[2023-06-05 20:18:14,142] 88 root - INFO - Hypothesis ag_001: float64, float64 
[2023-06-05 20:18:14,157] 88 root - INFO - Hypothesis ag_002: float64, float64 
[2023-06-05 20:18:14,160] 88 root - INFO - Hypothesis ag_003: float64, float64 
[2023-06-05 20:18:14,165] 88 root - INFO - Hypothesis ag_004: float64, float64 
[2023-06-05 20:18:14,171] 88 root - INFO - Hypothesis ag_005: float64, float64 
[2023-06-05 20:18:14,178] 88 root - INFO - Hypothesis ag_006: float64, float64 
[2023-06-05 20:18:14,185] 88 root - INFO - Hypothesis ag_007: float64, float64 
[2023-06-05 20:18:14,191] 88 root - INFO - Hypothesis ag_008: float64, float64 
[2023-06-05 20:18:14,197] 88 root - INFO - Hypothesis ag_009: float64, float64 
[2023-06-05 20:18:14,202] 88 root - INFO - Hypothesis ah_000: float64, float64 
[2023-06-05 20:18:14,209] 88 root - INFO - Hypothesis ai_000: float64, float64 
[2023-06-05 20:18:14,212] 88 root - INFO - Hypothesis aj_000: float64, float64 
[2023-06-05 20:18:14,228] 88 root - INFO - Hypothesis ak_000: float64, float64 
[2023-06-05 20:18:14,232] 88 root - INFO - Hypothesis al_000: float64, float64 
[2023-06-05 20:18:14,237] 88 root - INFO - Hypothesis am_0: float64, float64 
[2023-06-05 20:18:14,242] 88 root - INFO - Hypothesis an_000: float64, float64 
[2023-06-05 20:18:14,249] 88 root - INFO - Hypothesis ao_000: float64, float64 
[2023-06-05 20:18:14,256] 88 root - INFO - Hypothesis ap_000: float64, float64 
[2023-06-05 20:18:14,263] 88 root - INFO - Hypothesis aq_000: float64, float64 
[2023-06-05 20:18:14,271] 88 root - INFO - Hypothesis ar_000: float64, float64 
[2023-06-05 20:18:14,274] 88 root - INFO - Hypothesis as_000: float64, float64 
[2023-06-05 20:18:14,289] 88 root - INFO - Hypothesis at_000: float64, float64 
[2023-06-05 20:18:14,293] 88 root - INFO - Hypothesis au_000: float64, float64 
[2023-06-05 20:18:14,307] 88 root - INFO - Hypothesis av_000: float64, float64 
[2023-06-05 20:18:14,313] 88 root - INFO - Hypothesis ax_000: float64, float64 
[2023-06-05 20:18:14,318] 88 root - INFO - Hypothesis ay_000: float64, float64 
[2023-06-05 20:18:14,333] 88 root - INFO - Hypothesis ay_001: float64, float64 
[2023-06-05 20:18:14,349] 88 root - INFO - Hypothesis ay_002: float64, float64 
[2023-06-05 20:18:14,364] 88 root - INFO - Hypothesis ay_003: float64, float64 
[2023-06-05 20:18:14,379] 88 root - INFO - Hypothesis ay_004: float64, float64 
[2023-06-05 20:18:14,394] 88 root - INFO - Hypothesis ay_005: float64, float64 
[2023-06-05 20:18:14,400] 88 root - INFO - Hypothesis ay_006: float64, float64 
[2023-06-05 20:18:14,407] 88 root - INFO - Hypothesis ay_007: float64, float64 
[2023-06-05 20:18:14,414] 88 root - INFO - Hypothesis ay_008: float64, float64 
[2023-06-05 20:18:14,421] 88 root - INFO - Hypothesis ay_009: float64, float64 
[2023-06-05 20:18:14,436] 88 root - INFO - Hypothesis az_000: float64, float64 
[2023-06-05 20:18:14,443] 88 root - INFO - Hypothesis az_001: float64, float64 
[2023-06-05 20:18:14,449] 88 root - INFO - Hypothesis az_002: float64, float64 
[2023-06-05 20:18:14,456] 88 root - INFO - Hypothesis az_003: float64, float64 
[2023-06-05 20:18:14,463] 88 root - INFO - Hypothesis az_004: float64, float64 
[2023-06-05 20:18:14,470] 88 root - INFO - Hypothesis az_005: float64, float64 
[2023-06-05 20:18:14,477] 88 root - INFO - Hypothesis az_006: float64, float64 
[2023-06-05 20:18:14,483] 88 root - INFO - Hypothesis az_007: float64, float64 
[2023-06-05 20:18:14,488] 88 root - INFO - Hypothesis az_008: float64, float64 
[2023-06-05 20:18:14,491] 88 root - INFO - Hypothesis az_009: float64, float64 
[2023-06-05 20:18:14,494] 88 root - INFO - Hypothesis ba_000: float64, float64 
[2023-06-05 20:18:14,501] 88 root - INFO - Hypothesis ba_001: float64, float64 
[2023-06-05 20:18:14,508] 88 root - INFO - Hypothesis ba_002: float64, float64 
[2023-06-05 20:18:14,515] 88 root - INFO - Hypothesis ba_003: float64, float64 
[2023-06-05 20:18:14,522] 88 root - INFO - Hypothesis ba_004: float64, float64 
[2023-06-05 20:18:14,529] 88 root - INFO - Hypothesis ba_005: float64, float64 
[2023-06-05 20:18:14,536] 88 root - INFO - Hypothesis ba_006: float64, float64 
[2023-06-05 20:18:14,542] 88 root - INFO - Hypothesis ba_007: float64, float64 
[2023-06-05 20:18:14,549] 88 root - INFO - Hypothesis ba_008: float64, float64 
[2023-06-05 20:18:14,554] 88 root - INFO - Hypothesis ba_009: float64, float64 
[2023-06-05 20:18:14,559] 88 root - INFO - Hypothesis bb_000: float64, float64 
[2023-06-05 20:18:14,566] 88 root - INFO - Hypothesis bc_000: float64, float64 
[2023-06-05 20:18:14,572] 88 root - INFO - Hypothesis bd_000: float64, float64 
[2023-06-05 20:18:14,578] 88 root - INFO - Hypothesis be_000: float64, float64 
[2023-06-05 20:18:14,584] 88 root - INFO - Hypothesis bf_000: float64, float64 
[2023-06-05 20:18:14,588] 88 root - INFO - Hypothesis bg_000: float64, float64 
[2023-06-05 20:18:14,595] 88 root - INFO - Hypothesis bh_000: float64, float64 
[2023-06-05 20:18:14,602] 88 root - INFO - Hypothesis bi_000: float64, float64 
[2023-06-05 20:18:14,609] 88 root - INFO - Hypothesis bj_000: float64, float64 
[2023-06-05 20:18:14,616] 88 root - INFO - Hypothesis bk_000: float64, float64 
[2023-06-05 20:18:14,622] 88 root - INFO - Hypothesis bl_000: float64, float64 
[2023-06-05 20:18:14,628] 88 root - INFO - Hypothesis bm_000: float64, float64 
[2023-06-05 20:18:14,632] 88 root - INFO - Hypothesis bs_000: float64, float64 
[2023-06-05 20:18:14,639] 88 root - INFO - Hypothesis bt_000: float64, float64 
[2023-06-05 20:18:14,646] 88 root - INFO - Hypothesis bu_000: float64, float64 
[2023-06-05 20:18:14,653] 88 root - INFO - Hypothesis bv_000: float64, float64 
[2023-06-05 20:18:14,660] 88 root - INFO - Hypothesis bx_000: float64, float64 
[2023-06-05 20:18:14,667] 88 root - INFO - Hypothesis by_000: float64, float64 
[2023-06-05 20:18:14,674] 88 root - INFO - Hypothesis bz_000: float64, float64 
[2023-06-05 20:18:14,680] 88 root - INFO - Hypothesis ca_000: float64, float64 
[2023-06-05 20:18:14,687] 88 root - INFO - Hypothesis cb_000: float64, float64 
[2023-06-05 20:18:14,694] 88 root - INFO - Hypothesis cc_000: float64, float64 
[2023-06-05 20:18:14,701] 88 root - INFO - Hypothesis cd_000: float64, float64 
[2023-06-05 20:18:14,716] 88 root - INFO - Hypothesis ce_000: float64, float64 
[2023-06-05 20:18:14,723] 88 root - INFO - Hypothesis cf_000: float64, float64 
[2023-06-05 20:18:14,727] 88 root - INFO - Hypothesis cg_000: float64, float64 
[2023-06-05 20:18:14,731] 88 root - INFO - Hypothesis ch_000: float64, float64 
[2023-06-05 20:18:14,735] 88 root - INFO - Hypothesis ci_000: float64, float64 
[2023-06-05 20:18:14,742] 88 root - INFO - Hypothesis cj_000: float64, float64 
[2023-06-05 20:18:14,746] 88 root - INFO - Hypothesis ck_000: float64, float64 
[2023-06-05 20:18:14,753] 88 root - INFO - Hypothesis cl_000: float64, float64 
[2023-06-05 20:18:14,757] 88 root - INFO - Hypothesis cm_000: float64, float64 
[2023-06-05 20:18:14,762] 88 root - INFO - Hypothesis cn_000: float64, float64 
[2023-06-05 20:18:14,777] 88 root - INFO - Hypothesis cn_001: float64, float64 
[2023-06-05 20:18:14,782] 88 root - INFO - Hypothesis cn_002: float64, float64 
[2023-06-05 20:18:14,787] 88 root - INFO - Hypothesis cn_003: float64, float64 
[2023-06-05 20:18:14,794] 88 root - INFO - Hypothesis cn_004: float64, float64 
[2023-06-05 20:18:14,801] 88 root - INFO - Hypothesis cn_005: float64, float64 
[2023-06-05 20:18:14,809] 88 root - INFO - Hypothesis cn_006: float64, float64 
[2023-06-05 20:18:14,816] 88 root - INFO - Hypothesis cn_007: float64, float64 
[2023-06-05 20:18:14,823] 88 root - INFO - Hypothesis cn_008: float64, float64 
[2023-06-05 20:18:14,829] 88 root - INFO - Hypothesis cn_009: float64, float64 
[2023-06-05 20:18:14,835] 88 root - INFO - Hypothesis co_000: float64, float64 
[2023-06-05 20:18:14,840] 88 root - INFO - Hypothesis cp_000: float64, float64 
[2023-06-05 20:18:14,845] 88 root - INFO - Hypothesis cq_000: float64, float64 
[2023-06-05 20:18:14,852] 88 root - INFO - Hypothesis cs_000: float64, float64 
[2023-06-05 20:18:14,859] 88 root - INFO - Hypothesis cs_001: float64, float64 
[2023-06-05 20:18:14,865] 88 root - INFO - Hypothesis cs_002: float64, float64 
[2023-06-05 20:18:14,872] 88 root - INFO - Hypothesis cs_003: float64, float64 
[2023-06-05 20:18:14,879] 88 root - INFO - Hypothesis cs_004: float64, float64 
[2023-06-05 20:18:14,886] 88 root - INFO - Hypothesis cs_005: float64, float64 
[2023-06-05 20:18:14,893] 88 root - INFO - Hypothesis cs_006: float64, float64 
[2023-06-05 20:18:14,900] 88 root - INFO - Hypothesis cs_007: float64, float64 
[2023-06-05 20:18:14,907] 88 root - INFO - Hypothesis cs_008: float64, float64 
[2023-06-05 20:18:14,913] 88 root - INFO - Hypothesis cs_009: float64, float64 
[2023-06-05 20:18:14,928] 88 root - INFO - Hypothesis ct_000: float64, float64 
[2023-06-05 20:18:14,933] 88 root - INFO - Hypothesis cu_000: float64, float64 
[2023-06-05 20:18:14,938] 88 root - INFO - Hypothesis cv_000: float64, float64 
[2023-06-05 20:18:14,944] 88 root - INFO - Hypothesis cx_000: float64, float64 
[2023-06-05 20:18:14,950] 88 root - INFO - Hypothesis cy_000: float64, float64 
[2023-06-05 20:18:14,954] 88 root - INFO - Hypothesis cz_000: float64, float64 
[2023-06-05 20:18:14,959] 88 root - INFO - Hypothesis da_000: float64, float64 
[2023-06-05 20:18:14,963] 88 root - INFO - Hypothesis db_000: float64, float64 
[2023-06-05 20:18:14,967] 88 root - INFO - Hypothesis dc_000: float64, float64 
[2023-06-05 20:18:14,973] 88 root - INFO - Hypothesis dd_000: float64, float64 
[2023-06-05 20:18:14,979] 88 root - INFO - Hypothesis de_000: float64, float64 
[2023-06-05 20:18:14,985] 88 root - INFO - Hypothesis df_000: float64, float64 
[2023-06-05 20:18:14,988] 88 root - INFO - Hypothesis dg_000: float64, float64 
[2023-06-05 20:18:14,991] 88 root - INFO - Hypothesis dh_000: float64, float64 
[2023-06-05 20:18:14,995] 88 root - INFO - Hypothesis di_000: float64, float64 
[2023-06-05 20:18:14,999] 88 root - INFO - Hypothesis dj_000: float64, float64 
[2023-06-05 20:18:15,002] 88 root - INFO - Hypothesis dk_000: float64, float64 
[2023-06-05 20:18:15,005] 88 root - INFO - Hypothesis dl_000: float64, float64 
[2023-06-05 20:18:15,008] 88 root - INFO - Hypothesis dm_000: float64, float64 
[2023-06-05 20:18:15,012] 88 root - INFO - Hypothesis dn_000: float64, float64 
[2023-06-05 20:18:15,018] 88 root - INFO - Hypothesis do_000: float64, float64 
[2023-06-05 20:18:15,025] 88 root - INFO - Hypothesis dp_000: float64, float64 
[2023-06-05 20:18:15,031] 88 root - INFO - Hypothesis dq_000: float64, float64 
[2023-06-05 20:18:15,047] 88 root - INFO - Hypothesis dr_000: float64, float64 
[2023-06-05 20:18:15,051] 88 root - INFO - Hypothesis ds_000: float64, float64 
[2023-06-05 20:18:15,058] 88 root - INFO - Hypothesis dt_000: float64, float64 
[2023-06-05 20:18:15,065] 88 root - INFO - Hypothesis du_000: float64, float64 
[2023-06-05 20:18:15,071] 88 root - INFO - Hypothesis dv_000: float64, float64 
[2023-06-05 20:18:15,078] 88 root - INFO - Hypothesis dx_000: float64, float64 
[2023-06-05 20:18:15,083] 88 root - INFO - Hypothesis dy_000: float64, float64 
[2023-06-05 20:18:15,087] 88 root - INFO - Hypothesis dz_000: float64, float64 
[2023-06-05 20:18:15,103] 88 root - INFO - Hypothesis ea_000: float64, float64 
[2023-06-05 20:18:15,118] 88 root - INFO - Hypothesis eb_000: float64, float64 
[2023-06-05 20:18:15,124] 88 root - INFO - Hypothesis ec_00: float64, float64 
[2023-06-05 20:18:15,130] 88 root - INFO - Hypothesis ed_000: float64, float64 
[2023-06-05 20:18:15,136] 88 root - INFO - Hypothesis ee_000: float64, float64 
[2023-06-05 20:18:15,144] 88 root - INFO - Hypothesis ee_001: float64, float64 
[2023-06-05 20:18:15,150] 88 root - INFO - Hypothesis ee_002: float64, float64 
[2023-06-05 20:18:15,157] 88 root - INFO - Hypothesis ee_003: float64, float64 
[2023-06-05 20:18:15,165] 88 root - INFO - Hypothesis ee_004: float64, float64 
[2023-06-05 20:18:15,172] 88 root - INFO - Hypothesis ee_005: float64, float64 
[2023-06-05 20:18:15,178] 88 root - INFO - Hypothesis ee_006: float64, float64 
[2023-06-05 20:18:15,185] 88 root - INFO - Hypothesis ee_007: float64, float64 
[2023-06-05 20:18:15,192] 88 root - INFO - Hypothesis ee_008: float64, float64 
[2023-06-05 20:18:15,197] 88 root - INFO - Hypothesis ee_009: float64, float64 
[2023-06-05 20:18:15,202] 88 root - INFO - Hypothesis ef_000: float64, float64 
[2023-06-05 20:18:15,218] 88 root - INFO - Hypothesis eg_000: float64, float64 
[2023-06-05 20:18:15,233] 147 root - INFO - Write reprt in yaml file
[2023-06-05 20:18:15,308] 152 root - INFO - Data validation artifact: DataValidationArtifact(report_file_path='/config/workspace/artifact/060523___201755/data_validation/report.yaml')
