[2023-06-05 23:53:07,350] 22 root - INFO - Exporting collection data as pandas dataframe
[2023-06-05 23:53:07,350] 22 root - INFO - Reading data from database : aps and collection : sensor
[2023-06-05 23:53:11,036] 24 root - INFO - Found Columns :Index(['_id', 'class', 'aa_000', 'ab_000', 'ac_000', 'ad_000', 'ae_000',
       'af_000', 'ag_000', 'ag_001',
       ...
       'ee_002', 'ee_003', 'ee_004', 'ee_005', 'ee_006', 'ee_007', 'ee_008',
       'ee_009', 'ef_000', 'eg_000'],
      dtype='object', length=172)
[2023-06-05 23:53:11,036] 26 root - INFO - dropping column _id
[2023-06-05 23:53:11,228] 28 root - INFO - row and column in df : (36188, 172)
[2023-06-05 23:53:11,228] 28 root - INFO - Save data in feature store
[2023-06-05 23:53:12,578] 43 root - INFO - Create feature store folder if not available
[2023-06-05 23:53:12,578] 47 root - INFO - Save df to feature store folder
[2023-06-05 23:53:14,320] 52 root - INFO - split dataset into train and test set
[2023-06-05 23:53:14,625] 56 root - INFO - create dataset directory folder if not available
[2023-06-05 23:53:14,625] 61 root - INFO - Save df to feature store folder
[2023-06-05 23:53:16,494] 75 root - INFO - Data ingestion artifact: DataIngestionArtifact(feature_store_file_path='/config/workspace/artifact/060523___235307/data_ingestion/feature_store/sensor.csv', train_file_path='/config/workspace/artifact/060523___235307/data_ingestion/dataset/train.csv', test_file_path='/config/workspace/artifact/060523___235307/data_ingestion/dataset/test.csv')
[2023-06-05 23:53:16,879] 21 root - INFO - >>>>>>>>>>>>>>>>>>>>>>>>>>>>>>>>>>>>>>>> Data Validation <<<<<<<<<<<<<<<<<<<<<<<<<<<<<<<<<<<<<<<<
[2023-06-05 23:53:16,880] 110 root - INFO - Reading base dataframe
[2023-06-05 23:53:19,115] 113 root - INFO - Replace na value in base df
[2023-06-05 23:53:19,115] 115 root - INFO - Drop null values colums from base df
[2023-06-05 23:53:19,332] 44 root - INFO - selecting column name which contains null above to 0.7
[2023-06-05 23:53:19,332] 47 root - INFO - Columns to drop: ['ab_000', 'bn_000', 'bo_000', 'bp_000', 'bq_000', 'br_000', 'cr_000']
[2023-06-05 23:53:19,420] 118 root - INFO - Reading train dataframe
[2023-06-05 23:53:19,803] 120 root - INFO - Reading test dataframe
[2023-06-05 23:53:19,904] 123 root - INFO - Drop null values colums from train df
[2023-06-05 23:53:19,912] 44 root - INFO - selecting column name which contains null above to 0.7
[2023-06-05 23:53:19,913] 47 root - INFO - Columns to drop: ['ab_000', 'bn_000', 'bo_000', 'bp_000', 'bq_000', 'br_000', 'cr_000']
[2023-06-05 23:53:19,924] 125 root - INFO - Drop null values colums from test df
[2023-06-05 23:53:19,927] 44 root - INFO - selecting column name which contains null above to 0.7
[2023-06-05 23:53:19,928] 47 root - INFO - Columns to drop: ['ab_000', 'bn_000', 'bo_000', 'bp_000', 'bq_000', 'br_000', 'cr_000']
[2023-06-05 23:53:20,683] 134 root - INFO - Is all required columns present in train df
[2023-06-05 23:53:20,683] 136 root - INFO - Is all required columns present in test df
[2023-06-05 23:53:20,684] 140 root - INFO - As all column are available in train df hence detecting data drift
[2023-06-05 23:53:20,684] 88 root - INFO - Hypothesis class: object, object 
[2023-06-05 23:53:20,819] 88 root - INFO - Hypothesis aa_000: float64, int64 
[2023-06-05 23:53:20,829] 88 root - INFO - Hypothesis ac_000: float64, float64 
[2023-06-05 23:53:20,837] 88 root - INFO - Hypothesis ad_000: float64, float64 
[2023-06-05 23:53:20,844] 88 root - INFO - Hypothesis ae_000: float64, float64 
[2023-06-05 23:53:20,880] 88 root - INFO - Hypothesis af_000: float64, float64 
[2023-06-05 23:53:20,916] 88 root - INFO - Hypothesis ag_000: float64, float64 
[2023-06-05 23:53:20,951] 88 root - INFO - Hypothesis ag_001: float64, float64 
[2023-06-05 23:53:20,987] 88 root - INFO - Hypothesis ag_002: float64, float64 
[2023-06-05 23:53:21,023] 88 root - INFO - Hypothesis ag_003: float64, float64 
[2023-06-05 23:53:21,061] 88 root - INFO - Hypothesis ag_004: float64, float64 
[2023-06-05 23:53:21,071] 88 root - INFO - Hypothesis ag_005: float64, float64 
[2023-06-05 23:53:21,081] 88 root - INFO - Hypothesis ag_006: float64, float64 
[2023-06-05 23:53:21,091] 88 root - INFO - Hypothesis ag_007: float64, float64 
[2023-06-05 23:53:21,100] 88 root - INFO - Hypothesis ag_008: float64, float64 
[2023-06-05 23:53:21,109] 88 root - INFO - Hypothesis ag_009: float64, float64 
[2023-06-05 23:53:21,148] 88 root - INFO - Hypothesis ah_000: float64, float64 
[2023-06-05 23:53:21,159] 88 root - INFO - Hypothesis ai_000: float64, float64 
[2023-06-05 23:53:21,196] 88 root - INFO - Hypothesis aj_000: float64, float64 
[2023-06-05 23:53:21,201] 88 root - INFO - Hypothesis ak_000: float64, float64 
[2023-06-05 23:53:21,238] 88 root - INFO - Hypothesis al_000: float64, float64 
[2023-06-05 23:53:21,277] 88 root - INFO - Hypothesis am_0: float64, float64 
[2023-06-05 23:53:21,316] 88 root - INFO - Hypothesis an_000: float64, float64 
[2023-06-05 23:53:21,326] 88 root - INFO - Hypothesis ao_000: float64, float64 
[2023-06-05 23:53:21,336] 88 root - INFO - Hypothesis ap_000: float64, float64 
[2023-06-05 23:53:21,347] 88 root - INFO - Hypothesis aq_000: float64, float64 
[2023-06-05 23:53:21,357] 88 root - INFO - Hypothesis ar_000: float64, float64 
[2023-06-05 23:53:21,394] 88 root - INFO - Hypothesis as_000: float64, float64 
[2023-06-05 23:53:21,430] 88 root - INFO - Hypothesis at_000: float64, float64 
[2023-06-05 23:53:21,466] 88 root - INFO - Hypothesis au_000: float64, float64 
[2023-06-05 23:53:21,502] 88 root - INFO - Hypothesis av_000: float64, float64 
[2023-06-05 23:53:21,510] 88 root - INFO - Hypothesis ax_000: float64, float64 
[2023-06-05 23:53:21,518] 88 root - INFO - Hypothesis ay_000: float64, float64 
[2023-06-05 23:53:21,553] 88 root - INFO - Hypothesis ay_001: float64, float64 
[2023-06-05 23:53:21,589] 88 root - INFO - Hypothesis ay_002: float64, float64 
[2023-06-05 23:53:21,625] 88 root - INFO - Hypothesis ay_003: float64, float64 
[2023-06-05 23:53:21,660] 88 root - INFO - Hypothesis ay_004: float64, float64 
[2023-06-05 23:53:21,696] 88 root - INFO - Hypothesis ay_005: float64, float64 
[2023-06-05 23:53:21,703] 88 root - INFO - Hypothesis ay_006: float64, float64 
[2023-06-05 23:53:21,712] 88 root - INFO - Hypothesis ay_007: float64, float64 
[2023-06-05 23:53:21,722] 88 root - INFO - Hypothesis ay_008: float64, float64 
[2023-06-05 23:53:21,764] 88 root - INFO - Hypothesis ay_009: float64, float64 
[2023-06-05 23:53:21,800] 88 root - INFO - Hypothesis az_000: float64, float64 
[2023-06-05 23:53:21,810] 88 root - INFO - Hypothesis az_001: float64, float64 
[2023-06-05 23:53:21,819] 88 root - INFO - Hypothesis az_002: float64, float64 
[2023-06-05 23:53:21,828] 88 root - INFO - Hypothesis az_003: float64, float64 
[2023-06-05 23:53:21,838] 88 root - INFO - Hypothesis az_004: float64, float64 
[2023-06-05 23:53:21,848] 88 root - INFO - Hypothesis az_005: float64, float64 
[2023-06-05 23:53:21,859] 88 root - INFO - Hypothesis az_006: float64, float64 
[2023-06-05 23:53:21,900] 88 root - INFO - Hypothesis az_007: float64, float64 
[2023-06-05 23:53:21,906] 88 root - INFO - Hypothesis az_008: float64, float64 
[2023-06-05 23:53:21,942] 88 root - INFO - Hypothesis az_009: float64, float64 
[2023-06-05 23:53:21,980] 88 root - INFO - Hypothesis ba_000: float64, float64 
[2023-06-05 23:53:21,991] 88 root - INFO - Hypothesis ba_001: float64, float64 
[2023-06-05 23:53:22,002] 88 root - INFO - Hypothesis ba_002: float64, float64 
[2023-06-05 23:53:22,015] 88 root - INFO - Hypothesis ba_003: float64, float64 
[2023-06-05 23:53:22,026] 88 root - INFO - Hypothesis ba_004: float64, float64 
[2023-06-05 23:53:22,036] 88 root - INFO - Hypothesis ba_005: float64, float64 
[2023-06-05 23:53:22,045] 88 root - INFO - Hypothesis ba_006: float64, float64 
[2023-06-05 23:53:22,055] 88 root - INFO - Hypothesis ba_007: float64, float64 
[2023-06-05 23:53:22,064] 88 root - INFO - Hypothesis ba_008: float64, float64 
[2023-06-05 23:53:22,072] 88 root - INFO - Hypothesis ba_009: float64, float64 
[2023-06-05 23:53:22,110] 88 root - INFO - Hypothesis bb_000: float64, float64 
[2023-06-05 23:53:22,120] 88 root - INFO - Hypothesis bc_000: float64, float64 
[2023-06-05 23:53:22,128] 88 root - INFO - Hypothesis bd_000: float64, float64 
[2023-06-05 23:53:22,136] 88 root - INFO - Hypothesis be_000: float64, float64 
[2023-06-05 23:53:22,144] 88 root - INFO - Hypothesis bf_000: float64, float64 
[2023-06-05 23:53:22,183] 88 root - INFO - Hypothesis bg_000: float64, float64 
[2023-06-05 23:53:22,194] 88 root - INFO - Hypothesis bh_000: float64, float64 
[2023-06-05 23:53:22,204] 88 root - INFO - Hypothesis bi_000: float64, float64 
[2023-06-05 23:53:22,214] 88 root - INFO - Hypothesis bj_000: float64, float64 
[2023-06-05 23:53:22,225] 88 root - INFO - Hypothesis bk_000: float64, float64 
[2023-06-05 23:53:22,265] 88 root - INFO - Hypothesis bl_000: float64, float64 
[2023-06-05 23:53:22,273] 88 root - INFO - Hypothesis bm_000: float64, float64 
[2023-06-05 23:53:22,310] 88 root - INFO - Hypothesis bs_000: float64, float64 
[2023-06-05 23:53:22,321] 88 root - INFO - Hypothesis bt_000: float64, float64 
[2023-06-05 23:53:22,331] 88 root - INFO - Hypothesis bu_000: float64, float64 
[2023-06-05 23:53:22,341] 88 root - INFO - Hypothesis bv_000: float64, float64 
[2023-06-05 23:53:22,351] 88 root - INFO - Hypothesis bx_000: float64, float64 
[2023-06-05 23:53:22,361] 88 root - INFO - Hypothesis by_000: float64, float64 
[2023-06-05 23:53:22,371] 88 root - INFO - Hypothesis bz_000: float64, float64 
[2023-06-05 23:53:22,380] 88 root - INFO - Hypothesis ca_000: float64, float64 
[2023-06-05 23:53:22,391] 88 root - INFO - Hypothesis cb_000: float64, float64 
[2023-06-05 23:53:22,402] 88 root - INFO - Hypothesis cc_000: float64, float64 
[2023-06-05 23:53:22,412] 88 root - INFO - Hypothesis cd_000: float64, float64 
[2023-06-05 23:53:22,448] 88 root - INFO - Hypothesis ce_000: float64, float64 
[2023-06-05 23:53:22,457] 88 root - INFO - Hypothesis cf_000: float64, float64 
[2023-06-05 23:53:22,463] 88 root - INFO - Hypothesis cg_000: float64, float64 
[2023-06-05 23:53:22,470] 88 root - INFO - Hypothesis ch_000: float64, float64 
[2023-06-05 23:53:22,475] 88 root - INFO - Hypothesis ci_000: float64, float64 
[2023-06-05 23:53:22,485] 88 root - INFO - Hypothesis cj_000: float64, float64 
[2023-06-05 23:53:22,523] 88 root - INFO - Hypothesis ck_000: float64, float64 
[2023-06-05 23:53:22,534] 88 root - INFO - Hypothesis cl_000: float64, float64 
[2023-06-05 23:53:22,571] 88 root - INFO - Hypothesis cm_000: float64, float64 
[2023-06-05 23:53:22,611] 88 root - INFO - Hypothesis cn_000: float64, float64 
[2023-06-05 23:53:22,647] 88 root - INFO - Hypothesis cn_001: float64, float64 
[2023-06-05 23:53:22,684] 88 root - INFO - Hypothesis cn_002: float64, float64 
[2023-06-05 23:53:22,724] 88 root - INFO - Hypothesis cn_003: float64, float64 
[2023-06-05 23:53:22,735] 88 root - INFO - Hypothesis cn_004: float64, float64 
[2023-06-05 23:53:22,745] 88 root - INFO - Hypothesis cn_005: float64, float64 
[2023-06-05 23:53:22,756] 88 root - INFO - Hypothesis cn_006: float64, float64 
[2023-06-05 23:53:22,765] 88 root - INFO - Hypothesis cn_007: float64, float64 
[2023-06-05 23:53:22,775] 88 root - INFO - Hypothesis cn_008: float64, float64 
[2023-06-05 23:53:22,784] 88 root - INFO - Hypothesis cn_009: float64, float64 
[2023-06-05 23:53:22,824] 88 root - INFO - Hypothesis co_000: float64, float64 
[2023-06-05 23:53:22,831] 88 root - INFO - Hypothesis cp_000: float64, float64 
[2023-06-05 23:53:22,839] 88 root - INFO - Hypothesis cq_000: float64, float64 
[2023-06-05 23:53:22,849] 88 root - INFO - Hypothesis cs_000: float64, float64 
[2023-06-05 23:53:22,859] 88 root - INFO - Hypothesis cs_001: float64, float64 
[2023-06-05 23:53:22,867] 88 root - INFO - Hypothesis cs_002: float64, float64 
[2023-06-05 23:53:22,877] 88 root - INFO - Hypothesis cs_003: float64, float64 
[2023-06-05 23:53:22,887] 88 root - INFO - Hypothesis cs_004: float64, float64 
[2023-06-05 23:53:22,898] 88 root - INFO - Hypothesis cs_005: float64, float64 
[2023-06-05 23:53:22,908] 88 root - INFO - Hypothesis cs_006: float64, float64 
[2023-06-05 23:53:22,918] 88 root - INFO - Hypothesis cs_007: float64, float64 
[2023-06-05 23:53:22,929] 88 root - INFO - Hypothesis cs_008: float64, float64 
[2023-06-05 23:53:22,936] 88 root - INFO - Hypothesis cs_009: float64, float64 
[2023-06-05 23:53:22,974] 88 root - INFO - Hypothesis ct_000: float64, float64 
[2023-06-05 23:53:22,982] 88 root - INFO - Hypothesis cu_000: float64, float64 
[2023-06-05 23:53:22,990] 88 root - INFO - Hypothesis cv_000: float64, float64 
[2023-06-05 23:53:23,000] 88 root - INFO - Hypothesis cx_000: float64, float64 
[2023-06-05 23:53:23,009] 88 root - INFO - Hypothesis cy_000: float64, float64 
[2023-06-05 23:53:23,015] 88 root - INFO - Hypothesis cz_000: float64, float64 
[2023-06-05 23:53:23,023] 88 root - INFO - Hypothesis da_000: float64, float64 
[2023-06-05 23:53:23,028] 88 root - INFO - Hypothesis db_000: float64, float64 
[2023-06-05 23:53:23,034] 88 root - INFO - Hypothesis dc_000: float64, float64 
[2023-06-05 23:53:23,043] 88 root - INFO - Hypothesis dd_000: float64, float64 
[2023-06-05 23:53:23,052] 88 root - INFO - Hypothesis de_000: float64, float64 
[2023-06-05 23:53:23,094] 88 root - INFO - Hypothesis df_000: float64, float64 
[2023-06-05 23:53:23,130] 88 root - INFO - Hypothesis dg_000: float64, float64 
[2023-06-05 23:53:23,167] 88 root - INFO - Hypothesis dh_000: float64, float64 
[2023-06-05 23:53:23,204] 88 root - INFO - Hypothesis di_000: float64, float64 
[2023-06-05 23:53:23,242] 88 root - INFO - Hypothesis dj_000: float64, float64 
[2023-06-05 23:53:23,279] 88 root - INFO - Hypothesis dk_000: float64, float64 
[2023-06-05 23:53:23,316] 88 root - INFO - Hypothesis dl_000: float64, float64 
[2023-06-05 23:53:23,352] 88 root - INFO - Hypothesis dm_000: float64, float64 
[2023-06-05 23:53:23,389] 88 root - INFO - Hypothesis dn_000: float64, float64 
[2023-06-05 23:53:23,399] 88 root - INFO - Hypothesis do_000: float64, float64 
[2023-06-05 23:53:23,408] 88 root - INFO - Hypothesis dp_000: float64, float64 
[2023-06-05 23:53:23,418] 88 root - INFO - Hypothesis dq_000: float64, float64 
[2023-06-05 23:53:23,455] 88 root - INFO - Hypothesis dr_000: float64, float64 
[2023-06-05 23:53:23,494] 88 root - INFO - Hypothesis ds_000: float64, float64 
[2023-06-05 23:53:23,504] 88 root - INFO - Hypothesis dt_000: float64, float64 
[2023-06-05 23:53:23,513] 88 root - INFO - Hypothesis du_000: float64, float64 
[2023-06-05 23:53:23,556] 88 root - INFO - Hypothesis dv_000: float64, float64 
[2023-06-05 23:53:23,597] 88 root - INFO - Hypothesis dx_000: float64, float64 
[2023-06-05 23:53:23,637] 88 root - INFO - Hypothesis dy_000: float64, float64 
[2023-06-05 23:53:23,643] 88 root - INFO - Hypothesis dz_000: float64, float64 
[2023-06-05 23:53:23,679] 88 root - INFO - Hypothesis ea_000: float64, float64 
[2023-06-05 23:53:23,715] 88 root - INFO - Hypothesis eb_000: float64, float64 
[2023-06-05 23:53:23,723] 88 root - INFO - Hypothesis ec_00: float64, float64 
[2023-06-05 23:53:23,733] 88 root - INFO - Hypothesis ed_000: float64, float64 
[2023-06-05 23:53:23,742] 88 root - INFO - Hypothesis ee_000: float64, float64 
[2023-06-05 23:53:23,752] 88 root - INFO - Hypothesis ee_001: float64, float64 
[2023-06-05 23:53:23,763] 88 root - INFO - Hypothesis ee_002: float64, float64 
[2023-06-05 23:53:23,773] 88 root - INFO - Hypothesis ee_003: float64, float64 
[2023-06-05 23:53:23,783] 88 root - INFO - Hypothesis ee_004: float64, float64 
[2023-06-05 23:53:23,793] 88 root - INFO - Hypothesis ee_005: float64, float64 
[2023-06-05 23:53:23,803] 88 root - INFO - Hypothesis ee_006: float64, float64 
[2023-06-05 23:53:23,813] 88 root - INFO - Hypothesis ee_007: float64, float64 
[2023-06-05 23:53:23,822] 88 root - INFO - Hypothesis ee_008: float64, float64 
[2023-06-05 23:53:23,831] 88 root - INFO - Hypothesis ee_009: float64, float64 
[2023-06-05 23:53:23,871] 88 root - INFO - Hypothesis ef_000: float64, float64 
[2023-06-05 23:53:23,906] 88 root - INFO - Hypothesis eg_000: float64, float64 
[2023-06-05 23:53:23,942] 143 root - INFO - As all column are available in test df hence detecting data drift
[2023-06-05 23:53:23,942] 88 root - INFO - Hypothesis class: object, object 
[2023-06-05 23:53:24,018] 88 root - INFO - Hypothesis aa_000: float64, int64 
[2023-06-05 23:53:24,025] 88 root - INFO - Hypothesis ac_000: float64, float64 
[2023-06-05 23:53:24,030] 88 root - INFO - Hypothesis ad_000: float64, float64 
[2023-06-05 23:53:24,035] 88 root - INFO - Hypothesis ae_000: float64, float64 
[2023-06-05 23:53:24,051] 88 root - INFO - Hypothesis af_000: float64, float64 
[2023-06-05 23:53:24,066] 88 root - INFO - Hypothesis ag_000: float64, float64 
[2023-06-05 23:53:24,081] 88 root - INFO - Hypothesis ag_001: float64, float64 
[2023-06-05 23:53:24,096] 88 root - INFO - Hypothesis ag_002: float64, float64 
[2023-06-05 23:53:24,111] 88 root - INFO - Hypothesis ag_003: float64, float64 
[2023-06-05 23:53:24,127] 88 root - INFO - Hypothesis ag_004: float64, float64 
[2023-06-05 23:53:24,134] 88 root - INFO - Hypothesis ag_005: float64, float64 
[2023-06-05 23:53:24,141] 88 root - INFO - Hypothesis ag_006: float64, float64 
[2023-06-05 23:53:24,148] 88 root - INFO - Hypothesis ag_007: float64, float64 
[2023-06-05 23:53:24,154] 88 root - INFO - Hypothesis ag_008: float64, float64 
[2023-06-05 23:53:24,159] 88 root - INFO - Hypothesis ag_009: float64, float64 
[2023-06-05 23:53:24,164] 88 root - INFO - Hypothesis ah_000: float64, float64 
[2023-06-05 23:53:24,171] 88 root - INFO - Hypothesis ai_000: float64, float64 
[2023-06-05 23:53:24,174] 88 root - INFO - Hypothesis aj_000: float64, float64 
[2023-06-05 23:53:24,178] 88 root - INFO - Hypothesis ak_000: float64, float64 
[2023-06-05 23:53:24,181] 88 root - INFO - Hypothesis al_000: float64, float64 
[2023-06-05 23:53:24,186] 88 root - INFO - Hypothesis am_0: float64, float64 
[2023-06-05 23:53:24,191] 88 root - INFO - Hypothesis an_000: float64, float64 
[2023-06-05 23:53:24,198] 88 root - INFO - Hypothesis ao_000: float64, float64 
[2023-06-05 23:53:24,205] 88 root - INFO - Hypothesis ap_000: float64, float64 
[2023-06-05 23:53:24,212] 88 root - INFO - Hypothesis aq_000: float64, float64 
[2023-06-05 23:53:24,221] 88 root - INFO - Hypothesis ar_000: float64, float64 
[2023-06-05 23:53:24,237] 88 root - INFO - Hypothesis as_000: float64, float64 
[2023-06-05 23:53:24,252] 88 root - INFO - Hypothesis at_000: float64, float64 
[2023-06-05 23:53:24,267] 88 root - INFO - Hypothesis au_000: float64, float64 
[2023-06-05 23:53:24,282] 88 root - INFO - Hypothesis av_000: float64, float64 
[2023-06-05 23:53:24,288] 88 root - INFO - Hypothesis ax_000: float64, float64 
[2023-06-05 23:53:24,293] 88 root - INFO - Hypothesis ay_000: float64, float64 
[2023-06-05 23:53:24,308] 88 root - INFO - Hypothesis ay_001: float64, float64 
[2023-06-05 23:53:24,323] 88 root - INFO - Hypothesis ay_002: float64, float64 
[2023-06-05 23:53:24,338] 88 root - INFO - Hypothesis ay_003: float64, float64 
[2023-06-05 23:53:24,353] 88 root - INFO - Hypothesis ay_004: float64, float64 
[2023-06-05 23:53:24,368] 88 root - INFO - Hypothesis ay_005: float64, float64 
[2023-06-05 23:53:24,374] 88 root - INFO - Hypothesis ay_006: float64, float64 
[2023-06-05 23:53:24,380] 88 root - INFO - Hypothesis ay_007: float64, float64 
[2023-06-05 23:53:24,386] 88 root - INFO - Hypothesis ay_008: float64, float64 
[2023-06-05 23:53:24,393] 88 root - INFO - Hypothesis ay_009: float64, float64 
[2023-06-05 23:53:24,408] 88 root - INFO - Hypothesis az_000: float64, float64 
[2023-06-05 23:53:24,415] 88 root - INFO - Hypothesis az_001: float64, float64 
[2023-06-05 23:53:24,421] 88 root - INFO - Hypothesis az_002: float64, float64 
[2023-06-05 23:53:24,427] 88 root - INFO - Hypothesis az_003: float64, float64 
[2023-06-05 23:53:24,434] 88 root - INFO - Hypothesis az_004: float64, float64 
[2023-06-05 23:53:24,441] 88 root - INFO - Hypothesis az_005: float64, float64 
[2023-06-05 23:53:24,448] 88 root - INFO - Hypothesis az_006: float64, float64 
[2023-06-05 23:53:24,454] 88 root - INFO - Hypothesis az_007: float64, float64 
[2023-06-05 23:53:24,458] 88 root - INFO - Hypothesis az_008: float64, float64 
[2023-06-05 23:53:24,474] 88 root - INFO - Hypothesis az_009: float64, float64 
[2023-06-05 23:53:24,489] 88 root - INFO - Hypothesis ba_000: float64, float64 
[2023-06-05 23:53:24,496] 88 root - INFO - Hypothesis ba_001: float64, float64 
[2023-06-05 23:53:24,503] 88 root - INFO - Hypothesis ba_002: float64, float64 
[2023-06-05 23:53:24,510] 88 root - INFO - Hypothesis ba_003: float64, float64 
[2023-06-05 23:53:24,517] 88 root - INFO - Hypothesis ba_004: float64, float64 
[2023-06-05 23:53:24,523] 88 root - INFO - Hypothesis ba_005: float64, float64 
[2023-06-05 23:53:24,530] 88 root - INFO - Hypothesis ba_006: float64, float64 
[2023-06-05 23:53:24,537] 88 root - INFO - Hypothesis ba_007: float64, float64 
[2023-06-05 23:53:24,543] 88 root - INFO - Hypothesis ba_008: float64, float64 
[2023-06-05 23:53:24,549] 88 root - INFO - Hypothesis ba_009: float64, float64 
[2023-06-05 23:53:24,553] 88 root - INFO - Hypothesis bb_000: float64, float64 
[2023-06-05 23:53:24,560] 88 root - INFO - Hypothesis bc_000: float64, float64 
[2023-06-05 23:53:24,565] 88 root - INFO - Hypothesis bd_000: float64, float64 
[2023-06-05 23:53:24,571] 88 root - INFO - Hypothesis be_000: float64, float64 
[2023-06-05 23:53:24,577] 88 root - INFO - Hypothesis bf_000: float64, float64 
[2023-06-05 23:53:24,581] 88 root - INFO - Hypothesis bg_000: float64, float64 
[2023-06-05 23:53:24,588] 88 root - INFO - Hypothesis bh_000: float64, float64 
[2023-06-05 23:53:24,595] 88 root - INFO - Hypothesis bi_000: float64, float64 
[2023-06-05 23:53:24,602] 88 root - INFO - Hypothesis bj_000: float64, float64 
[2023-06-05 23:53:24,609] 88 root - INFO - Hypothesis bk_000: float64, float64 
[2023-06-05 23:53:24,615] 88 root - INFO - Hypothesis bl_000: float64, float64 
[2023-06-05 23:53:24,620] 88 root - INFO - Hypothesis bm_000: float64, float64 
[2023-06-05 23:53:24,637] 88 root - INFO - Hypothesis bs_000: float64, float64 
[2023-06-05 23:53:24,644] 88 root - INFO - Hypothesis bt_000: float64, float64 
[2023-06-05 23:53:24,651] 88 root - INFO - Hypothesis bu_000: float64, float64 
[2023-06-05 23:53:24,658] 88 root - INFO - Hypothesis bv_000: float64, float64 
[2023-06-05 23:53:24,664] 88 root - INFO - Hypothesis bx_000: float64, float64 
[2023-06-05 23:53:24,671] 88 root - INFO - Hypothesis by_000: float64, float64 
[2023-06-05 23:53:24,678] 88 root - INFO - Hypothesis bz_000: float64, float64 
[2023-06-05 23:53:24,684] 88 root - INFO - Hypothesis ca_000: float64, float64 
[2023-06-05 23:53:24,691] 88 root - INFO - Hypothesis cb_000: float64, float64 
[2023-06-05 23:53:24,698] 88 root - INFO - Hypothesis cc_000: float64, float64 
[2023-06-05 23:53:24,705] 88 root - INFO - Hypothesis cd_000: float64, float64 
[2023-06-05 23:53:24,720] 88 root - INFO - Hypothesis ce_000: float64, float64 
[2023-06-05 23:53:24,726] 88 root - INFO - Hypothesis cf_000: float64, float64 
[2023-06-05 23:53:24,730] 88 root - INFO - Hypothesis cg_000: float64, float64 
[2023-06-05 23:53:24,735] 88 root - INFO - Hypothesis ch_000: float64, float64 
[2023-06-05 23:53:24,739] 88 root - INFO - Hypothesis ci_000: float64, float64 
[2023-06-05 23:53:24,746] 88 root - INFO - Hypothesis cj_000: float64, float64 
[2023-06-05 23:53:24,750] 88 root - INFO - Hypothesis ck_000: float64, float64 
[2023-06-05 23:53:24,757] 88 root - INFO - Hypothesis cl_000: float64, float64 
[2023-06-05 23:53:24,761] 88 root - INFO - Hypothesis cm_000: float64, float64 
[2023-06-05 23:53:24,766] 88 root - INFO - Hypothesis cn_000: float64, float64 
[2023-06-05 23:53:24,781] 88 root - INFO - Hypothesis cn_001: float64, float64 
[2023-06-05 23:53:24,797] 88 root - INFO - Hypothesis cn_002: float64, float64 
[2023-06-05 23:53:24,803] 88 root - INFO - Hypothesis cn_003: float64, float64 
[2023-06-05 23:53:24,810] 88 root - INFO - Hypothesis cn_004: float64, float64 
[2023-06-05 23:53:24,817] 88 root - INFO - Hypothesis cn_005: float64, float64 
[2023-06-05 23:53:24,824] 88 root - INFO - Hypothesis cn_006: float64, float64 
[2023-06-05 23:53:24,830] 88 root - INFO - Hypothesis cn_007: float64, float64 
[2023-06-05 23:53:24,837] 88 root - INFO - Hypothesis cn_008: float64, float64 
[2023-06-05 23:53:24,843] 88 root - INFO - Hypothesis cn_009: float64, float64 
[2023-06-05 23:53:24,848] 88 root - INFO - Hypothesis co_000: float64, float64 
[2023-06-05 23:53:24,852] 88 root - INFO - Hypothesis cp_000: float64, float64 
[2023-06-05 23:53:24,858] 88 root - INFO - Hypothesis cq_000: float64, float64 
[2023-06-05 23:53:24,865] 88 root - INFO - Hypothesis cs_000: float64, float64 
[2023-06-05 23:53:24,871] 88 root - INFO - Hypothesis cs_001: float64, float64 
[2023-06-05 23:53:24,877] 88 root - INFO - Hypothesis cs_002: float64, float64 
[2023-06-05 23:53:24,884] 88 root - INFO - Hypothesis cs_003: float64, float64 
[2023-06-05 23:53:24,891] 88 root - INFO - Hypothesis cs_004: float64, float64 
[2023-06-05 23:53:24,897] 88 root - INFO - Hypothesis cs_005: float64, float64 
[2023-06-05 23:53:24,904] 88 root - INFO - Hypothesis cs_006: float64, float64 
[2023-06-05 23:53:24,912] 88 root - INFO - Hypothesis cs_007: float64, float64 
[2023-06-05 23:53:24,918] 88 root - INFO - Hypothesis cs_008: float64, float64 
[2023-06-05 23:53:24,923] 88 root - INFO - Hypothesis cs_009: float64, float64 
[2023-06-05 23:53:24,939] 88 root - INFO - Hypothesis ct_000: float64, float64 
[2023-06-05 23:53:24,944] 88 root - INFO - Hypothesis cu_000: float64, float64 
[2023-06-05 23:53:24,950] 88 root - INFO - Hypothesis cv_000: float64, float64 
[2023-06-05 23:53:24,956] 88 root - INFO - Hypothesis cx_000: float64, float64 
[2023-06-05 23:53:24,962] 88 root - INFO - Hypothesis cy_000: float64, float64 
[2023-06-05 23:53:24,966] 88 root - INFO - Hypothesis cz_000: float64, float64 
[2023-06-05 23:53:24,972] 88 root - INFO - Hypothesis da_000: float64, float64 
[2023-06-05 23:53:24,975] 88 root - INFO - Hypothesis db_000: float64, float64 
[2023-06-05 23:53:24,980] 88 root - INFO - Hypothesis dc_000: float64, float64 
[2023-06-05 23:53:24,986] 88 root - INFO - Hypothesis dd_000: float64, float64 
[2023-06-05 23:53:24,993] 88 root - INFO - Hypothesis de_000: float64, float64 
[2023-06-05 23:53:24,999] 88 root - INFO - Hypothesis df_000: float64, float64 
[2023-06-05 23:53:25,002] 88 root - INFO - Hypothesis dg_000: float64, float64 
[2023-06-05 23:53:25,005] 88 root - INFO - Hypothesis dh_000: float64, float64 
[2023-06-05 23:53:25,009] 88 root - INFO - Hypothesis di_000: float64, float64 
[2023-06-05 23:53:25,013] 88 root - INFO - Hypothesis dj_000: float64, float64 
[2023-06-05 23:53:25,016] 88 root - INFO - Hypothesis dk_000: float64, float64 
[2023-06-05 23:53:25,019] 88 root - INFO - Hypothesis dl_000: float64, float64 
[2023-06-05 23:53:25,022] 88 root - INFO - Hypothesis dm_000: float64, float64 
[2023-06-05 23:53:25,026] 88 root - INFO - Hypothesis dn_000: float64, float64 
[2023-06-05 23:53:25,032] 88 root - INFO - Hypothesis do_000: float64, float64 
[2023-06-05 23:53:25,039] 88 root - INFO - Hypothesis dp_000: float64, float64 
[2023-06-05 23:53:25,045] 88 root - INFO - Hypothesis dq_000: float64, float64 
[2023-06-05 23:53:25,049] 88 root - INFO - Hypothesis dr_000: float64, float64 
[2023-06-05 23:53:25,053] 88 root - INFO - Hypothesis ds_000: float64, float64 
[2023-06-05 23:53:25,060] 88 root - INFO - Hypothesis dt_000: float64, float64 
[2023-06-05 23:53:25,067] 88 root - INFO - Hypothesis du_000: float64, float64 
[2023-06-05 23:53:25,074] 88 root - INFO - Hypothesis dv_000: float64, float64 
[2023-06-05 23:53:25,080] 88 root - INFO - Hypothesis dx_000: float64, float64 
[2023-06-05 23:53:25,085] 88 root - INFO - Hypothesis dy_000: float64, float64 
[2023-06-05 23:53:25,090] 88 root - INFO - Hypothesis dz_000: float64, float64 
[2023-06-05 23:53:25,105] 88 root - INFO - Hypothesis ea_000: float64, float64 
[2023-06-05 23:53:25,120] 88 root - INFO - Hypothesis eb_000: float64, float64 
[2023-06-05 23:53:25,126] 88 root - INFO - Hypothesis ec_00: float64, float64 
[2023-06-05 23:53:25,132] 88 root - INFO - Hypothesis ed_000: float64, float64 
[2023-06-05 23:53:25,138] 88 root - INFO - Hypothesis ee_000: float64, float64 
[2023-06-05 23:53:25,145] 88 root - INFO - Hypothesis ee_001: float64, float64 
[2023-06-05 23:53:25,152] 88 root - INFO - Hypothesis ee_002: float64, float64 
[2023-06-05 23:53:25,159] 88 root - INFO - Hypothesis ee_003: float64, float64 
[2023-06-05 23:53:25,166] 88 root - INFO - Hypothesis ee_004: float64, float64 
[2023-06-05 23:53:25,174] 88 root - INFO - Hypothesis ee_005: float64, float64 
[2023-06-05 23:53:25,180] 88 root - INFO - Hypothesis ee_006: float64, float64 
[2023-06-05 23:53:25,187] 88 root - INFO - Hypothesis ee_007: float64, float64 
[2023-06-05 23:53:25,194] 88 root - INFO - Hypothesis ee_008: float64, float64 
[2023-06-05 23:53:25,200] 88 root - INFO - Hypothesis ee_009: float64, float64 
[2023-06-05 23:53:25,205] 88 root - INFO - Hypothesis ef_000: float64, float64 
[2023-06-05 23:53:25,220] 88 root - INFO - Hypothesis eg_000: float64, float64 
[2023-06-05 23:53:25,235] 147 root - INFO - Write reprt in yaml file
[2023-06-05 23:53:25,310] 152 root - INFO - Data validation artifact: DataValidationArtifact(report_file_path='/config/workspace/artifact/060523___235307/data_validation/report.yaml')
