[2023-06-06 00:01:59,359] 22 root - INFO - Exporting collection data as pandas dataframe
[2023-06-06 00:01:59,359] 22 root - INFO - Reading data from database : aps and collection : sensor
[2023-06-06 00:02:02,746] 24 root - INFO - Found Columns :Index(['_id', 'class', 'aa_000', 'ab_000', 'ac_000', 'ad_000', 'ae_000',
       'af_000', 'ag_000', 'ag_001',
       ...
       'ee_002', 'ee_003', 'ee_004', 'ee_005', 'ee_006', 'ee_007', 'ee_008',
       'ee_009', 'ef_000', 'eg_000'],
      dtype='object', length=172)
[2023-06-06 00:02:02,747] 26 root - INFO - dropping column _id
[2023-06-06 00:02:02,936] 28 root - INFO - row and column in df : (36188, 172)
[2023-06-06 00:02:02,936] 28 root - INFO - Save data in feature store
[2023-06-06 00:02:04,292] 35 root - INFO - dropping column _id
[2023-06-06 00:02:04,543] 37 root - INFO - row and column in df : (36188, 172)
[2023-06-06 00:02:04,543] 21 root - INFO - >>>>>>>>>>>>>>>>>>>>>>>>>>>>>>>>>>>>>>>> Data Validation <<<<<<<<<<<<<<<<<<<<<<<<<<<<<<<<<<<<<<<<
[2023-06-06 00:02:04,543] 110 root - INFO - Reading base dataframe
[2023-06-06 00:02:06,850] 113 root - INFO - Replace na value in base df
[2023-06-06 00:02:06,850] 115 root - INFO - Drop null values colums from base df
[2023-06-06 00:02:07,082] 44 root - INFO - selecting column name which contains null above to 0.7
[2023-06-06 00:02:07,083] 47 root - INFO - Columns to drop: ['ab_000', 'bn_000', 'bo_000', 'bp_000', 'bq_000', 'br_000', 'cr_000']
[2023-06-06 00:02:07,187] 118 root - INFO - Reading train dataframe
